<?xml version="1.0" encoding="UTF-8"?>
<coverage generated="1759162526041" clover="3.2.0">
  <project timestamp="1759162526041" name="All files">
    <metrics statements="638" coveredstatements="352" conditionals="667" coveredconditionals="304" methods="57" coveredmethods="37" elements="1362" coveredelements="693" complexity="0" loc="638" ncloc="638" packages="2" files="5" classes="5"/>
    <package name="render">
      <metrics statements="527" coveredstatements="282" conditionals="561" coveredconditionals="252" methods="37" coveredmethods="21"/>
      <file name="index.js" path="C:\Users\sannepu\python vibe coding\js\render\index.js">
        <metrics statements="527" coveredstatements="282" conditionals="561" coveredconditionals="252" methods="37" coveredmethods="21"/>
        <line num="8" count="1" type="stmt"/>
        <line num="15" count="1" type="stmt"/>
        <line num="25" count="4" type="cond" truecount="1" falsecount="1"/>
        <line num="26" count="4" type="stmt"/>
        <line num="27" count="4" type="stmt"/>
        <line num="28" count="4" type="cond" truecount="5" falsecount="0"/>
        <line num="29" count="2" type="stmt"/>
        <line num="31" count="2" type="stmt"/>
        <line num="32" count="2" type="stmt"/>
        <line num="36" count="6" type="stmt"/>
        <line num="39" count="17" type="stmt"/>
        <line num="40" count="17" type="cond" truecount="1" falsecount="1"/>
        <line num="41" count="0" type="stmt"/>
        <line num="43" count="17" type="cond" truecount="1" falsecount="1"/>
        <line num="50" count="14" type="cond" truecount="5" falsecount="0"/>
        <line num="51" count="13" type="stmt"/>
        <line num="53" count="1" type="cond" truecount="1" falsecount="1"/>
        <line num="54" count="1" type="stmt"/>
        <line num="56" count="0" type="cond" truecount="0" falsecount="2"/>
        <line num="57" count="0" type="stmt"/>
        <line num="58" count="0" type="cond" truecount="0" falsecount="2"/>
        <line num="59" count="0" type="stmt"/>
        <line num="61" count="0" type="stmt"/>
        <line num="62" count="0" type="cond" truecount="0" falsecount="4"/>
        <line num="63" count="0" type="stmt"/>
        <line num="65" count="0" type="stmt"/>
        <line num="67" count="0" type="stmt"/>
        <line num="71" count="2" type="cond" truecount="1" falsecount="1"/>
        <line num="75" count="2" type="cond" truecount="1" falsecount="1"/>
        <line num="78" count="1" type="stmt"/>
        <line num="79" count="4" type="cond" truecount="3" falsecount="1"/>
        <line num="81" count="0" type="stmt"/>
        <line num="83" count="2" type="stmt"/>
        <line num="85" count="1" type="stmt"/>
        <line num="87" count="1" type="stmt"/>
        <line num="97" count="0" type="stmt"/>
        <line num="98" count="0" type="cond" truecount="0" falsecount="6"/>
        <line num="99" count="0" type="stmt"/>
        <line num="115" count="0" type="stmt"/>
        <line num="116" count="0" type="stmt"/>
        <line num="117" count="0" type="stmt"/>
        <line num="129" count="3" type="stmt"/>
        <line num="131" count="3" type="stmt"/>
        <line num="132" count="1" type="stmt"/>
        <line num="133" count="1" type="stmt"/>
        <line num="135" count="3" type="stmt"/>
        <line num="145" count="4" type="cond" truecount="3" falsecount="1"/>
        <line num="146" count="4" type="cond" truecount="0" falsecount="1"/>
        <line num="147" count="4" type="stmt"/>
        <line num="148" count="4" type="cond" truecount="1" falsecount="1"/>
        <line num="149" count="4" type="cond" truecount="2" falsecount="7"/>
        <line num="151" count="0" type="stmt"/>
        <line num="153" count="3" type="stmt"/>
        <line num="155" count="0" type="stmt"/>
        <line num="157" count="0" type="stmt"/>
        <line num="159" count="0" type="stmt"/>
        <line num="161" count="0" type="stmt"/>
        <line num="163" count="0" type="stmt"/>
        <line num="165" count="0" type="stmt"/>
        <line num="167" count="1" type="stmt"/>
        <line num="181" count="0" type="cond" truecount="0" falsecount="2"/>
        <line num="182" count="0" type="stmt"/>
        <line num="183" count="0" type="stmt"/>
        <line num="184" count="0" type="stmt"/>
        <line num="185" count="0" type="stmt"/>
        <line num="186" count="0" type="stmt"/>
        <line num="187" count="0" type="cond" truecount="0" falsecount="4"/>
        <line num="188" count="0" type="stmt"/>
        <line num="189" count="0" type="stmt"/>
        <line num="190" count="0" type="stmt"/>
        <line num="192" count="0" type="stmt"/>
        <line num="202" count="0" type="stmt"/>
        <line num="206" count="0" type="cond" truecount="0" falsecount="2"/>
        <line num="207" count="0" type="stmt"/>
        <line num="208" count="0" type="stmt"/>
        <line num="209" count="0" type="stmt"/>
        <line num="210" count="0" type="stmt"/>
        <line num="216" count="0" type="stmt"/>
        <line num="229" count="0" type="cond" truecount="0" falsecount="2"/>
        <line num="230" count="0" type="stmt"/>
        <line num="231" count="0" type="stmt"/>
        <line num="232" count="0" type="cond" truecount="0" falsecount="2"/>
        <line num="233" count="0" type="stmt"/>
        <line num="234" count="0" type="stmt"/>
        <line num="235" count="0" type="cond" truecount="0" falsecount="2"/>
        <line num="236" count="0" type="stmt"/>
        <line num="238" count="0" type="stmt"/>
        <line num="239" count="0" type="stmt"/>
        <line num="246" count="0" type="stmt"/>
        <line num="247" count="0" type="stmt"/>
        <line num="263" count="0" type="stmt"/>
        <line num="264" count="0" type="stmt"/>
        <line num="265" count="0" type="stmt"/>
        <line num="266" count="0" type="stmt"/>
        <line num="267" count="0" type="cond" truecount="0" falsecount="2"/>
        <line num="268" count="0" type="stmt"/>
        <line num="269" count="0" type="stmt"/>
        <line num="270" count="0" type="cond" truecount="0" falsecount="2"/>
        <line num="271" count="0" type="stmt"/>
        <line num="273" count="0" type="stmt"/>
        <line num="280" count="0" type="stmt"/>
        <line num="285" count="3" type="cond" truecount="0" falsecount="2"/>
        <line num="286" count="3" type="cond" truecount="2" falsecount="0"/>
        <line num="287" count="3" type="cond" truecount="1" falsecount="1"/>
        <line num="288" count="3" type="stmt"/>
        <line num="289" count="3" type="cond" truecount="2" falsecount="0"/>
        <line num="290" count="3" type="stmt"/>
        <line num="291" count="3" type="stmt"/>
        <line num="292" count="3" type="stmt"/>
        <line num="293" count="3" type="cond" truecount="2" falsecount="0"/>
        <line num="294" count="3" type="stmt"/>
        <line num="296" count="3" type="stmt"/>
        <line num="297" count="3" type="stmt"/>
        <line num="298" count="3" type="stmt"/>
        <line num="299" count="3" type="stmt"/>
        <line num="300" count="3" type="stmt"/>
        <line num="302" count="3" type="stmt"/>
        <line num="304" count="3" type="stmt"/>
        <line num="305" count="3" type="cond" truecount="2" falsecount="0"/>
        <line num="306" count="2" type="stmt"/>
        <line num="308" count="3" type="cond" truecount="2" falsecount="0"/>
        <line num="309" count="2" type="stmt"/>
        <line num="311" count="3" type="cond" truecount="2" falsecount="0"/>
        <line num="312" count="2" type="stmt"/>
        <line num="314" count="3" type="cond" truecount="1" falsecount="1"/>
        <line num="315" count="0" type="cond" truecount="0" falsecount="2"/>
        <line num="318" count="3" type="stmt"/>
        <line num="319" count="3" type="cond" truecount="2" falsecount="0"/>
        <line num="320" count="1" type="stmt"/>
        <line num="321" count="1" type="stmt"/>
        <line num="322" count="1" type="stmt"/>
        <line num="324" count="3" type="stmt"/>
        <line num="325" count="3" type="cond" truecount="1" falsecount="1"/>
        <line num="326" count="0" type="stmt"/>
        <line num="328" count="3" type="stmt"/>
        <line num="330" count="3" type="stmt"/>
        <line num="331" count="3" type="stmt"/>
        <line num="332" count="3" type="cond" truecount="4" falsecount="0"/>
        <line num="333" count="2" type="stmt"/>
        <line num="336" count="3" type="cond" truecount="1" falsecount="1"/>
        <line num="340" count="3" type="cond" truecount="1" falsecount="1"/>
        <line num="341" count="3" type="cond" truecount="1" falsecount="1"/>
        <line num="345" count="3" type="cond" truecount="1" falsecount="1"/>
        <line num="346" count="3" type="stmt"/>
        <line num="347" count="3" type="stmt"/>
        <line num="348" count="3" type="stmt"/>
        <line num="355" count="0" type="stmt"/>
        <line num="368" count="0" type="cond" truecount="0" falsecount="2"/>
        <line num="369" count="0" type="stmt"/>
        <line num="370" count="0" type="stmt"/>
        <line num="371" count="0" type="stmt"/>
        <line num="372" count="0" type="stmt"/>
        <line num="373" count="0" type="stmt"/>
        <line num="374" count="0" type="cond" truecount="0" falsecount="6"/>
        <line num="375" count="0" type="cond" truecount="0" falsecount="2"/>
        <line num="376" count="0" type="stmt"/>
        <line num="378" count="0" type="stmt"/>
        <line num="379" count="0" type="cond" truecount="0" falsecount="2"/>
        <line num="380" count="0" type="stmt"/>
        <line num="381" count="0" type="stmt"/>
        <line num="383" count="0" type="stmt"/>
        <line num="389" count="0" type="cond" truecount="0" falsecount="2"/>
        <line num="390" count="0" type="stmt"/>
        <line num="391" count="0" type="stmt"/>
        <line num="392" count="0" type="stmt"/>
        <line num="398" count="0" type="stmt"/>
        <line num="409" count="4" type="cond" truecount="0" falsecount="1"/>
        <line num="410" count="4" type="stmt"/>
        <line num="411" count="4" type="stmt"/>
        <line num="412" count="4" type="cond" truecount="2" falsecount="0"/>
        <line num="413" count="3" type="stmt"/>
        <line num="414" count="3" type="stmt"/>
        <line num="415" count="3" type="cond" truecount="2" falsecount="0"/>
        <line num="416" count="1" type="stmt"/>
        <line num="417" count="1" type="cond" truecount="3" falsecount="1"/>
        <line num="418" count="1" type="stmt"/>
        <line num="422" count="3" type="stmt"/>
        <line num="428" count="1" type="stmt"/>
        <line num="441" count="0" type="cond" truecount="0" falsecount="2"/>
        <line num="442" count="0" type="cond" truecount="0" falsecount="2"/>
        <line num="444" count="0" type="stmt"/>
        <line num="446" count="0" type="stmt"/>
        <line num="447" count="0" type="cond" truecount="0" falsecount="4"/>
        <line num="448" count="0" type="stmt"/>
        <line num="450" count="0" type="stmt"/>
        <line num="452" count="0" type="cond" truecount="0" falsecount="2"/>
        <line num="453" count="0" type="stmt"/>
        <line num="456" count="0" type="cond" truecount="0" falsecount="2"/>
        <line num="457" count="0" type="stmt"/>
        <line num="458" count="0" type="cond" truecount="0" falsecount="2"/>
        <line num="459" count="0" type="stmt"/>
        <line num="462" count="0" type="stmt"/>
        <line num="465" count="0" type="stmt"/>
        <line num="466" count="0" type="cond" truecount="0" falsecount="2"/>
        <line num="467" count="0" type="stmt"/>
        <line num="468" count="0" type="stmt"/>
        <line num="469" count="0" type="stmt"/>
        <line num="476" count="0" type="stmt"/>
        <line num="489" count="0" type="cond" truecount="0" falsecount="1"/>
        <line num="490" count="0" type="cond" truecount="0" falsecount="2"/>
        <line num="492" count="0" type="stmt"/>
        <line num="493" count="0" type="cond" truecount="0" falsecount="4"/>
        <line num="494" count="0" type="stmt"/>
        <line num="495" count="0" type="stmt"/>
        <line num="497" count="0" type="stmt"/>
        <line num="503" count="0" type="cond" truecount="0" falsecount="2"/>
        <line num="504" count="0" type="stmt"/>
        <line num="505" count="0" type="stmt"/>
        <line num="506" count="0" type="stmt"/>
        <line num="513" count="0" type="stmt"/>
        <line num="526" count="0" type="cond" truecount="0" falsecount="2"/>
        <line num="527" count="0" type="stmt"/>
        <line num="529" count="0" type="stmt"/>
        <line num="530" count="0" type="stmt"/>
        <line num="531" count="0" type="stmt"/>
        <line num="532" count="0" type="cond" truecount="0" falsecount="2"/>
        <line num="533" count="0" type="cond" truecount="0" falsecount="2"/>
        <line num="534" count="0" type="stmt"/>
        <line num="536" count="0" type="cond" truecount="0" falsecount="2"/>
        <line num="537" count="0" type="stmt"/>
        <line num="539" count="0" type="stmt"/>
        <line num="540" count="0" type="stmt"/>
        <line num="543" count="0" type="stmt"/>
        <line num="544" count="0" type="cond" truecount="0" falsecount="2"/>
        <line num="545" count="0" type="stmt"/>
        <line num="546" count="0" type="stmt"/>
        <line num="547" count="0" type="stmt"/>
        <line num="554" count="0" type="stmt"/>
        <line num="566" count="12" type="stmt"/>
        <line num="567" count="12" type="cond" truecount="1" falsecount="1"/>
        <line num="568" count="12" type="cond" truecount="4" falsecount="1"/>
        <line num="569" count="0" type="cond" truecount="0" falsecount="2"/>
        <line num="570" count="0" type="stmt"/>
        <line num="571" count="0" type="cond" truecount="0" falsecount="2"/>
        <line num="573" count="12" type="cond" truecount="1" falsecount="1"/>
        <line num="574" count="12" type="stmt"/>
        <line num="575" count="0" type="cond" truecount="0" falsecount="2"/>
        <line num="576" count="0" type="cond" truecount="0" falsecount="2"/>
        <line num="577" count="0" type="cond" truecount="0" falsecount="2"/>
        <line num="578" count="0" type="stmt"/>
        <line num="580" count="0" type="cond" truecount="0" falsecount="2"/>
        <line num="581" count="0" type="stmt"/>
        <line num="583" count="0" type="cond" truecount="0" falsecount="2"/>
        <line num="585" count="12" type="cond" truecount="1" falsecount="1"/>
        <line num="586" count="0" type="cond" truecount="0" falsecount="2"/>
        <line num="587" count="0" type="stmt"/>
        <line num="589" count="12" type="stmt"/>
        <line num="590" count="12" type="cond" truecount="1" falsecount="1"/>
        <line num="591" count="0" type="stmt"/>
        <line num="593" count="12" type="stmt"/>
        <line num="594" count="12" type="stmt"/>
        <line num="595" count="12" type="cond" truecount="1" falsecount="1"/>
        <line num="596" count="12" type="cond" truecount="2" falsecount="0"/>
        <line num="597" count="2" type="cond" truecount="2" falsecount="0"/>
        <line num="598" count="2" type="cond" truecount="1" falsecount="1"/>
        <line num="599" count="2" type="stmt"/>
        <line num="602" count="10" type="cond" truecount="2" falsecount="0"/>
        <line num="603" count="3" type="cond" truecount="1" falsecount="1"/>
        <line num="604" count="3" type="stmt"/>
        <line num="606" count="7" type="cond" truecount="1" falsecount="1"/>
        <line num="607" count="0" type="cond" truecount="0" falsecount="2"/>
        <line num="608" count="0" type="stmt"/>
        <line num="610" count="7" type="cond" truecount="1" falsecount="1"/>
        <line num="611" count="0" type="cond" truecount="0" falsecount="2"/>
        <line num="612" count="0" type="stmt"/>
        <line num="614" count="7" type="cond" truecount="1" falsecount="1"/>
        <line num="615" count="0" type="cond" truecount="0" falsecount="3"/>
        <line num="616" count="0" type="cond" truecount="0" falsecount="2"/>
        <line num="617" count="0" type="stmt"/>
        <line num="619" count="7" type="stmt"/>
        <line num="620" count="7" type="cond" truecount="2" falsecount="0"/>
        <line num="621" count="1" type="cond" truecount="4" falsecount="2"/>
        <line num="622" count="6" type="cond" truecount="1" falsecount="1"/>
        <line num="623" count="0" type="cond" truecount="0" falsecount="2"/>
        <line num="624" count="0" type="stmt"/>
        <line num="625" count="0" type="cond" truecount="0" falsecount="2"/>
        <line num="626" count="0" type="stmt"/>
        <line num="627" count="6" type="cond" truecount="1" falsecount="1"/>
        <line num="628" count="0" type="stmt"/>
        <line num="629" count="0" type="cond" truecount="0" falsecount="2"/>
        <line num="630" count="6" type="cond" truecount="2" falsecount="0"/>
        <line num="631" count="1" type="stmt"/>
        <line num="632" count="1" type="cond" truecount="2" falsecount="0"/>
        <line num="633" count="1" type="cond" truecount="4" falsecount="2"/>
        <line num="634" count="5" type="cond" truecount="1" falsecount="1"/>
        <line num="635" count="0" type="stmt"/>
        <line num="636" count="0" type="cond" truecount="0" falsecount="2"/>
        <line num="637" count="0" type="cond" truecount="0" falsecount="8"/>
        <line num="638" count="5" type="cond" truecount="1" falsecount="1"/>
        <line num="639" count="0" type="cond" truecount="0" falsecount="4"/>
        <line num="640" count="5" type="cond" truecount="1" falsecount="1"/>
        <line num="641" count="0" type="stmt"/>
        <line num="642" count="0" type="cond" truecount="0" falsecount="2"/>
        <line num="643" count="0" type="cond" truecount="0" falsecount="2"/>
        <line num="644" count="0" type="stmt"/>
        <line num="645" count="0" type="stmt"/>
        <line num="646" count="0" type="cond" truecount="0" falsecount="2"/>
        <line num="647" count="0" type="stmt"/>
        <line num="649" count="0" type="cond" truecount="0" falsecount="2"/>
        <line num="650" count="5" type="cond" truecount="1" falsecount="1"/>
        <line num="651" count="0" type="stmt"/>
        <line num="652" count="5" type="cond" truecount="1" falsecount="1"/>
        <line num="653" count="0" type="stmt"/>
        <line num="654" count="0" type="cond" truecount="0" falsecount="2"/>
        <line num="655" count="0" type="cond" truecount="0" falsecount="4"/>
        <line num="656" count="5" type="cond" truecount="1" falsecount="1"/>
        <line num="657" count="0" type="stmt"/>
        <line num="658" count="0" type="cond" truecount="0" falsecount="2"/>
        <line num="659" count="0" type="cond" truecount="0" falsecount="6"/>
        <line num="660" count="5" type="cond" truecount="1" falsecount="1"/>
        <line num="661" count="0" type="cond" truecount="0" falsecount="2"/>
        <line num="662" count="0" type="stmt"/>
        <line num="663" count="0" type="stmt"/>
        <line num="664" count="0" type="cond" truecount="0" falsecount="4"/>
        <line num="666" count="0" type="stmt"/>
        <line num="667" count="0" type="stmt"/>
        <line num="668" count="5" type="cond" truecount="1" falsecount="1"/>
        <line num="669" count="0" type="cond" truecount="0" falsecount="2"/>
        <line num="670" count="5" type="cond" truecount="2" falsecount="0"/>
        <line num="671" count="4" type="stmt"/>
        <line num="672" count="1" type="cond" truecount="1" falsecount="1"/>
        <line num="673" count="0" type="cond" truecount="0" falsecount="2"/>
        <line num="674" count="0" type="cond" truecount="0" falsecount="2"/>
        <line num="675" count="0" type="stmt"/>
        <line num="676" count="0" type="cond" truecount="0" falsecount="6"/>
        <line num="678" count="1" type="stmt"/>
        <line num="692" count="4" type="stmt"/>
        <line num="693" count="4" type="stmt"/>
        <line num="694" count="4" type="stmt"/>
        <line num="695" count="4" type="stmt"/>
        <line num="696" count="4" type="stmt"/>
        <line num="697" count="4" type="stmt"/>
        <line num="698" count="4" type="stmt"/>
        <line num="699" count="4" type="cond" truecount="2" falsecount="0"/>
        <line num="700" count="4" type="cond" truecount="2" falsecount="0"/>
        <line num="701" count="4" type="cond" truecount="2" falsecount="0"/>
        <line num="702" count="4" type="stmt"/>
        <line num="703" count="4" type="cond" truecount="2" falsecount="0"/>
        <line num="704" count="1" type="cond" truecount="1" falsecount="1"/>
        <line num="705" count="1" type="stmt"/>
        <line num="707" count="1" type="cond" truecount="1" falsecount="1"/>
        <line num="708" count="1" type="stmt"/>
        <line num="711" count="3" type="cond" truecount="2" falsecount="0"/>
        <line num="712" count="1" type="stmt"/>
        <line num="714" count="3" type="cond" truecount="2" falsecount="0"/>
        <line num="715" count="2" type="stmt"/>
        <line num="718" count="4" type="cond" truecount="2" falsecount="0"/>
        <line num="719" count="4" type="stmt"/>
        <line num="720" count="4" type="stmt"/>
        <line num="721" count="12" type="cond" truecount="2" falsecount="0"/>
        <line num="722" count="12" type="cond" truecount="3" falsecount="1"/>
        <line num="723" count="12" type="stmt"/>
        <line num="725" count="0" type="cond" truecount="0" falsecount="2"/>
        <line num="726" count="0" type="stmt"/>
        <line num="727" count="0" type="cond" truecount="0" falsecount="2"/>
        <line num="728" count="0" type="stmt"/>
        <line num="730" count="0" type="cond" truecount="0" falsecount="2"/>
        <line num="731" count="0" type="stmt"/>
        <line num="733" count="0" type="stmt"/>
        <line num="734" count="0" type="cond" truecount="0" falsecount="2"/>
        <line num="735" count="0" type="stmt"/>
        <line num="738" count="0" type="cond" truecount="0" falsecount="4"/>
        <line num="739" count="0" type="cond" truecount="0" falsecount="4"/>
        <line num="740" count="0" type="stmt"/>
        <line num="742" count="0" type="cond" truecount="0" falsecount="2"/>
        <line num="743" count="0" type="stmt"/>
        <line num="744" count="0" type="cond" truecount="0" falsecount="2"/>
        <line num="745" count="0" type="stmt"/>
        <line num="747" count="0" type="stmt"/>
        <line num="748" count="0" type="cond" truecount="0" falsecount="2"/>
        <line num="749" count="0" type="stmt"/>
        <line num="753" count="0" type="stmt"/>
        <line num="755" count="4" type="stmt"/>
        <line num="756" count="4" type="stmt"/>
        <line num="757" count="4" type="cond" truecount="4" falsecount="0"/>
        <line num="758" count="2" type="stmt"/>
        <line num="760" count="2" type="cond" truecount="2" falsecount="0"/>
        <line num="761" count="1" type="stmt"/>
        <line num="762" count="1" type="cond" truecount="1" falsecount="1"/>
        <line num="763" count="0" type="stmt"/>
        <line num="764" count="0" type="cond" truecount="0" falsecount="2"/>
        <line num="765" count="0" type="stmt"/>
        <line num="768" count="1" type="stmt"/>
        <line num="769" count="1" type="cond" truecount="1" falsecount="1"/>
        <line num="770" count="1" type="stmt"/>
        <line num="773" count="1" type="stmt"/>
        <line num="775" count="4" type="stmt"/>
        <line num="776" count="4" type="stmt"/>
        <line num="777" count="4" type="cond" truecount="3" falsecount="1"/>
        <line num="778" count="4" type="cond" truecount="3" falsecount="1"/>
        <line num="779" count="4" type="stmt"/>
        <line num="780" count="4" type="stmt"/>
        <line num="781" count="4" type="cond" truecount="2" falsecount="0"/>
        <line num="782" count="4" type="cond" truecount="1" falsecount="1"/>
        <line num="783" count="4" type="stmt"/>
        <line num="784" count="4" type="cond" truecount="1" falsecount="1"/>
        <line num="785" count="0" type="stmt"/>
        <line num="787" count="4" type="stmt"/>
        <line num="789" count="4" type="stmt"/>
        <line num="790" count="4" type="stmt"/>
        <line num="791" count="4" type="cond" truecount="2" falsecount="0"/>
        <line num="792" count="4" type="cond" truecount="1" falsecount="1"/>
        <line num="795" count="4" type="stmt"/>
        <line num="796" count="4" type="cond" truecount="1" falsecount="1"/>
        <line num="797" count="0" type="stmt"/>
        <line num="799" count="4" type="stmt"/>
        <line num="800" count="4" type="stmt"/>
        <line num="801" count="4" type="stmt"/>
        <line num="802" count="4" type="stmt"/>
        <line num="803" count="4" type="stmt"/>
        <line num="804" count="4" type="stmt"/>
        <line num="805" count="4" type="cond" truecount="2" falsecount="0"/>
        <line num="806" count="2" type="stmt"/>
        <line num="808" count="4" type="cond" truecount="2" falsecount="0"/>
        <line num="809" count="2" type="stmt"/>
        <line num="811" count="4" type="stmt"/>
        <line num="812" count="4" type="cond" truecount="2" falsecount="0"/>
        <line num="813" count="2" type="stmt"/>
        <line num="815" count="4" type="stmt"/>
        <line num="816" count="4" type="cond" truecount="2" falsecount="0"/>
        <line num="817" count="2" type="stmt"/>
        <line num="819" count="4" type="stmt"/>
        <line num="820" count="4" type="stmt"/>
        <line num="821" count="4" type="cond" truecount="4" falsecount="0"/>
        <line num="822" count="1" type="stmt"/>
        <line num="824" count="3" type="stmt"/>
        <line num="825" count="5" type="cond" truecount="1" falsecount="1"/>
        <line num="826" count="5" type="cond" truecount="1" falsecount="1"/>
        <line num="827" count="5" type="stmt"/>
        <line num="830" count="4" type="stmt"/>
        <line num="831" count="4" type="stmt"/>
        <line num="835" count="4" type="stmt"/>
        <line num="839" count="4" type="stmt"/>
        <line num="845" count="4" type="cond" truecount="2" falsecount="0"/>
        <line num="846" count="4" type="cond" truecount="2" falsecount="0"/>
        <line num="849" count="4" type="stmt"/>
        <line num="851" count="4" type="stmt"/>
        <line num="864" count="8" type="stmt"/>
        <line num="865" count="8" type="cond" truecount="2" falsecount="0"/>
        <line num="866" count="8" type="cond" truecount="3" falsecount="0"/>
        <line num="867" count="8" type="cond" truecount="2" falsecount="0"/>
        <line num="868" count="8" type="cond" truecount="2" falsecount="0"/>
        <line num="869" count="8" type="cond" truecount="1" falsecount="1"/>
        <line num="870" count="0" type="stmt"/>
        <line num="871" count="0" type="stmt"/>
        <line num="872" count="0" type="stmt"/>
        <line num="873" count="8" type="cond" truecount="2" falsecount="0"/>
        <line num="874" count="2" type="stmt"/>
        <line num="876" count="8" type="cond" truecount="2" falsecount="0"/>
        <line num="877" count="8" type="cond" truecount="2" falsecount="0"/>
        <line num="878" count="8" type="cond" truecount="1" falsecount="1"/>
        <line num="879" count="0" type="stmt"/>
        <line num="881" count="8" type="cond" truecount="2" falsecount="0"/>
        <line num="882" count="8" type="cond" truecount="1" falsecount="1"/>
        <line num="883" count="0" type="stmt"/>
        <line num="885" count="8" type="cond" truecount="2" falsecount="0"/>
        <line num="886" count="8" type="cond" truecount="1" falsecount="1"/>
        <line num="887" count="0" type="stmt"/>
        <line num="889" count="8" type="cond" truecount="2" falsecount="0"/>
        <line num="890" count="8" type="cond" truecount="1" falsecount="1"/>
        <line num="891" count="0" type="stmt"/>
        <line num="893" count="8" type="cond" truecount="2" falsecount="0"/>
        <line num="894" count="8" type="cond" truecount="1" falsecount="1"/>
        <line num="895" count="0" type="stmt"/>
        <line num="897" count="8" type="cond" truecount="2" falsecount="0"/>
        <line num="898" count="8" type="cond" truecount="1" falsecount="1"/>
        <line num="899" count="0" type="stmt"/>
        <line num="901" count="8" type="cond" truecount="2" falsecount="0"/>
        <line num="902" count="8" type="cond" truecount="1" falsecount="1"/>
        <line num="903" count="0" type="stmt"/>
        <line num="905" count="8" type="cond" truecount="2" falsecount="0"/>
        <line num="906" count="8" type="cond" truecount="2" falsecount="0"/>
        <line num="907" count="1" type="stmt"/>
        <line num="909" count="8" type="cond" truecount="2" falsecount="0"/>
        <line num="910" count="8" type="cond" truecount="2" falsecount="0"/>
        <line num="911" count="8" type="cond" truecount="2" falsecount="0"/>
        <line num="912" count="8" type="cond" truecount="4" falsecount="0"/>
        <line num="913" count="2" type="stmt"/>
        <line num="914" count="8" type="stmt"/>
        <line num="915" count="8" type="cond" truecount="1" falsecount="1"/>
        <line num="916" count="8" type="stmt"/>
        <line num="919" count="6" type="cond" truecount="1" falsecount="1"/>
        <line num="920" count="0" type="stmt"/>
        <line num="922" count="8" type="cond" truecount="2" falsecount="0"/>
        <line num="923" count="8" type="cond" truecount="4" falsecount="0"/>
        <line num="924" count="2" type="stmt"/>
        <line num="925" count="8" type="stmt"/>
        <line num="926" count="8" type="cond" truecount="1" falsecount="1"/>
        <line num="927" count="8" type="stmt"/>
        <line num="930" count="6" type="cond" truecount="1" falsecount="1"/>
        <line num="931" count="0" type="stmt"/>
        <line num="933" count="8" type="cond" truecount="3" falsecount="0"/>
        <line num="934" count="8" type="cond" truecount="2" falsecount="0"/>
        <line num="935" count="8" type="cond" truecount="2" falsecount="0"/>
        <line num="936" count="8" type="cond" truecount="2" falsecount="0"/>
        <line num="937" count="8" type="cond" truecount="2" falsecount="2"/>
        <line num="938" count="0" type="cond" truecount="0" falsecount="2"/>
        <line num="939" count="0" type="cond" truecount="0" falsecount="2"/>
        <line num="940" count="0" type="cond" truecount="0" falsecount="4"/>
        <line num="941" count="0" type="cond" truecount="0" falsecount="2"/>
        <line num="944" count="8" type="cond" truecount="2" falsecount="0"/>
        <line num="945" count="8" type="cond" truecount="2" falsecount="0"/>
        <line num="946" count="1" type="cond" truecount="1" falsecount="1"/>
        <line num="947" count="1" type="stmt"/>
        <line num="949" count="8" type="cond" truecount="2" falsecount="0"/>
        <line num="950" count="8" type="cond" truecount="2" falsecount="0"/>
        <line num="951" count="1" type="stmt"/>
        <line num="953" count="8" type="stmt"/>
        <line num="954" count="8" type="cond" truecount="2" falsecount="2"/>
        <line num="955" count="0" type="cond" truecount="0" falsecount="2"/>
        <line num="957" count="8" type="cond" truecount="2" falsecount="0"/>
        <line num="958" count="8" type="cond" truecount="1" falsecount="1"/>
        <line num="959" count="0" type="cond" truecount="0" falsecount="2"/>
        <line num="961" count="8" type="cond" truecount="2" falsecount="0"/>
        <line num="962" count="8" type="stmt"/>
        <line num="963" count="8" type="cond" truecount="1" falsecount="1"/>
        <line num="964" count="0" type="stmt"/>
        <line num="966" count="8" type="stmt"/>
        <line num="976" count="1" type="stmt"/>
        <line num="983" count="0" type="stmt"/>
        <line num="984" count="0" type="stmt"/>
        <line num="985" count="0" type="stmt"/>
        <line num="986" count="0" type="cond" truecount="0" falsecount="5"/>
        <line num="987" count="0" type="stmt"/>
        <line num="988" count="0" type="cond" truecount="0" falsecount="2"/>
        <line num="990" count="0" type="stmt"/>
        <line num="1001" count="0" type="stmt"/>
      </file>
    </package>
    <package name="utils">
      <metrics statements="111" coveredstatements="70" conditionals="106" coveredconditionals="52" methods="20" coveredmethods="16"/>
      <file name="object.js" path="C:\Users\sannepu\python vibe coding\js\utils\object.js">
        <metrics statements="56" coveredstatements="26" conditionals="62" coveredconditionals="22" methods="9" coveredmethods="5"/>
        <line num="9" count="10" type="cond" truecount="1" falsecount="1"/>
        <line num="10" count="0" type="stmt"/>
        <line num="12" count="10" type="stmt"/>
        <line num="22" count="6" type="stmt"/>
        <line num="23" count="6" type="cond" truecount="3" falsecount="1"/>
        <line num="24" count="0" type="stmt"/>
        <line num="26" count="6" type="stmt"/>
        <line num="27" count="9" type="stmt"/>
        <line num="28" count="9" type="cond" truecount="1" falsecount="1"/>
        <line num="29" count="0" type="stmt"/>
        <line num="30" count="0" type="cond" truecount="0" falsecount="4"/>
        <line num="32" count="0" type="stmt"/>
        <line num="34" count="9" type="cond" truecount="4" falsecount="0"/>
        <line num="35" count="3" type="stmt"/>
        <line num="36" count="3" type="cond" truecount="3" falsecount="1"/>
        <line num="37" count="3" type="stmt"/>
        <line num="38" count="3" type="stmt"/>
        <line num="40" count="6" type="cond" truecount="1" falsecount="1"/>
        <line num="41" count="6" type="stmt"/>
        <line num="45" count="6" type="stmt"/>
        <line num="49" count="92" type="cond" truecount="1" falsecount="1"/>
        <line num="50" count="0" type="stmt"/>
        <line num="52" count="92" type="cond" truecount="1" falsecount="1"/>
        <line num="53" count="216" type="cond" truecount="2" falsecount="0"/>
        <line num="57" count="0" type="cond" truecount="0" falsecount="2"/>
        <line num="58" count="0" type="stmt"/>
        <line num="60" count="0" type="cond" truecount="0" falsecount="2"/>
        <line num="61" count="0" type="stmt"/>
        <line num="62" count="0" type="stmt"/>
        <line num="63" count="0" type="stmt"/>
        <line num="64" count="0" type="cond" truecount="0" falsecount="2"/>
        <line num="65" count="0" type="stmt"/>
        <line num="66" count="0" type="stmt"/>
        <line num="68" count="0" type="cond" truecount="0" falsecount="4"/>
        <line num="69" count="0" type="stmt"/>
        <line num="71" count="0" type="stmt"/>
        <line num="76" count="6" type="cond" truecount="1" falsecount="1"/>
        <line num="77" count="0" type="stmt"/>
        <line num="79" count="6" type="cond" truecount="1" falsecount="1"/>
        <line num="80" count="6" type="stmt"/>
        <line num="81" count="6" type="stmt"/>
        <line num="82" count="6" type="stmt"/>
        <line num="83" count="6" type="cond" truecount="3" falsecount="1"/>
        <line num="84" count="0" type="stmt"/>
        <line num="86" count="6" type="stmt"/>
        <line num="88" count="6" type="stmt"/>
        <line num="92" count="0" type="cond" truecount="0" falsecount="4"/>
        <line num="93" count="0" type="stmt"/>
        <line num="95" count="0" type="stmt"/>
        <line num="96" count="0" type="stmt"/>
        <line num="97" count="0" type="cond" truecount="0" falsecount="4"/>
        <line num="98" count="0" type="stmt"/>
        <line num="99" count="0" type="cond" truecount="0" falsecount="2"/>
        <line num="100" count="0" type="stmt"/>
        <line num="102" count="0" type="cond" truecount="0" falsecount="5"/>
        <line num="103" count="0" type="stmt"/>
      </file>
      <file name="strings.js" path="C:\Users\sannepu\python vibe coding\js\utils\strings.js">
        <metrics statements="3" coveredstatements="3" conditionals="2" coveredconditionals="2" methods="1" coveredmethods="1"/>
        <line num="2" count="4" type="cond" truecount="2" falsecount="0"/>
        <line num="3" count="3" type="stmt"/>
        <line num="5" count="1" type="stmt"/>
      </file>
      <file name="styles.js" path="C:\Users\sannepu\python vibe coding\js\utils\styles.js">
        <metrics statements="46" coveredstatements="35" conditionals="39" coveredconditionals="26" methods="7" coveredmethods="7"/>
        <line num="2" count="5" type="cond" truecount="2" falsecount="0"/>
        <line num="3" count="3" type="stmt"/>
        <line num="5" count="2" type="cond" truecount="1" falsecount="1"/>
        <line num="6" count="2" type="stmt"/>
        <line num="9" count="3" type="stmt"/>
        <line num="10" count="3" type="cond" truecount="1" falsecount="1"/>
        <line num="14" count="0" type="stmt"/>
        <line num="17" count="1" type="stmt"/>
        <line num="27" count="3" type="cond" truecount="4" falsecount="1"/>
        <line num="28" count="0" type="stmt"/>
        <line num="30" count="3" type="cond" truecount="2" falsecount="0"/>
        <line num="31" count="1" type="stmt"/>
        <line num="33" count="2" type="cond" truecount="2" falsecount="0"/>
        <line num="34" count="1" type="stmt"/>
        <line num="36" count="1" type="cond" truecount="1" falsecount="1"/>
        <line num="37" count="1" type="stmt"/>
        <line num="39" count="0" type="stmt"/>
        <line num="40" count="0" type="cond" truecount="0" falsecount="4"/>
        <line num="41" count="0" type="stmt"/>
        <line num="43" count="0" type="stmt"/>
        <line num="46" count="1" type="stmt"/>
        <line num="54" count="2" type="cond" truecount="1" falsecount="1"/>
        <line num="55" count="0" type="stmt"/>
        <line num="57" count="2" type="cond" truecount="2" falsecount="0"/>
        <line num="58" count="1" type="stmt"/>
        <line num="60" count="1" type="stmt"/>
        <line num="63" count="1" type="stmt"/>
        <line num="71" count="2" type="cond" truecount="1" falsecount="1"/>
        <line num="72" count="0" type="stmt"/>
        <line num="74" count="2" type="cond" truecount="2" falsecount="0"/>
        <line num="75" count="1" type="stmt"/>
        <line num="77" count="1" type="stmt"/>
        <line num="79" count="1" type="stmt"/>
        <line num="90" count="2" type="cond" truecount="1" falsecount="1"/>
        <line num="91" count="0" type="stmt"/>
        <line num="93" count="2" type="cond" truecount="2" falsecount="0"/>
        <line num="94" count="1" type="stmt"/>
        <line num="96" count="1" type="cond" truecount="1" falsecount="1"/>
        <line num="97" count="1" type="stmt"/>
        <line num="99" count="0" type="stmt"/>
        <line num="102" count="1" type="stmt"/>
        <line num="112" count="2" type="cond" truecount="1" falsecount="1"/>
        <line num="113" count="0" type="stmt"/>
        <line num="115" count="2" type="cond" truecount="2" falsecount="0"/>
        <line num="116" count="1" type="stmt"/>
        <line num="118" count="1" type="stmt"/>
      </file>
      <file name="timing.js" path="C:\Users\sannepu\python vibe coding\js\utils\timing.js">
        <metrics statements="6" coveredstatements="6" conditionals="3" coveredconditionals="2" methods="3" coveredmethods="3"/>
        <line num="2" count="2" type="stmt"/>
        <line num="3" count="2" type="stmt"/>
        <line num="4" count="5" type="cond" truecount="2" falsecount="0"/>
        <line num="5" count="3" type="stmt"/>
        <line num="7" count="5" type="stmt"/>
        <line num="8" count="2" type="stmt"/>
      </file>
    </package>
  </project>
</coverage>
