{"C:\\Users\\sannepu\\python vibe coding\\js\\render\\index.js": {"path":"C:\\Users\\sannepu\\python vibe coding\\js\\render\\index.js","statementMap":{"0":{"start":{"line":8,"column":23},"end":{"line":13,"column":1}},"1":{"start":{"line":15,"column":25},"end":{"line":22,"column":1}},"2":{"start":{"line":25,"column":21},"end":{"line":25,"column":49}},"3":{"start":{"line":26,"column":30},"end":{"line":26,"column":53}},"4":{"start":{"line":27,"column":23},"end":{"line":27,"column":72}},"5":{"start":{"line":28,"column":4},"end":{"line":30,"column":5}},"6":{"start":{"line":29,"column":8},"end":{"line":29,"column":37}},"7":{"start":{"line":31,"column":28},"end":{"line":31,"column":68}},"8":{"start":{"line":32,"column":4},"end":{"line":32,"column":61}},"9":{"start":{"line":36,"column":4},"end":{"line":46,"column":19}},"10":{"start":{"line":39,"column":28},"end":{"line":39,"column":39}},"11":{"start":{"line":40,"column":12},"end":{"line":42,"column":13}},"12":{"start":{"line":41,"column":16},"end":{"line":41,"column":26}},"13":{"start":{"line":43,"column":12},"end":{"line":43,"column":67}},"14":{"start":{"line":50,"column":4},"end":{"line":52,"column":5}},"15":{"start":{"line":51,"column":8},"end":{"line":51,"column":20}},"16":{"start":{"line":53,"column":4},"end":{"line":55,"column":5}},"17":{"start":{"line":54,"column":8},"end":{"line":54,"column":28}},"18":{"start":{"line":56,"column":4},"end":{"line":66,"column":5}},"19":{"start":{"line":57,"column":24},"end":{"line":57,"column":36}},"20":{"start":{"line":58,"column":8},"end":{"line":60,"column":9}},"21":{"start":{"line":59,"column":12},"end":{"line":59,"column":24}},"22":{"start":{"line":61,"column":24},"end":{"line":61,"column":43}},"23":{"start":{"line":62,"column":8},"end":{"line":64,"column":9}},"24":{"start":{"line":63,"column":12},"end":{"line":63,"column":34}},"25":{"start":{"line":65,"column":8},"end":{"line":65,"column":23}},"26":{"start":{"line":67,"column":4},"end":{"line":67,"column":16}},"27":{"start":{"line":71,"column":4},"end":{"line":71,"column":42}},"28":{"start":{"line":75,"column":4},"end":{"line":75,"column":44}},"29":{"start":{"line":78,"column":26},"end":{"line":89,"column":1}},"30":{"start":{"line":79,"column":4},"end":{"line":88,"column":5}},"31":{"start":{"line":81,"column":12},"end":{"line":81,"column":35}},"32":{"start":{"line":83,"column":12},"end":{"line":83,"column":37}},"33":{"start":{"line":85,"column":12},"end":{"line":85,"column":36}},"34":{"start":{"line":87,"column":12},"end":{"line":87,"column":22}},"35":{"start":{"line":97,"column":4},"end":{"line":97,"column":28}},"36":{"start":{"line":98,"column":4},"end":{"line":114,"column":5}},"37":{"start":{"line":99,"column":8},"end":{"line":113,"column":10}},"38":{"start":{"line":115,"column":26},"end":{"line":115,"column":38}},"39":{"start":{"line":116,"column":17},"end":{"line":116,"column":58}},"40":{"start":{"line":117,"column":4},"end":{"line":119,"column":6}},"41":{"start":{"line":129,"column":15},"end":{"line":129,"column":17}},"42":{"start":{"line":131,"column":4},"end":{"line":134,"column":7}},"43":{"start":{"line":132,"column":30},"end":{"line":132,"column":50}},"44":{"start":{"line":133,"column":8},"end":{"line":133,"column":64}},"45":{"start":{"line":135,"column":4},"end":{"line":135,"column":16}},"46":{"start":{"line":145,"column":4},"end":{"line":145,"column":49}},"47":{"start":{"line":145,"column":39},"end":{"line":145,"column":49}},"48":{"start":{"line":146,"column":38},"end":{"line":146,"column":47}},"49":{"start":{"line":147,"column":31},"end":{"line":147,"column":71}},"50":{"start":{"line":148,"column":33},"end":{"line":148,"column":129}},"51":{"start":{"line":149,"column":4},"end":{"line":168,"column":5}},"52":{"start":{"line":151,"column":12},"end":{"line":151,"column":73}},"53":{"start":{"line":153,"column":12},"end":{"line":153,"column":76}},"54":{"start":{"line":155,"column":12},"end":{"line":155,"column":71}},"55":{"start":{"line":157,"column":12},"end":{"line":157,"column":69}},"56":{"start":{"line":159,"column":12},"end":{"line":159,"column":64}},"57":{"start":{"line":161,"column":12},"end":{"line":161,"column":74}},"58":{"start":{"line":163,"column":12},"end":{"line":163,"column":73}},"59":{"start":{"line":165,"column":12},"end":{"line":165,"column":68}},"60":{"start":{"line":167,"column":12},"end":{"line":167,"column":75}},"61":{"start":{"line":181,"column":45},"end":{"line":181,"column":54}},"62":{"start":{"line":182,"column":23},"end":{"line":182,"column":33}},"63":{"start":{"line":183,"column":19},"end":{"line":183,"column":54}},"64":{"start":{"line":184,"column":23},"end":{"line":184,"column":51}},"65":{"start":{"line":185,"column":21},"end":{"line":185,"column":23}},"66":{"start":{"line":186,"column":4},"end":{"line":191,"column":5}},"67":{"start":{"line":186,"column":17},"end":{"line":186,"column":18}},"68":{"start":{"line":187,"column":32},"end":{"line":187,"column":75}},"69":{"start":{"line":188,"column":26},"end":{"line":188,"column":62}},"70":{"start":{"line":189,"column":29},"end":{"line":189,"column":83}},"71":{"start":{"line":190,"column":8},"end":{"line":190,"column":74}},"72":{"start":{"line":192,"column":24},"end":{"line":205,"column":5}},"73":{"start":{"line":202,"column":39},"end":{"line":202,"column":75}},"74":{"start":{"line":206,"column":4},"end":{"line":215,"column":5}},"75":{"start":{"line":207,"column":28},"end":{"line":207,"column":91}},"76":{"start":{"line":208,"column":8},"end":{"line":208,"column":49}},"77":{"start":{"line":209,"column":8},"end":{"line":209,"column":79}},"78":{"start":{"line":210,"column":8},"end":{"line":214,"column":24}},"79":{"start":{"line":216,"column":4},"end":{"line":216,"column":23}},"80":{"start":{"line":229,"column":49},"end":{"line":229,"column":58}},"81":{"start":{"line":230,"column":27},"end":{"line":230,"column":50}},"82":{"start":{"line":231,"column":22},"end":{"line":231,"column":76}},"83":{"start":{"line":232,"column":4},"end":{"line":244,"column":5}},"84":{"start":{"line":233,"column":28},"end":{"line":233,"column":91}},"85":{"start":{"line":234,"column":8},"end":{"line":234,"column":49}},"86":{"start":{"line":235,"column":8},"end":{"line":237,"column":9}},"87":{"start":{"line":236,"column":12},"end":{"line":236,"column":173}},"88":{"start":{"line":238,"column":23},"end":{"line":238,"column":58}},"89":{"start":{"line":239,"column":8},"end":{"line":243,"column":24}},"90":{"start":{"line":246,"column":19},"end":{"line":246,"column":54}},"91":{"start":{"line":247,"column":4},"end":{"line":247,"column":59}},"92":{"start":{"line":263,"column":8},"end":{"line":263,"column":17}},"93":{"start":{"line":264,"column":27},"end":{"line":264,"column":50}},"94":{"start":{"line":265,"column":22},"end":{"line":265,"column":76}},"95":{"start":{"line":266,"column":19},"end":{"line":266,"column":54}},"96":{"start":{"line":267,"column":4},"end":{"line":278,"column":5}},"97":{"start":{"line":268,"column":28},"end":{"line":268,"column":91}},"98":{"start":{"line":269,"column":8},"end":{"line":269,"column":49}},"99":{"start":{"line":270,"column":8},"end":{"line":272,"column":9}},"100":{"start":{"line":271,"column":12},"end":{"line":271,"column":216}},"101":{"start":{"line":273,"column":8},"end":{"line":277,"column":24}},"102":{"start":{"line":280,"column":4},"end":{"line":280,"column":84}},"103":{"start":{"line":285,"column":49},"end":{"line":285,"column":58}},"104":{"start":{"line":286,"column":25},"end":{"line":286,"column":103}},"105":{"start":{"line":287,"column":16},"end":{"line":287,"column":88}},"106":{"start":{"line":288,"column":22},"end":{"line":288,"column":71}},"107":{"start":{"line":289,"column":22},"end":{"line":289,"column":85}},"108":{"start":{"line":290,"column":18},"end":{"line":290,"column":65}},"109":{"start":{"line":291,"column":20},"end":{"line":291,"column":69}},"110":{"start":{"line":292,"column":17},"end":{"line":292,"column":63}},"111":{"start":{"line":293,"column":21},"end":{"line":293,"column":116}},"112":{"start":{"line":294,"column":24},"end":{"line":294,"column":53}},"113":{"start":{"line":296,"column":28},"end":{"line":296,"column":49}},"114":{"start":{"line":297,"column":21},"end":{"line":297,"column":76}},"115":{"start":{"line":298,"column":26},"end":{"line":298,"column":78}},"116":{"start":{"line":299,"column":4},"end":{"line":299,"column":63}},"117":{"start":{"line":300,"column":4},"end":{"line":300,"column":60}},"118":{"start":{"line":302,"column":27},"end":{"line":302,"column":98}},"119":{"start":{"line":304,"column":28},"end":{"line":304,"column":79}},"120":{"start":{"line":305,"column":4},"end":{"line":307,"column":5}},"121":{"start":{"line":306,"column":8},"end":{"line":306,"column":53}},"122":{"start":{"line":308,"column":4},"end":{"line":310,"column":5}},"123":{"start":{"line":309,"column":8},"end":{"line":309,"column":69}},"124":{"start":{"line":311,"column":4},"end":{"line":313,"column":5}},"125":{"start":{"line":312,"column":8},"end":{"line":312,"column":77}},"126":{"start":{"line":314,"column":4},"end":{"line":316,"column":5}},"127":{"start":{"line":315,"column":8},"end":{"line":315,"column":77}},"128":{"start":{"line":318,"column":31},"end":{"line":318,"column":64}},"129":{"start":{"line":319,"column":4},"end":{"line":323,"column":5}},"130":{"start":{"line":320,"column":8},"end":{"line":320,"column":66}},"131":{"start":{"line":321,"column":8},"end":{"line":321,"column":51}},"132":{"start":{"line":322,"column":8},"end":{"line":322,"column":52}},"133":{"start":{"line":324,"column":28},"end":{"line":324,"column":66}},"134":{"start":{"line":325,"column":4},"end":{"line":327,"column":5}},"135":{"start":{"line":326,"column":8},"end":{"line":326,"column":59}},"136":{"start":{"line":328,"column":27},"end":{"line":328,"column":60}},"137":{"start":{"line":330,"column":27},"end":{"line":330,"column":50}},"138":{"start":{"line":331,"column":20},"end":{"line":331,"column":74}},"139":{"start":{"line":332,"column":4},"end":{"line":334,"column":5}},"140":{"start":{"line":333,"column":8},"end":{"line":333,"column":85}},"141":{"start":{"line":336,"column":25},"end":{"line":338,"column":60}},"142":{"start":{"line":340,"column":25},"end":{"line":340,"column":66}},"143":{"start":{"line":341,"column":26},"end":{"line":343,"column":18}},"144":{"start":{"line":345,"column":4},"end":{"line":353,"column":5}},"145":{"start":{"line":346,"column":28},"end":{"line":346,"column":91}},"146":{"start":{"line":347,"column":8},"end":{"line":347,"column":49}},"147":{"start":{"line":348,"column":8},"end":{"line":352,"column":24}},"148":{"start":{"line":355,"column":4},"end":{"line":355,"column":25}},"149":{"start":{"line":368,"column":49},"end":{"line":368,"column":58}},"150":{"start":{"line":369,"column":16},"end":{"line":369,"column":61}},"151":{"start":{"line":370,"column":16},"end":{"line":370,"column":65}},"152":{"start":{"line":371,"column":19},"end":{"line":371,"column":73}},"153":{"start":{"line":372,"column":17},"end":{"line":372,"column":32}},"154":{"start":{"line":373,"column":19},"end":{"line":373,"column":54}},"155":{"start":{"line":374,"column":20},"end":{"line":374,"column":168}},"156":{"start":{"line":375,"column":4},"end":{"line":377,"column":5}},"157":{"start":{"line":376,"column":8},"end":{"line":376,"column":57}},"158":{"start":{"line":378,"column":31},"end":{"line":378,"column":33}},"159":{"start":{"line":379,"column":4},"end":{"line":382,"column":5}},"160":{"start":{"line":380,"column":31},"end":{"line":380,"column":54}},"161":{"start":{"line":381,"column":8},"end":{"line":381,"column":86}},"162":{"start":{"line":383,"column":24},"end":{"line":388,"column":11}},"163":{"start":{"line":389,"column":4},"end":{"line":397,"column":5}},"164":{"start":{"line":390,"column":28},"end":{"line":390,"column":91}},"165":{"start":{"line":391,"column":8},"end":{"line":391,"column":49}},"166":{"start":{"line":392,"column":8},"end":{"line":396,"column":24}},"167":{"start":{"line":398,"column":4},"end":{"line":398,"column":23}},"168":{"start":{"line":409,"column":38},"end":{"line":409,"column":47}},"169":{"start":{"line":410,"column":19},"end":{"line":410,"column":60}},"170":{"start":{"line":411,"column":26},"end":{"line":411,"column":88}},"171":{"start":{"line":412,"column":4},"end":{"line":427,"column":5}},"172":{"start":{"line":413,"column":28},"end":{"line":413,"column":91}},"173":{"start":{"line":414,"column":8},"end":{"line":414,"column":49}},"174":{"start":{"line":415,"column":8},"end":{"line":420,"column":9}},"175":{"start":{"line":416,"column":28},"end":{"line":416,"column":63}},"176":{"start":{"line":417,"column":12},"end":{"line":419,"column":13}},"177":{"start":{"line":418,"column":16},"end":{"line":418,"column":87}},"178":{"start":{"line":422,"column":8},"end":{"line":426,"column":24}},"179":{"start":{"line":428,"column":4},"end":{"line":428,"column":25}},"180":{"start":{"line":441,"column":46},"end":{"line":441,"column":55}},"181":{"start":{"line":442,"column":24},"end":{"line":442,"column":88}},"182":{"start":{"line":444,"column":22},"end":{"line":444,"column":41}},"183":{"start":{"line":446,"column":4},"end":{"line":463,"column":5}},"184":{"start":{"line":446,"column":17},"end":{"line":446,"column":18}},"185":{"start":{"line":447,"column":33},"end":{"line":447,"column":78}},"186":{"start":{"line":448,"column":27},"end":{"line":448,"column":64}},"187":{"start":{"line":450,"column":8},"end":{"line":450,"column":74}},"188":{"start":{"line":452,"column":8},"end":{"line":454,"column":9}},"189":{"start":{"line":453,"column":12},"end":{"line":453,"column":74}},"190":{"start":{"line":456,"column":8},"end":{"line":460,"column":9}},"191":{"start":{"line":457,"column":12},"end":{"line":457,"column":84}},"192":{"start":{"line":458,"column":15},"end":{"line":460,"column":9}},"193":{"start":{"line":459,"column":12},"end":{"line":459,"column":91}},"194":{"start":{"line":462,"column":8},"end":{"line":462,"column":32}},"195":{"start":{"line":465,"column":4},"end":{"line":465,"column":28}},"196":{"start":{"line":466,"column":4},"end":{"line":474,"column":5}},"197":{"start":{"line":467,"column":28},"end":{"line":467,"column":91}},"198":{"start":{"line":468,"column":8},"end":{"line":468,"column":49}},"199":{"start":{"line":469,"column":8},"end":{"line":473,"column":24}},"200":{"start":{"line":476,"column":4},"end":{"line":476,"column":23}},"201":{"start":{"line":489,"column":41},"end":{"line":489,"column":50}},"202":{"start":{"line":490,"column":18},"end":{"line":490,"column":55}},"203":{"start":{"line":492,"column":22},"end":{"line":492,"column":24}},"204":{"start":{"line":493,"column":4},"end":{"line":496,"column":5}},"205":{"start":{"line":494,"column":28},"end":{"line":494,"column":62}},"206":{"start":{"line":495,"column":8},"end":{"line":495,"column":82}},"207":{"start":{"line":497,"column":26},"end":{"line":502,"column":15}},"208":{"start":{"line":503,"column":4},"end":{"line":511,"column":5}},"209":{"start":{"line":504,"column":28},"end":{"line":504,"column":91}},"210":{"start":{"line":505,"column":8},"end":{"line":505,"column":49}},"211":{"start":{"line":506,"column":8},"end":{"line":510,"column":24}},"212":{"start":{"line":513,"column":4},"end":{"line":513,"column":25}},"213":{"start":{"line":526,"column":43},"end":{"line":526,"column":52}},"214":{"start":{"line":527,"column":19},"end":{"line":527,"column":68}},"215":{"start":{"line":529,"column":19},"end":{"line":529,"column":39}},"216":{"start":{"line":530,"column":4},"end":{"line":541,"column":7}},"217":{"start":{"line":531,"column":22},"end":{"line":531,"column":38}},"218":{"start":{"line":532,"column":25},"end":{"line":532,"column":52}},"219":{"start":{"line":533,"column":30},"end":{"line":533,"column":50}},"220":{"start":{"line":534,"column":24},"end":{"line":534,"column":58}},"221":{"start":{"line":536,"column":8},"end":{"line":536,"column":104}},"222":{"start":{"line":537,"column":8},"end":{"line":537,"column":64}},"223":{"start":{"line":539,"column":27},"end":{"line":539,"column":77}},"224":{"start":{"line":540,"column":8},"end":{"line":540,"column":74}},"225":{"start":{"line":543,"column":4},"end":{"line":543,"column":25}},"226":{"start":{"line":544,"column":4},"end":{"line":552,"column":5}},"227":{"start":{"line":545,"column":28},"end":{"line":545,"column":91}},"228":{"start":{"line":546,"column":8},"end":{"line":546,"column":49}},"229":{"start":{"line":547,"column":8},"end":{"line":551,"column":24}},"230":{"start":{"line":554,"column":4},"end":{"line":554,"column":20}},"231":{"start":{"line":566,"column":24},"end":{"line":566,"column":28}},"232":{"start":{"line":567,"column":25},"end":{"line":567,"column":36}},"233":{"start":{"line":568,"column":4},"end":{"line":572,"column":5}},"234":{"start":{"line":569,"column":22},"end":{"line":569,"column":63}},"235":{"start":{"line":570,"column":8},"end":{"line":570,"column":34}},"236":{"start":{"line":571,"column":8},"end":{"line":571,"column":119}},"237":{"start":{"line":573,"column":22},"end":{"line":573,"column":75}},"238":{"start":{"line":574,"column":30},"end":{"line":584,"column":5}},"239":{"start":{"line":575,"column":27},"end":{"line":575,"column":46}},"240":{"start":{"line":576,"column":30},"end":{"line":576,"column":53}},"241":{"start":{"line":577,"column":8},"end":{"line":579,"column":9}},"242":{"start":{"line":578,"column":12},"end":{"line":578,"column":30}},"243":{"start":{"line":580,"column":8},"end":{"line":582,"column":9}},"244":{"start":{"line":581,"column":12},"end":{"line":581,"column":33}},"245":{"start":{"line":583,"column":8},"end":{"line":583,"column":111}},"246":{"start":{"line":585,"column":4},"end":{"line":588,"column":5}},"247":{"start":{"line":586,"column":28},"end":{"line":586,"column":71}},"248":{"start":{"line":587,"column":8},"end":{"line":587,"column":93}},"249":{"start":{"line":589,"column":27},"end":{"line":589,"column":29}},"250":{"start":{"line":590,"column":4},"end":{"line":592,"column":5}},"251":{"start":{"line":591,"column":8},"end":{"line":591,"column":50}},"252":{"start":{"line":593,"column":4},"end":{"line":593,"column":50}},"253":{"start":{"line":594,"column":28},"end":{"line":594,"column":59}},"254":{"start":{"line":595,"column":24},"end":{"line":595,"column":68}},"255":{"start":{"line":596,"column":4},"end":{"line":600,"column":5}},"256":{"start":{"line":597,"column":22},"end":{"line":597,"column":87}},"257":{"start":{"line":598,"column":28},"end":{"line":598,"column":72}},"258":{"start":{"line":599,"column":12},"end":{"line":599,"column":88}},"259":{"start":{"line":602,"column":4},"end":{"line":605,"column":5}},"260":{"start":{"line":603,"column":28},"end":{"line":603,"column":74}},"261":{"start":{"line":604,"column":8},"end":{"line":604,"column":63}},"262":{"start":{"line":606,"column":4},"end":{"line":609,"column":5}},"263":{"start":{"line":607,"column":28},"end":{"line":607,"column":70}},"264":{"start":{"line":608,"column":8},"end":{"line":608,"column":63}},"265":{"start":{"line":610,"column":4},"end":{"line":613,"column":5}},"266":{"start":{"line":611,"column":28},"end":{"line":611,"column":72}},"267":{"start":{"line":612,"column":8},"end":{"line":612,"column":63}},"268":{"start":{"line":614,"column":4},"end":{"line":618,"column":5}},"269":{"start":{"line":615,"column":29},"end":{"line":615,"column":95}},"270":{"start":{"line":616,"column":25},"end":{"line":616,"column":154}},"271":{"start":{"line":617,"column":8},"end":{"line":617,"column":115}},"272":{"start":{"line":619,"column":23},"end":{"line":619,"column":38}},"273":{"start":{"line":620,"column":4},"end":{"line":677,"column":5}},"274":{"start":{"line":621,"column":8},"end":{"line":621,"column":234}},"275":{"start":{"line":622,"column":11},"end":{"line":677,"column":5}},"276":{"start":{"line":623,"column":25},"end":{"line":623,"column":80}},"277":{"start":{"line":624,"column":24},"end":{"line":624,"column":47}},"278":{"start":{"line":625,"column":25},"end":{"line":625,"column":96}},"279":{"start":{"line":626,"column":8},"end":{"line":626,"column":247}},"280":{"start":{"line":627,"column":11},"end":{"line":677,"column":5}},"281":{"start":{"line":628,"column":23},"end":{"line":628,"column":72}},"282":{"start":{"line":629,"column":8},"end":{"line":629,"column":136}},"283":{"start":{"line":630,"column":11},"end":{"line":677,"column":5}},"284":{"start":{"line":631,"column":19},"end":{"line":631,"column":88}},"285":{"start":{"line":632,"column":28},"end":{"line":632,"column":99}},"286":{"start":{"line":633,"column":8},"end":{"line":633,"column":338}},"287":{"start":{"line":634,"column":11},"end":{"line":677,"column":5}},"288":{"start":{"line":635,"column":19},"end":{"line":635,"column":88}},"289":{"start":{"line":636,"column":28},"end":{"line":636,"column":99}},"290":{"start":{"line":637,"column":8},"end":{"line":637,"column":371}},"291":{"start":{"line":638,"column":11},"end":{"line":677,"column":5}},"292":{"start":{"line":639,"column":8},"end":{"line":639,"column":146}},"293":{"start":{"line":640,"column":11},"end":{"line":677,"column":5}},"294":{"start":{"line":641,"column":19},"end":{"line":641,"column":88}},"295":{"start":{"line":642,"column":28},"end":{"line":642,"column":99}},"296":{"start":{"line":643,"column":24},"end":{"line":643,"column":90}},"297":{"start":{"line":644,"column":27},"end":{"line":648,"column":19}},"298":{"start":{"line":645,"column":26},"end":{"line":645,"column":36}},"299":{"start":{"line":646,"column":29},"end":{"line":646,"column":81}},"300":{"start":{"line":647,"column":12},"end":{"line":647,"column":90}},"301":{"start":{"line":649,"column":8},"end":{"line":649,"column":237}},"302":{"start":{"line":650,"column":11},"end":{"line":677,"column":5}},"303":{"start":{"line":651,"column":8},"end":{"line":651,"column":52}},"304":{"start":{"line":652,"column":11},"end":{"line":677,"column":5}},"305":{"start":{"line":653,"column":19},"end":{"line":653,"column":88}},"306":{"start":{"line":654,"column":28},"end":{"line":654,"column":99}},"307":{"start":{"line":655,"column":8},"end":{"line":655,"column":297}},"308":{"start":{"line":656,"column":11},"end":{"line":677,"column":5}},"309":{"start":{"line":657,"column":19},"end":{"line":657,"column":88}},"310":{"start":{"line":658,"column":28},"end":{"line":658,"column":99}},"311":{"start":{"line":659,"column":8},"end":{"line":659,"column":346}},"312":{"start":{"line":660,"column":11},"end":{"line":677,"column":5}},"313":{"start":{"line":661,"column":22},"end":{"line":661,"column":48}},"314":{"start":{"line":662,"column":23},"end":{"line":662,"column":125}},"315":{"start":{"line":663,"column":8},"end":{"line":665,"column":11}},"316":{"start":{"line":664,"column":12},"end":{"line":664,"column":122}},"317":{"start":{"line":666,"column":8},"end":{"line":666,"column":35}},"318":{"start":{"line":667,"column":8},"end":{"line":667,"column":24}},"319":{"start":{"line":668,"column":11},"end":{"line":677,"column":5}},"320":{"start":{"line":669,"column":8},"end":{"line":669,"column":145}},"321":{"start":{"line":670,"column":11},"end":{"line":677,"column":5}},"322":{"start":{"line":671,"column":8},"end":{"line":671,"column":78}},"323":{"start":{"line":672,"column":11},"end":{"line":677,"column":5}},"324":{"start":{"line":673,"column":24},"end":{"line":673,"column":107}},"325":{"start":{"line":674,"column":26},"end":{"line":674,"column":67}},"326":{"start":{"line":675,"column":32},"end":{"line":675,"column":77}},"327":{"start":{"line":676,"column":8},"end":{"line":676,"column":251}},"328":{"start":{"line":678,"column":4},"end":{"line":678,"column":109}},"329":{"start":{"line":692,"column":22},"end":{"line":692,"column":68}},"330":{"start":{"line":693,"column":27},"end":{"line":693,"column":55}},"331":{"start":{"line":694,"column":27},"end":{"line":694,"column":48}},"332":{"start":{"line":695,"column":20},"end":{"line":695,"column":66}},"333":{"start":{"line":696,"column":21},"end":{"line":696,"column":68}},"334":{"start":{"line":697,"column":22},"end":{"line":697,"column":66}},"335":{"start":{"line":698,"column":18},"end":{"line":698,"column":64}},"336":{"start":{"line":699,"column":29},"end":{"line":699,"column":60}},"337":{"start":{"line":700,"column":21},"end":{"line":700,"column":104}},"338":{"start":{"line":701,"column":22},"end":{"line":701,"column":85}},"339":{"start":{"line":702,"column":27},"end":{"line":702,"column":29}},"340":{"start":{"line":703,"column":4},"end":{"line":717,"column":5}},"341":{"start":{"line":704,"column":8},"end":{"line":706,"column":9}},"342":{"start":{"line":705,"column":12},"end":{"line":705,"column":43}},"343":{"start":{"line":707,"column":8},"end":{"line":709,"column":9}},"344":{"start":{"line":708,"column":12},"end":{"line":708,"column":42}},"345":{"start":{"line":711,"column":8},"end":{"line":713,"column":9}},"346":{"start":{"line":712,"column":12},"end":{"line":712,"column":42}},"347":{"start":{"line":714,"column":8},"end":{"line":716,"column":9}},"348":{"start":{"line":715,"column":12},"end":{"line":715,"column":43}},"349":{"start":{"line":718,"column":23},"end":{"line":718,"column":78}},"350":{"start":{"line":719,"column":25},"end":{"line":719,"column":48}},"351":{"start":{"line":720,"column":22},"end":{"line":754,"column":5}},"352":{"start":{"line":721,"column":23},"end":{"line":721,"column":40}},"353":{"start":{"line":722,"column":8},"end":{"line":724,"column":9}},"354":{"start":{"line":723,"column":12},"end":{"line":723,"column":39}},"355":{"start":{"line":725,"column":8},"end":{"line":737,"column":9}},"356":{"start":{"line":726,"column":28},"end":{"line":726,"column":41}},"357":{"start":{"line":727,"column":12},"end":{"line":729,"column":13}},"358":{"start":{"line":728,"column":16},"end":{"line":728,"column":54}},"359":{"start":{"line":730,"column":12},"end":{"line":732,"column":13}},"360":{"start":{"line":731,"column":16},"end":{"line":731,"column":31}},"361":{"start":{"line":733,"column":28},"end":{"line":733,"column":47}},"362":{"start":{"line":734,"column":12},"end":{"line":736,"column":13}},"363":{"start":{"line":735,"column":16},"end":{"line":735,"column":44}},"364":{"start":{"line":738,"column":8},"end":{"line":752,"column":9}},"365":{"start":{"line":739,"column":12},"end":{"line":741,"column":13}},"366":{"start":{"line":740,"column":16},"end":{"line":740,"column":45}},"367":{"start":{"line":742,"column":12},"end":{"line":751,"column":13}},"368":{"start":{"line":743,"column":40},"end":{"line":743,"column":55}},"369":{"start":{"line":744,"column":16},"end":{"line":746,"column":17}},"370":{"start":{"line":745,"column":20},"end":{"line":745,"column":43}},"371":{"start":{"line":747,"column":40},"end":{"line":747,"column":67}},"372":{"start":{"line":748,"column":16},"end":{"line":750,"column":17}},"373":{"start":{"line":749,"column":20},"end":{"line":749,"column":56}},"374":{"start":{"line":753,"column":8},"end":{"line":753,"column":22}},"375":{"start":{"line":755,"column":25},"end":{"line":774,"column":8}},"376":{"start":{"line":756,"column":26},"end":{"line":756,"column":69}},"377":{"start":{"line":757,"column":8},"end":{"line":759,"column":9}},"378":{"start":{"line":758,"column":12},"end":{"line":758,"column":29}},"379":{"start":{"line":760,"column":8},"end":{"line":772,"column":9}},"380":{"start":{"line":761,"column":28},"end":{"line":761,"column":44}},"381":{"start":{"line":762,"column":12},"end":{"line":767,"column":13}},"382":{"start":{"line":763,"column":33},"end":{"line":763,"column":52}},"383":{"start":{"line":764,"column":16},"end":{"line":766,"column":17}},"384":{"start":{"line":765,"column":20},"end":{"line":765,"column":41}},"385":{"start":{"line":768,"column":27},"end":{"line":768,"column":46}},"386":{"start":{"line":769,"column":12},"end":{"line":771,"column":13}},"387":{"start":{"line":770,"column":16},"end":{"line":770,"column":30}},"388":{"start":{"line":773,"column":8},"end":{"line":773,"column":18}},"389":{"start":{"line":775,"column":26},"end":{"line":775,"column":95}},"390":{"start":{"line":776,"column":25},"end":{"line":776,"column":93}},"391":{"start":{"line":777,"column":28},"end":{"line":777,"column":120}},"392":{"start":{"line":778,"column":27},"end":{"line":778,"column":120}},"393":{"start":{"line":779,"column":23},"end":{"line":779,"column":78}},"394":{"start":{"line":780,"column":22},"end":{"line":780,"column":76}},"395":{"start":{"line":781,"column":29},"end":{"line":781,"column":85}},"396":{"start":{"line":782,"column":33},"end":{"line":782,"column":119}},"397":{"start":{"line":783,"column":24},"end":{"line":788,"column":8}},"398":{"start":{"line":784,"column":8},"end":{"line":786,"column":9}},"399":{"start":{"line":785,"column":12},"end":{"line":785,"column":23}},"400":{"start":{"line":787,"column":8},"end":{"line":787,"column":70}},"401":{"start":{"line":789,"column":26},"end":{"line":789,"column":53}},"402":{"start":{"line":790,"column":23},"end":{"line":790,"column":47}},"403":{"start":{"line":791,"column":21},"end":{"line":791,"column":81}},"404":{"start":{"line":792,"column":32},"end":{"line":794,"column":12}},"405":{"start":{"line":795,"column":27},"end":{"line":795,"column":29}},"406":{"start":{"line":796,"column":4},"end":{"line":798,"column":5}},"407":{"start":{"line":797,"column":8},"end":{"line":797,"column":49}},"408":{"start":{"line":799,"column":4},"end":{"line":799,"column":60}},"409":{"start":{"line":800,"column":4},"end":{"line":800,"column":64}},"410":{"start":{"line":801,"column":4},"end":{"line":801,"column":62}},"411":{"start":{"line":802,"column":4},"end":{"line":802,"column":68}},"412":{"start":{"line":803,"column":4},"end":{"line":803,"column":66}},"413":{"start":{"line":804,"column":4},"end":{"line":804,"column":59}},"414":{"start":{"line":805,"column":4},"end":{"line":807,"column":5}},"415":{"start":{"line":806,"column":8},"end":{"line":806,"column":70}},"416":{"start":{"line":808,"column":4},"end":{"line":810,"column":5}},"417":{"start":{"line":809,"column":8},"end":{"line":809,"column":68}},"418":{"start":{"line":811,"column":20},"end":{"line":811,"column":80}},"419":{"start":{"line":812,"column":4},"end":{"line":814,"column":5}},"420":{"start":{"line":813,"column":8},"end":{"line":813,"column":69}},"421":{"start":{"line":815,"column":23},"end":{"line":815,"column":78}},"422":{"start":{"line":816,"column":4},"end":{"line":818,"column":5}},"423":{"start":{"line":817,"column":8},"end":{"line":817,"column":75}},"424":{"start":{"line":819,"column":27},"end":{"line":819,"column":51}},"425":{"start":{"line":820,"column":34},"end":{"line":829,"column":5}},"426":{"start":{"line":821,"column":8},"end":{"line":823,"column":9}},"427":{"start":{"line":822,"column":12},"end":{"line":822,"column":22}},"428":{"start":{"line":824,"column":8},"end":{"line":828,"column":20}},"429":{"start":{"line":825,"column":25},"end":{"line":825,"column":41}},"430":{"start":{"line":826,"column":26},"end":{"line":826,"column":54}},"431":{"start":{"line":827,"column":12},"end":{"line":827,"column":74}},"432":{"start":{"line":830,"column":22},"end":{"line":830,"column":50}},"433":{"start":{"line":831,"column":22},"end":{"line":834,"column":19}},"434":{"start":{"line":835,"column":24},"end":{"line":838,"column":19}},"435":{"start":{"line":839,"column":29},"end":{"line":844,"column":22}},"436":{"start":{"line":845,"column":30},"end":{"line":845,"column":63}},"437":{"start":{"line":846,"column":21},"end":{"line":848,"column":52}},"438":{"start":{"line":849,"column":26},"end":{"line":849,"column":45}},"439":{"start":{"line":851,"column":4},"end":{"line":855,"column":6}},"440":{"start":{"line":864,"column":17},"end":{"line":864,"column":19}},"441":{"start":{"line":865,"column":23},"end":{"line":865,"column":45}},"442":{"start":{"line":866,"column":28},"end":{"line":866,"column":75}},"443":{"start":{"line":867,"column":28},"end":{"line":867,"column":74}},"444":{"start":{"line":868,"column":28},"end":{"line":868,"column":74}},"445":{"start":{"line":869,"column":4},"end":{"line":875,"column":5}},"446":{"start":{"line":870,"column":8},"end":{"line":870,"column":65}},"447":{"start":{"line":871,"column":8},"end":{"line":871,"column":44}},"448":{"start":{"line":872,"column":8},"end":{"line":872,"column":49}},"449":{"start":{"line":873,"column":11},"end":{"line":875,"column":5}},"450":{"start":{"line":874,"column":8},"end":{"line":874,"column":58}},"451":{"start":{"line":876,"column":28},"end":{"line":876,"column":50}},"452":{"start":{"line":877,"column":21},"end":{"line":877,"column":82}},"453":{"start":{"line":878,"column":4},"end":{"line":880,"column":5}},"454":{"start":{"line":879,"column":8},"end":{"line":879,"column":44}},"455":{"start":{"line":881,"column":23},"end":{"line":881,"column":84}},"456":{"start":{"line":882,"column":4},"end":{"line":884,"column":5}},"457":{"start":{"line":883,"column":8},"end":{"line":883,"column":48}},"458":{"start":{"line":885,"column":22},"end":{"line":885,"column":66}},"459":{"start":{"line":886,"column":4},"end":{"line":888,"column":5}},"460":{"start":{"line":887,"column":8},"end":{"line":887,"column":46}},"461":{"start":{"line":889,"column":26},"end":{"line":889,"column":70}},"462":{"start":{"line":890,"column":4},"end":{"line":892,"column":5}},"463":{"start":{"line":891,"column":8},"end":{"line":891,"column":54}},"464":{"start":{"line":893,"column":31},"end":{"line":893,"column":105}},"465":{"start":{"line":894,"column":4},"end":{"line":896,"column":5}},"466":{"start":{"line":895,"column":8},"end":{"line":895,"column":59}},"467":{"start":{"line":897,"column":28},"end":{"line":897,"column":93}},"468":{"start":{"line":898,"column":4},"end":{"line":900,"column":5}},"469":{"start":{"line":899,"column":8},"end":{"line":899,"column":53}},"470":{"start":{"line":901,"column":22},"end":{"line":901,"column":62}},"471":{"start":{"line":902,"column":4},"end":{"line":904,"column":5}},"472":{"start":{"line":903,"column":8},"end":{"line":903,"column":46}},"473":{"start":{"line":905,"column":22},"end":{"line":905,"column":58}},"474":{"start":{"line":906,"column":4},"end":{"line":908,"column":5}},"475":{"start":{"line":907,"column":8},"end":{"line":907,"column":41}},"476":{"start":{"line":909,"column":19},"end":{"line":909,"column":37}},"477":{"start":{"line":910,"column":25},"end":{"line":910,"column":44}},"478":{"start":{"line":911,"column":24},"end":{"line":911,"column":60}},"479":{"start":{"line":912,"column":4},"end":{"line":921,"column":5}},"480":{"start":{"line":913,"column":8},"end":{"line":918,"column":9}},"481":{"start":{"line":914,"column":29},"end":{"line":914,"column":67}},"482":{"start":{"line":915,"column":12},"end":{"line":917,"column":13}},"483":{"start":{"line":916,"column":16},"end":{"line":916,"column":57}},"484":{"start":{"line":919,"column":11},"end":{"line":921,"column":5}},"485":{"start":{"line":920,"column":8},"end":{"line":920,"column":52}},"486":{"start":{"line":922,"column":25},"end":{"line":922,"column":63}},"487":{"start":{"line":923,"column":4},"end":{"line":932,"column":5}},"488":{"start":{"line":924,"column":8},"end":{"line":929,"column":9}},"489":{"start":{"line":925,"column":29},"end":{"line":925,"column":68}},"490":{"start":{"line":926,"column":12},"end":{"line":928,"column":13}},"491":{"start":{"line":927,"column":16},"end":{"line":927,"column":58}},"492":{"start":{"line":930,"column":11},"end":{"line":932,"column":5}},"493":{"start":{"line":931,"column":8},"end":{"line":931,"column":54}},"494":{"start":{"line":933,"column":24},"end":{"line":933,"column":63}},"495":{"start":{"line":934,"column":24},"end":{"line":934,"column":62}},"496":{"start":{"line":935,"column":29},"end":{"line":935,"column":67}},"497":{"start":{"line":936,"column":29},"end":{"line":936,"column":67}},"498":{"start":{"line":937,"column":4},"end":{"line":943,"column":5}},"499":{"start":{"line":938,"column":27},"end":{"line":938,"column":100}},"500":{"start":{"line":939,"column":27},"end":{"line":939,"column":54}},"501":{"start":{"line":940,"column":8},"end":{"line":942,"column":9}},"502":{"start":{"line":941,"column":12},"end":{"line":941,"column":94}},"503":{"start":{"line":944,"column":25},"end":{"line":944,"column":65}},"504":{"start":{"line":945,"column":4},"end":{"line":948,"column":5}},"505":{"start":{"line":946,"column":28},"end":{"line":946,"column":104}},"506":{"start":{"line":947,"column":8},"end":{"line":947,"column":51}},"507":{"start":{"line":949,"column":24},"end":{"line":949,"column":57}},"508":{"start":{"line":950,"column":4},"end":{"line":952,"column":5}},"509":{"start":{"line":951,"column":8},"end":{"line":951,"column":48}},"510":{"start":{"line":953,"column":21},"end":{"line":953,"column":36}},"511":{"start":{"line":954,"column":4},"end":{"line":956,"column":5}},"512":{"start":{"line":955,"column":8},"end":{"line":955,"column":93}},"513":{"start":{"line":957,"column":18},"end":{"line":957,"column":45}},"514":{"start":{"line":958,"column":4},"end":{"line":960,"column":5}},"515":{"start":{"line":959,"column":8},"end":{"line":959,"column":80}},"516":{"start":{"line":961,"column":27},"end":{"line":961,"column":62}},"517":{"start":{"line":962,"column":32},"end":{"line":962,"column":71}},"518":{"start":{"line":963,"column":4},"end":{"line":965,"column":5}},"519":{"start":{"line":964,"column":8},"end":{"line":964,"column":56}},"520":{"start":{"line":966,"column":4},"end":{"line":966,"column":18}},"521":{"start":{"line":976,"column":4},"end":{"line":976,"column":54}},"522":{"start":{"line":983,"column":18},"end":{"line":983,"column":55}},"523":{"start":{"line":984,"column":4},"end":{"line":993,"column":7}},"524":{"start":{"line":985,"column":24},"end":{"line":985,"column":57}},"525":{"start":{"line":986,"column":8},"end":{"line":992,"column":9}},"526":{"start":{"line":987,"column":12},"end":{"line":991,"column":13}},"527":{"start":{"line":988,"column":16},"end":{"line":988,"column":78}},"528":{"start":{"line":990,"column":16},"end":{"line":990,"column":83}},"529":{"start":{"line":1001,"column":4},"end":{"line":1001,"column":50}}},"fnMap":{"0":{"name":"applyVariantProperties","decl":{"start":{"line":24,"column":9},"end":{"line":24,"column":31}},"loc":{"start":{"line":24,"column":64},"end":{"line":33,"column":1}},"line":24},"1":{"name":"buildStyleString","decl":{"start":{"line":35,"column":9},"end":{"line":35,"column":25}},"loc":{"start":{"line":35,"column":38},"end":{"line":47,"column":1}},"line":35},"2":{"name":"(anonymous_2)","decl":{"start":{"line":38,"column":13},"end":{"line":38,"column":14}},"loc":{"start":{"line":38,"column":21},"end":{"line":44,"column":9}},"line":38},"3":{"name":"normalizeDimensionValue","decl":{"start":{"line":49,"column":9},"end":{"line":49,"column":32}},"loc":{"start":{"line":49,"column":40},"end":{"line":68,"column":1}},"line":49},"4":{"name":"mapFlexAlign","decl":{"start":{"line":70,"column":9},"end":{"line":70,"column":21}},"loc":{"start":{"line":70,"column":29},"end":{"line":72,"column":1}},"line":70},"5":{"name":"mapFlexJustify","decl":{"start":{"line":74,"column":9},"end":{"line":74,"column":23}},"loc":{"start":{"line":74,"column":31},"end":{"line":76,"column":1}},"line":74},"6":{"name":"(anonymous_6)","decl":{"start":{"line":78,"column":26},"end":{"line":78,"column":27}},"loc":{"start":{"line":78,"column":41},"end":{"line":89,"column":1}},"line":78},"7":{"name":"renderYamlStructure","decl":{"start":{"line":96,"column":16},"end":{"line":96,"column":35}},"loc":{"start":{"line":96,"column":65},"end":{"line":120,"column":1}},"line":96},"8":{"name":"renderComponentsList","decl":{"start":{"line":128,"column":16},"end":{"line":128,"column":36}},"loc":{"start":{"line":128,"column":65},"end":{"line":136,"column":1}},"line":128},"9":{"name":"(anonymous_9)","decl":{"start":{"line":131,"column":23},"end":{"line":131,"column":24}},"loc":{"start":{"line":131,"column":45},"end":{"line":134,"column":5}},"line":131},"10":{"name":"renderComponent","decl":{"start":{"line":144,"column":16},"end":{"line":144,"column":31}},"loc":{"start":{"line":144,"column":55},"end":{"line":169,"column":1}},"line":144},"11":{"name":"renderCarousel","decl":{"start":{"line":180,"column":9},"end":{"line":180,"column":23}},"loc":{"start":{"line":180,"column":47},"end":{"line":217,"column":1}},"line":180},"12":{"name":"(anonymous_12)","decl":{"start":{"line":202,"column":29},"end":{"line":202,"column":30}},"loc":{"start":{"line":202,"column":39},"end":{"line":202,"column":75}},"line":202},"13":{"name":"renderFormComponent","decl":{"start":{"line":228,"column":9},"end":{"line":228,"column":28}},"loc":{"start":{"line":228,"column":52},"end":{"line":248,"column":1}},"line":228},"14":{"name":"renderPageComponent","decl":{"start":{"line":259,"column":9},"end":{"line":259,"column":28}},"loc":{"start":{"line":259,"column":52},"end":{"line":281,"column":1}},"line":259},"15":{"name":"renderSectionComponent","decl":{"start":{"line":284,"column":9},"end":{"line":284,"column":31}},"loc":{"start":{"line":284,"column":55},"end":{"line":356,"column":1}},"line":284},"16":{"name":"renderImageComponent","decl":{"start":{"line":367,"column":9},"end":{"line":367,"column":29}},"loc":{"start":{"line":367,"column":53},"end":{"line":399,"column":1}},"line":367},"17":{"name":"renderSimpleComponent","decl":{"start":{"line":408,"column":16},"end":{"line":408,"column":37}},"loc":{"start":{"line":408,"column":61},"end":{"line":429,"column":1}},"line":408},"18":{"name":"renderColumnsGrid","decl":{"start":{"line":440,"column":9},"end":{"line":440,"column":26}},"loc":{"start":{"line":440,"column":50},"end":{"line":477,"column":1}},"line":440},"19":{"name":"renderAccordion","decl":{"start":{"line":488,"column":9},"end":{"line":488,"column":24}},"loc":{"start":{"line":488,"column":48},"end":{"line":514,"column":1}},"line":488},"20":{"name":"renderTabs","decl":{"start":{"line":525,"column":9},"end":{"line":525,"column":19}},"loc":{"start":{"line":525,"column":43},"end":{"line":555,"column":1}},"line":525},"21":{"name":"(anonymous_21)","decl":{"start":{"line":530,"column":17},"end":{"line":530,"column":18}},"loc":{"start":{"line":530,"column":29},"end":{"line":541,"column":5}},"line":530},"22":{"name":"generateComponentInnerHTML","decl":{"start":{"line":565,"column":16},"end":{"line":565,"column":42}},"loc":{"start":{"line":565,"column":82},"end":{"line":679,"column":1}},"line":565},"23":{"name":"(anonymous_23)","decl":{"start":{"line":574,"column":30},"end":{"line":574,"column":31}},"loc":{"start":{"line":574,"column":50},"end":{"line":584,"column":5}},"line":574},"24":{"name":"(anonymous_24)","decl":{"start":{"line":644,"column":39},"end":{"line":644,"column":40}},"loc":{"start":{"line":644,"column":46},"end":{"line":648,"column":9}},"line":644},"25":{"name":"(anonymous_25)","decl":{"start":{"line":663,"column":22},"end":{"line":663,"column":23}},"loc":{"start":{"line":663,"column":30},"end":{"line":665,"column":9}},"line":663},"26":{"name":"generateTitlebarHTML","decl":{"start":{"line":691,"column":9},"end":{"line":691,"column":29}},"loc":{"start":{"line":691,"column":63},"end":{"line":856,"column":1}},"line":691},"27":{"name":"(anonymous_27)","decl":{"start":{"line":720,"column":22},"end":{"line":720,"column":23}},"loc":{"start":{"line":720,"column":43},"end":{"line":754,"column":5}},"line":720},"28":{"name":"(anonymous_28)","decl":{"start":{"line":755,"column":26},"end":{"line":755,"column":27}},"loc":{"start":{"line":755,"column":32},"end":{"line":774,"column":5}},"line":755},"29":{"name":"(anonymous_29)","decl":{"start":{"line":783,"column":25},"end":{"line":783,"column":26}},"loc":{"start":{"line":783,"column":31},"end":{"line":788,"column":5}},"line":783},"30":{"name":"(anonymous_30)","decl":{"start":{"line":820,"column":34},"end":{"line":820,"column":35}},"loc":{"start":{"line":820,"column":45},"end":{"line":829,"column":5}},"line":820},"31":{"name":"(anonymous_31)","decl":{"start":{"line":824,"column":25},"end":{"line":824,"column":26}},"loc":{"start":{"line":824,"column":33},"end":{"line":828,"column":9}},"line":824},"32":{"name":"generateRemainingStyles","decl":{"start":{"line":863,"column":9},"end":{"line":863,"column":32}},"loc":{"start":{"line":863,"column":60},"end":{"line":967,"column":1}},"line":863},"33":{"name":"registerComponentForInitialization","decl":{"start":{"line":975,"column":16},"end":{"line":975,"column":50}},"loc":{"start":{"line":975,"column":73},"end":{"line":977,"column":1}},"line":975},"34":{"name":"initializeAllComponents","decl":{"start":{"line":982,"column":16},"end":{"line":982,"column":39}},"loc":{"start":{"line":982,"column":63},"end":{"line":994,"column":1}},"line":982},"35":{"name":"(anonymous_35)","decl":{"start":{"line":984,"column":18},"end":{"line":984,"column":19}},"loc":{"start":{"line":984,"column":27},"end":{"line":993,"column":5}},"line":984},"36":{"name":"computeInlineStylesFromProperties","decl":{"start":{"line":1000,"column":16},"end":{"line":1000,"column":49}},"loc":{"start":{"line":1000,"column":62},"end":{"line":1002,"column":1}},"line":1000}},"branchMap":{"0":{"loc":{"start":{"line":24,"column":47},"end":{"line":24,"column":62}},"type":"default-arg","locations":[{"start":{"line":24,"column":60},"end":{"line":24,"column":62}}],"line":24},"1":{"loc":{"start":{"line":25,"column":21},"end":{"line":25,"column":49}},"type":"binary-expr","locations":[{"start":{"line":25,"column":21},"end":{"line":25,"column":43}},{"start":{"line":25,"column":47},"end":{"line":25,"column":49}}],"line":25},"2":{"loc":{"start":{"line":28,"column":4},"end":{"line":30,"column":5}},"type":"if","locations":[{"start":{"line":28,"column":4},"end":{"line":30,"column":5}},{"start":{},"end":{}}],"line":28},"3":{"loc":{"start":{"line":28,"column":8},"end":{"line":28,"column":75}},"type":"binary-expr","locations":[{"start":{"line":28,"column":8},"end":{"line":28,"column":26}},{"start":{"line":28,"column":30},"end":{"line":28,"column":41}},{"start":{"line":28,"column":45},"end":{"line":28,"column":75}}],"line":28},"4":{"loc":{"start":{"line":35,"column":26},"end":{"line":35,"column":36}},"type":"default-arg","locations":[{"start":{"line":35,"column":34},"end":{"line":35,"column":36}}],"line":35},"5":{"loc":{"start":{"line":40,"column":12},"end":{"line":42,"column":13}},"type":"if","locations":[{"start":{"line":40,"column":12},"end":{"line":42,"column":13}},{"start":{},"end":{}}],"line":40},"6":{"loc":{"start":{"line":43,"column":19},"end":{"line":43,"column":66}},"type":"cond-expr","locations":[{"start":{"line":43,"column":43},"end":{"line":43,"column":50}},{"start":{"line":43,"column":53},"end":{"line":43,"column":66}}],"line":43},"7":{"loc":{"start":{"line":50,"column":4},"end":{"line":52,"column":5}},"type":"if","locations":[{"start":{"line":50,"column":4},"end":{"line":52,"column":5}},{"start":{},"end":{}}],"line":50},"8":{"loc":{"start":{"line":50,"column":8},"end":{"line":50,"column":61}},"type":"binary-expr","locations":[{"start":{"line":50,"column":8},"end":{"line":50,"column":27}},{"start":{"line":50,"column":31},"end":{"line":50,"column":45}},{"start":{"line":50,"column":49},"end":{"line":50,"column":61}}],"line":50},"9":{"loc":{"start":{"line":53,"column":4},"end":{"line":55,"column":5}},"type":"if","locations":[{"start":{"line":53,"column":4},"end":{"line":55,"column":5}},{"start":{},"end":{}}],"line":53},"10":{"loc":{"start":{"line":56,"column":4},"end":{"line":66,"column":5}},"type":"if","locations":[{"start":{"line":56,"column":4},"end":{"line":66,"column":5}},{"start":{},"end":{}}],"line":56},"11":{"loc":{"start":{"line":58,"column":8},"end":{"line":60,"column":9}},"type":"if","locations":[{"start":{"line":58,"column":8},"end":{"line":60,"column":9}},{"start":{},"end":{}}],"line":58},"12":{"loc":{"start":{"line":62,"column":8},"end":{"line":64,"column":9}},"type":"if","locations":[{"start":{"line":62,"column":8},"end":{"line":64,"column":9}},{"start":{},"end":{}}],"line":62},"13":{"loc":{"start":{"line":62,"column":12},"end":{"line":62,"column":62}},"type":"binary-expr","locations":[{"start":{"line":62,"column":12},"end":{"line":62,"column":34}},{"start":{"line":62,"column":38},"end":{"line":62,"column":62}}],"line":62},"14":{"loc":{"start":{"line":71,"column":11},"end":{"line":71,"column":41}},"type":"binary-expr","locations":[{"start":{"line":71,"column":11},"end":{"line":71,"column":32}},{"start":{"line":71,"column":36},"end":{"line":71,"column":41}}],"line":71},"15":{"loc":{"start":{"line":75,"column":11},"end":{"line":75,"column":43}},"type":"binary-expr","locations":[{"start":{"line":75,"column":11},"end":{"line":75,"column":34}},{"start":{"line":75,"column":38},"end":{"line":75,"column":43}}],"line":75},"16":{"loc":{"start":{"line":79,"column":4},"end":{"line":88,"column":5}},"type":"switch","locations":[{"start":{"line":80,"column":8},"end":{"line":81,"column":35}},{"start":{"line":82,"column":8},"end":{"line":83,"column":37}},{"start":{"line":84,"column":8},"end":{"line":85,"column":36}},{"start":{"line":86,"column":8},"end":{"line":87,"column":22}}],"line":79},"17":{"loc":{"start":{"line":96,"column":47},"end":{"line":96,"column":63}},"type":"default-arg","locations":[{"start":{"line":96,"column":54},"end":{"line":96,"column":63}}],"line":96},"18":{"loc":{"start":{"line":98,"column":4},"end":{"line":114,"column":5}},"type":"if","locations":[{"start":{"line":98,"column":4},"end":{"line":114,"column":5}},{"start":{},"end":{}}],"line":98},"19":{"loc":{"start":{"line":98,"column":8},"end":{"line":98,"column":105}},"type":"binary-expr","locations":[{"start":{"line":98,"column":8},"end":{"line":98,"column":18}},{"start":{"line":98,"column":22},"end":{"line":98,"column":47}},{"start":{"line":98,"column":51},"end":{"line":98,"column":73}},{"start":{"line":98,"column":77},"end":{"line":98,"column":105}}],"line":98},"20":{"loc":{"start":{"line":145,"column":4},"end":{"line":145,"column":49}},"type":"if","locations":[{"start":{"line":145,"column":4},"end":{"line":145,"column":49}},{"start":{},"end":{}}],"line":145},"21":{"loc":{"start":{"line":145,"column":8},"end":{"line":145,"column":37}},"type":"binary-expr","locations":[{"start":{"line":145,"column":8},"end":{"line":145,"column":18}},{"start":{"line":145,"column":22},"end":{"line":145,"column":37}}],"line":145},"22":{"loc":{"start":{"line":146,"column":18},"end":{"line":146,"column":33}},"type":"default-arg","locations":[{"start":{"line":146,"column":31},"end":{"line":146,"column":33}}],"line":146},"23":{"loc":{"start":{"line":148,"column":33},"end":{"line":148,"column":129}},"type":"cond-expr","locations":[{"start":{"line":148,"column":69},"end":{"line":148,"column":78}},{"start":{"line":148,"column":81},"end":{"line":148,"column":129}}],"line":148},"24":{"loc":{"start":{"line":149,"column":4},"end":{"line":168,"column":5}},"type":"switch","locations":[{"start":{"line":150,"column":8},"end":{"line":151,"column":73}},{"start":{"line":152,"column":8},"end":{"line":153,"column":76}},{"start":{"line":154,"column":8},"end":{"line":155,"column":71}},{"start":{"line":156,"column":8},"end":{"line":157,"column":69}},{"start":{"line":158,"column":8},"end":{"line":159,"column":64}},{"start":{"line":160,"column":8},"end":{"line":161,"column":74}},{"start":{"line":162,"column":8},"end":{"line":163,"column":73}},{"start":{"line":164,"column":8},"end":{"line":165,"column":68}},{"start":{"line":166,"column":8},"end":{"line":167,"column":75}}],"line":149},"25":{"loc":{"start":{"line":181,"column":12},"end":{"line":181,"column":27}},"type":"default-arg","locations":[{"start":{"line":181,"column":25},"end":{"line":181,"column":27}}],"line":181},"26":{"loc":{"start":{"line":181,"column":29},"end":{"line":181,"column":40}},"type":"default-arg","locations":[{"start":{"line":181,"column":38},"end":{"line":181,"column":40}}],"line":181},"27":{"loc":{"start":{"line":187,"column":32},"end":{"line":187,"column":75}},"type":"cond-expr","locations":[{"start":{"line":187,"column":44},"end":{"line":187,"column":70}},{"start":{"line":187,"column":73},"end":{"line":187,"column":75}}],"line":187},"28":{"loc":{"start":{"line":187,"column":44},"end":{"line":187,"column":70}},"type":"binary-expr","locations":[{"start":{"line":187,"column":44},"end":{"line":187,"column":64}},{"start":{"line":187,"column":68},"end":{"line":187,"column":70}}],"line":187},"29":{"loc":{"start":{"line":206,"column":4},"end":{"line":215,"column":5}},"type":"if","locations":[{"start":{"line":206,"column":4},"end":{"line":215,"column":5}},{"start":{},"end":{}}],"line":206},"30":{"loc":{"start":{"line":229,"column":12},"end":{"line":229,"column":27}},"type":"default-arg","locations":[{"start":{"line":229,"column":25},"end":{"line":229,"column":27}}],"line":229},"31":{"loc":{"start":{"line":229,"column":29},"end":{"line":229,"column":44}},"type":"default-arg","locations":[{"start":{"line":229,"column":42},"end":{"line":229,"column":44}}],"line":229},"32":{"loc":{"start":{"line":232,"column":4},"end":{"line":244,"column":5}},"type":"if","locations":[{"start":{"line":232,"column":4},"end":{"line":244,"column":5}},{"start":{},"end":{}}],"line":232},"33":{"loc":{"start":{"line":235,"column":8},"end":{"line":237,"column":9}},"type":"if","locations":[{"start":{"line":235,"column":8},"end":{"line":237,"column":9}},{"start":{},"end":{}}],"line":235},"34":{"loc":{"start":{"line":261,"column":8},"end":{"line":261,"column":23}},"type":"default-arg","locations":[{"start":{"line":261,"column":21},"end":{"line":261,"column":23}}],"line":261},"35":{"loc":{"start":{"line":262,"column":8},"end":{"line":262,"column":23}},"type":"default-arg","locations":[{"start":{"line":262,"column":21},"end":{"line":262,"column":23}}],"line":262},"36":{"loc":{"start":{"line":267,"column":4},"end":{"line":278,"column":5}},"type":"if","locations":[{"start":{"line":267,"column":4},"end":{"line":278,"column":5}},{"start":{},"end":{}}],"line":267},"37":{"loc":{"start":{"line":270,"column":8},"end":{"line":272,"column":9}},"type":"if","locations":[{"start":{"line":270,"column":8},"end":{"line":272,"column":9}},{"start":{},"end":{}}],"line":270},"38":{"loc":{"start":{"line":285,"column":12},"end":{"line":285,"column":27}},"type":"default-arg","locations":[{"start":{"line":285,"column":25},"end":{"line":285,"column":27}}],"line":285},"39":{"loc":{"start":{"line":285,"column":29},"end":{"line":285,"column":44}},"type":"default-arg","locations":[{"start":{"line":285,"column":42},"end":{"line":285,"column":44}}],"line":285},"40":{"loc":{"start":{"line":286,"column":26},"end":{"line":286,"column":84}},"type":"binary-expr","locations":[{"start":{"line":286,"column":26},"end":{"line":286,"column":71}},{"start":{"line":286,"column":75},"end":{"line":286,"column":84}}],"line":286},"41":{"loc":{"start":{"line":287,"column":16},"end":{"line":287,"column":88}},"type":"cond-expr","locations":[{"start":{"line":287,"column":64},"end":{"line":287,"column":76}},{"start":{"line":287,"column":79},"end":{"line":287,"column":88}}],"line":287},"42":{"loc":{"start":{"line":289,"column":22},"end":{"line":289,"column":85}},"type":"binary-expr","locations":[{"start":{"line":289,"column":22},"end":{"line":289,"column":73}},{"start":{"line":289,"column":77},"end":{"line":289,"column":85}}],"line":289},"43":{"loc":{"start":{"line":293,"column":21},"end":{"line":293,"column":116}},"type":"binary-expr","locations":[{"start":{"line":293,"column":21},"end":{"line":293,"column":66}},{"start":{"line":293,"column":70},"end":{"line":293,"column":116}}],"line":293},"44":{"loc":{"start":{"line":305,"column":4},"end":{"line":307,"column":5}},"type":"if","locations":[{"start":{"line":305,"column":4},"end":{"line":307,"column":5}},{"start":{},"end":{}}],"line":305},"45":{"loc":{"start":{"line":308,"column":4},"end":{"line":310,"column":5}},"type":"if","locations":[{"start":{"line":308,"column":4},"end":{"line":310,"column":5}},{"start":{},"end":{}}],"line":308},"46":{"loc":{"start":{"line":311,"column":4},"end":{"line":313,"column":5}},"type":"if","locations":[{"start":{"line":311,"column":4},"end":{"line":313,"column":5}},{"start":{},"end":{}}],"line":311},"47":{"loc":{"start":{"line":314,"column":4},"end":{"line":316,"column":5}},"type":"if","locations":[{"start":{"line":314,"column":4},"end":{"line":316,"column":5}},{"start":{},"end":{}}],"line":314},"48":{"loc":{"start":{"line":315,"column":43},"end":{"line":315,"column":72}},"type":"cond-expr","locations":[{"start":{"line":315,"column":59},"end":{"line":315,"column":65}},{"start":{"line":315,"column":68},"end":{"line":315,"column":72}}],"line":315},"49":{"loc":{"start":{"line":319,"column":4},"end":{"line":323,"column":5}},"type":"if","locations":[{"start":{"line":319,"column":4},"end":{"line":323,"column":5}},{"start":{},"end":{}}],"line":319},"50":{"loc":{"start":{"line":325,"column":4},"end":{"line":327,"column":5}},"type":"if","locations":[{"start":{"line":325,"column":4},"end":{"line":327,"column":5}},{"start":{},"end":{}}],"line":325},"51":{"loc":{"start":{"line":332,"column":4},"end":{"line":334,"column":5}},"type":"if","locations":[{"start":{"line":332,"column":4},"end":{"line":334,"column":5}},{"start":{},"end":{}}],"line":332},"52":{"loc":{"start":{"line":332,"column":8},"end":{"line":332,"column":53}},"type":"binary-expr","locations":[{"start":{"line":332,"column":8},"end":{"line":332,"column":26}},{"start":{"line":332,"column":30},"end":{"line":332,"column":53}}],"line":332},"53":{"loc":{"start":{"line":336,"column":25},"end":{"line":338,"column":60}},"type":"cond-expr","locations":[{"start":{"line":337,"column":10},"end":{"line":337,"column":86}},{"start":{"line":338,"column":10},"end":{"line":338,"column":60}}],"line":336},"54":{"loc":{"start":{"line":340,"column":25},"end":{"line":340,"column":66}},"type":"cond-expr","locations":[{"start":{"line":340,"column":37},"end":{"line":340,"column":61}},{"start":{"line":340,"column":64},"end":{"line":340,"column":66}}],"line":340},"55":{"loc":{"start":{"line":341,"column":116},"end":{"line":341,"column":131}},"type":"binary-expr","locations":[{"start":{"line":341,"column":116},"end":{"line":341,"column":125}},{"start":{"line":341,"column":129},"end":{"line":341,"column":131}}],"line":341},"56":{"loc":{"start":{"line":345,"column":4},"end":{"line":353,"column":5}},"type":"if","locations":[{"start":{"line":345,"column":4},"end":{"line":353,"column":5}},{"start":{},"end":{}}],"line":345},"57":{"loc":{"start":{"line":368,"column":12},"end":{"line":368,"column":27}},"type":"default-arg","locations":[{"start":{"line":368,"column":25},"end":{"line":368,"column":27}}],"line":368},"58":{"loc":{"start":{"line":368,"column":29},"end":{"line":368,"column":44}},"type":"default-arg","locations":[{"start":{"line":368,"column":42},"end":{"line":368,"column":44}}],"line":368},"59":{"loc":{"start":{"line":374,"column":33},"end":{"line":374,"column":69}},"type":"binary-expr","locations":[{"start":{"line":374,"column":33},"end":{"line":374,"column":36}},{"start":{"line":374,"column":40},"end":{"line":374,"column":69}}],"line":374},"60":{"loc":{"start":{"line":374,"column":79},"end":{"line":374,"column":88}},"type":"binary-expr","locations":[{"start":{"line":374,"column":79},"end":{"line":374,"column":82}},{"start":{"line":374,"column":86},"end":{"line":374,"column":88}}],"line":374},"61":{"loc":{"start":{"line":374,"column":121},"end":{"line":374,"column":144}},"type":"binary-expr","locations":[{"start":{"line":374,"column":121},"end":{"line":374,"column":134}},{"start":{"line":374,"column":138},"end":{"line":374,"column":144}}],"line":374},"62":{"loc":{"start":{"line":375,"column":4},"end":{"line":377,"column":5}},"type":"if","locations":[{"start":{"line":375,"column":4},"end":{"line":377,"column":5}},{"start":{},"end":{}}],"line":375},"63":{"loc":{"start":{"line":379,"column":4},"end":{"line":382,"column":5}},"type":"if","locations":[{"start":{"line":379,"column":4},"end":{"line":382,"column":5}},{"start":{},"end":{}}],"line":379},"64":{"loc":{"start":{"line":389,"column":4},"end":{"line":397,"column":5}},"type":"if","locations":[{"start":{"line":389,"column":4},"end":{"line":397,"column":5}},{"start":{},"end":{}}],"line":389},"65":{"loc":{"start":{"line":409,"column":18},"end":{"line":409,"column":33}},"type":"default-arg","locations":[{"start":{"line":409,"column":31},"end":{"line":409,"column":33}}],"line":409},"66":{"loc":{"start":{"line":412,"column":4},"end":{"line":427,"column":5}},"type":"if","locations":[{"start":{"line":412,"column":4},"end":{"line":427,"column":5}},{"start":{},"end":{}}],"line":412},"67":{"loc":{"start":{"line":415,"column":8},"end":{"line":420,"column":9}},"type":"if","locations":[{"start":{"line":415,"column":8},"end":{"line":420,"column":9}},{"start":{},"end":{}}],"line":415},"68":{"loc":{"start":{"line":417,"column":12},"end":{"line":419,"column":13}},"type":"if","locations":[{"start":{"line":417,"column":12},"end":{"line":419,"column":13}},{"start":{},"end":{}}],"line":417},"69":{"loc":{"start":{"line":417,"column":16},"end":{"line":417,"column":37}},"type":"binary-expr","locations":[{"start":{"line":417,"column":16},"end":{"line":417,"column":23}},{"start":{"line":417,"column":27},"end":{"line":417,"column":37}}],"line":417},"70":{"loc":{"start":{"line":441,"column":12},"end":{"line":441,"column":27}},"type":"default-arg","locations":[{"start":{"line":441,"column":25},"end":{"line":441,"column":27}}],"line":441},"71":{"loc":{"start":{"line":441,"column":29},"end":{"line":441,"column":41}},"type":"default-arg","locations":[{"start":{"line":441,"column":39},"end":{"line":441,"column":41}}],"line":441},"72":{"loc":{"start":{"line":442,"column":24},"end":{"line":442,"column":88}},"type":"binary-expr","locations":[{"start":{"line":442,"column":24},"end":{"line":442,"column":83}},{"start":{"line":442,"column":87},"end":{"line":442,"column":88}}],"line":442},"73":{"loc":{"start":{"line":447,"column":33},"end":{"line":447,"column":78}},"type":"cond-expr","locations":[{"start":{"line":447,"column":46},"end":{"line":447,"column":73}},{"start":{"line":447,"column":76},"end":{"line":447,"column":78}}],"line":447},"74":{"loc":{"start":{"line":447,"column":46},"end":{"line":447,"column":73}},"type":"binary-expr","locations":[{"start":{"line":447,"column":46},"end":{"line":447,"column":67}},{"start":{"line":447,"column":71},"end":{"line":447,"column":73}}],"line":447},"75":{"loc":{"start":{"line":452,"column":8},"end":{"line":454,"column":9}},"type":"if","locations":[{"start":{"line":452,"column":8},"end":{"line":454,"column":9}},{"start":{},"end":{}}],"line":452},"76":{"loc":{"start":{"line":456,"column":8},"end":{"line":460,"column":9}},"type":"if","locations":[{"start":{"line":456,"column":8},"end":{"line":460,"column":9}},{"start":{"line":458,"column":15},"end":{"line":460,"column":9}}],"line":456},"77":{"loc":{"start":{"line":458,"column":15},"end":{"line":460,"column":9}},"type":"if","locations":[{"start":{"line":458,"column":15},"end":{"line":460,"column":9}},{"start":{},"end":{}}],"line":458},"78":{"loc":{"start":{"line":466,"column":4},"end":{"line":474,"column":5}},"type":"if","locations":[{"start":{"line":466,"column":4},"end":{"line":474,"column":5}},{"start":{},"end":{}}],"line":466},"79":{"loc":{"start":{"line":489,"column":12},"end":{"line":489,"column":27}},"type":"default-arg","locations":[{"start":{"line":489,"column":25},"end":{"line":489,"column":27}}],"line":489},"80":{"loc":{"start":{"line":490,"column":18},"end":{"line":490,"column":55}},"type":"binary-expr","locations":[{"start":{"line":490,"column":18},"end":{"line":490,"column":34}},{"start":{"line":490,"column":38},"end":{"line":490,"column":55}}],"line":490},"81":{"loc":{"start":{"line":493,"column":4},"end":{"line":496,"column":5}},"type":"if","locations":[{"start":{"line":493,"column":4},"end":{"line":496,"column":5}},{"start":{},"end":{}}],"line":493},"82":{"loc":{"start":{"line":493,"column":8},"end":{"line":493,"column":37}},"type":"binary-expr","locations":[{"start":{"line":493,"column":8},"end":{"line":493,"column":15}},{"start":{"line":493,"column":19},"end":{"line":493,"column":37}}],"line":493},"83":{"loc":{"start":{"line":503,"column":4},"end":{"line":511,"column":5}},"type":"if","locations":[{"start":{"line":503,"column":4},"end":{"line":511,"column":5}},{"start":{},"end":{}}],"line":503},"84":{"loc":{"start":{"line":526,"column":12},"end":{"line":526,"column":27}},"type":"default-arg","locations":[{"start":{"line":526,"column":25},"end":{"line":526,"column":27}}],"line":526},"85":{"loc":{"start":{"line":526,"column":29},"end":{"line":526,"column":38}},"type":"default-arg","locations":[{"start":{"line":526,"column":36},"end":{"line":526,"column":38}}],"line":526},"86":{"loc":{"start":{"line":532,"column":25},"end":{"line":532,"column":52}},"type":"binary-expr","locations":[{"start":{"line":532,"column":25},"end":{"line":532,"column":34}},{"start":{"line":532,"column":38},"end":{"line":532,"column":52}}],"line":532},"87":{"loc":{"start":{"line":533,"column":30},"end":{"line":533,"column":50}},"type":"binary-expr","locations":[{"start":{"line":533,"column":30},"end":{"line":533,"column":44}},{"start":{"line":533,"column":48},"end":{"line":533,"column":50}}],"line":533},"88":{"loc":{"start":{"line":536,"column":74},"end":{"line":536,"column":98}},"type":"cond-expr","locations":[{"start":{"line":536,"column":84},"end":{"line":536,"column":93}},{"start":{"line":536,"column":96},"end":{"line":536,"column":98}}],"line":536},"89":{"loc":{"start":{"line":544,"column":4},"end":{"line":552,"column":5}},"type":"if","locations":[{"start":{"line":544,"column":4},"end":{"line":552,"column":5}},{"start":{},"end":{}}],"line":544},"90":{"loc":{"start":{"line":567,"column":25},"end":{"line":567,"column":36}},"type":"binary-expr","locations":[{"start":{"line":567,"column":25},"end":{"line":567,"column":30}},{"start":{"line":567,"column":34},"end":{"line":567,"column":36}}],"line":567},"91":{"loc":{"start":{"line":568,"column":4},"end":{"line":572,"column":5}},"type":"if","locations":[{"start":{"line":568,"column":4},"end":{"line":572,"column":5}},{"start":{},"end":{}}],"line":568},"92":{"loc":{"start":{"line":568,"column":8},"end":{"line":568,"column":82}},"type":"binary-expr","locations":[{"start":{"line":568,"column":8},"end":{"line":568,"column":30}},{"start":{"line":568,"column":34},"end":{"line":568,"column":56}},{"start":{"line":568,"column":60},"end":{"line":568,"column":82}}],"line":568},"93":{"loc":{"start":{"line":569,"column":22},"end":{"line":569,"column":63}},"type":"binary-expr","locations":[{"start":{"line":569,"column":22},"end":{"line":569,"column":58}},{"start":{"line":569,"column":62},"end":{"line":569,"column":63}}],"line":569},"94":{"loc":{"start":{"line":571,"column":70},"end":{"line":571,"column":115}},"type":"binary-expr","locations":[{"start":{"line":571,"column":70},"end":{"line":571,"column":89}},{"start":{"line":571,"column":93},"end":{"line":571,"column":115}}],"line":571},"95":{"loc":{"start":{"line":573,"column":22},"end":{"line":573,"column":75}},"type":"cond-expr","locations":[{"start":{"line":573,"column":54},"end":{"line":573,"column":70}},{"start":{"line":573,"column":73},"end":{"line":573,"column":75}}],"line":573},"96":{"loc":{"start":{"line":575,"column":28},"end":{"line":575,"column":38}},"type":"binary-expr","locations":[{"start":{"line":575,"column":28},"end":{"line":575,"column":32}},{"start":{"line":575,"column":36},"end":{"line":575,"column":38}}],"line":575},"97":{"loc":{"start":{"line":576,"column":31},"end":{"line":576,"column":45}},"type":"binary-expr","locations":[{"start":{"line":576,"column":31},"end":{"line":576,"column":39}},{"start":{"line":576,"column":43},"end":{"line":576,"column":45}}],"line":576},"98":{"loc":{"start":{"line":577,"column":8},"end":{"line":579,"column":9}},"type":"if","locations":[{"start":{"line":577,"column":8},"end":{"line":579,"column":9}},{"start":{},"end":{}}],"line":577},"99":{"loc":{"start":{"line":580,"column":8},"end":{"line":582,"column":9}},"type":"if","locations":[{"start":{"line":580,"column":8},"end":{"line":582,"column":9}},{"start":{},"end":{}}],"line":580},"100":{"loc":{"start":{"line":583,"column":15},"end":{"line":583,"column":110}},"type":"cond-expr","locations":[{"start":{"line":583,"column":42},"end":{"line":583,"column":74}},{"start":{"line":583,"column":77},"end":{"line":583,"column":110}}],"line":583},"101":{"loc":{"start":{"line":585,"column":4},"end":{"line":588,"column":5}},"type":"if","locations":[{"start":{"line":585,"column":4},"end":{"line":588,"column":5}},{"start":{},"end":{}}],"line":585},"102":{"loc":{"start":{"line":586,"column":28},"end":{"line":586,"column":71}},"type":"binary-expr","locations":[{"start":{"line":586,"column":28},"end":{"line":586,"column":58}},{"start":{"line":586,"column":62},"end":{"line":586,"column":71}}],"line":586},"103":{"loc":{"start":{"line":590,"column":4},"end":{"line":592,"column":5}},"type":"if","locations":[{"start":{"line":590,"column":4},"end":{"line":592,"column":5}},{"start":{},"end":{}}],"line":590},"104":{"loc":{"start":{"line":595,"column":24},"end":{"line":595,"column":68}},"type":"cond-expr","locations":[{"start":{"line":595,"column":42},"end":{"line":595,"column":63}},{"start":{"line":595,"column":66},"end":{"line":595,"column":68}}],"line":595},"105":{"loc":{"start":{"line":596,"column":4},"end":{"line":600,"column":5}},"type":"if","locations":[{"start":{"line":596,"column":4},"end":{"line":600,"column":5}},{"start":{},"end":{}}],"line":596},"106":{"loc":{"start":{"line":597,"column":46},"end":{"line":597,"column":85}},"type":"binary-expr","locations":[{"start":{"line":597,"column":46},"end":{"line":597,"column":80}},{"start":{"line":597,"column":84},"end":{"line":597,"column":85}}],"line":597},"107":{"loc":{"start":{"line":598,"column":39},"end":{"line":598,"column":71}},"type":"binary-expr","locations":[{"start":{"line":598,"column":39},"end":{"line":598,"column":58}},{"start":{"line":598,"column":62},"end":{"line":598,"column":71}}],"line":598},"108":{"loc":{"start":{"line":602,"column":4},"end":{"line":605,"column":5}},"type":"if","locations":[{"start":{"line":602,"column":4},"end":{"line":605,"column":5}},{"start":{},"end":{}}],"line":602},"109":{"loc":{"start":{"line":603,"column":39},"end":{"line":603,"column":73}},"type":"binary-expr","locations":[{"start":{"line":603,"column":39},"end":{"line":603,"column":58}},{"start":{"line":603,"column":62},"end":{"line":603,"column":73}}],"line":603},"110":{"loc":{"start":{"line":606,"column":4},"end":{"line":609,"column":5}},"type":"if","locations":[{"start":{"line":606,"column":4},"end":{"line":609,"column":5}},{"start":{},"end":{}}],"line":606},"111":{"loc":{"start":{"line":607,"column":39},"end":{"line":607,"column":69}},"type":"binary-expr","locations":[{"start":{"line":607,"column":39},"end":{"line":607,"column":58}},{"start":{"line":607,"column":62},"end":{"line":607,"column":69}}],"line":607},"112":{"loc":{"start":{"line":610,"column":4},"end":{"line":613,"column":5}},"type":"if","locations":[{"start":{"line":610,"column":4},"end":{"line":613,"column":5}},{"start":{},"end":{}}],"line":610},"113":{"loc":{"start":{"line":611,"column":39},"end":{"line":611,"column":71}},"type":"binary-expr","locations":[{"start":{"line":611,"column":39},"end":{"line":611,"column":58}},{"start":{"line":611,"column":62},"end":{"line":611,"column":71}}],"line":611},"114":{"loc":{"start":{"line":614,"column":4},"end":{"line":618,"column":5}},"type":"if","locations":[{"start":{"line":614,"column":4},"end":{"line":618,"column":5}},{"start":{},"end":{}}],"line":614},"115":{"loc":{"start":{"line":615,"column":40},"end":{"line":615,"column":94}},"type":"binary-expr","locations":[{"start":{"line":615,"column":40},"end":{"line":615,"column":60}},{"start":{"line":615,"column":64},"end":{"line":615,"column":83}},{"start":{"line":615,"column":87},"end":{"line":615,"column":94}}],"line":615},"116":{"loc":{"start":{"line":616,"column":25},"end":{"line":616,"column":154}},"type":"cond-expr","locations":[{"start":{"line":616,"column":47},"end":{"line":616,"column":149}},{"start":{"line":616,"column":152},"end":{"line":616,"column":154}}],"line":616},"117":{"loc":{"start":{"line":620,"column":4},"end":{"line":677,"column":5}},"type":"if","locations":[{"start":{"line":620,"column":4},"end":{"line":677,"column":5}},{"start":{"line":622,"column":11},"end":{"line":677,"column":5}}],"line":620},"118":{"loc":{"start":{"line":621,"column":31},"end":{"line":621,"column":86}},"type":"binary-expr","locations":[{"start":{"line":621,"column":31},"end":{"line":621,"column":49}},{"start":{"line":621,"column":53},"end":{"line":621,"column":86}}],"line":621},"119":{"loc":{"start":{"line":621,"column":103},"end":{"line":621,"column":127}},"type":"binary-expr","locations":[{"start":{"line":621,"column":103},"end":{"line":621,"column":121}},{"start":{"line":621,"column":125},"end":{"line":621,"column":127}}],"line":621},"120":{"loc":{"start":{"line":621,"column":167},"end":{"line":621,"column":205}},"type":"binary-expr","locations":[{"start":{"line":621,"column":167},"end":{"line":621,"column":195}},{"start":{"line":621,"column":199},"end":{"line":621,"column":205}}],"line":621},"121":{"loc":{"start":{"line":622,"column":11},"end":{"line":677,"column":5}},"type":"if","locations":[{"start":{"line":622,"column":11},"end":{"line":677,"column":5}},{"start":{"line":627,"column":11},"end":{"line":677,"column":5}}],"line":622},"122":{"loc":{"start":{"line":623,"column":25},"end":{"line":623,"column":80}},"type":"binary-expr","locations":[{"start":{"line":623,"column":25},"end":{"line":623,"column":74}},{"start":{"line":623,"column":78},"end":{"line":623,"column":80}}],"line":623},"123":{"loc":{"start":{"line":625,"column":25},"end":{"line":625,"column":96}},"type":"cond-expr","locations":[{"start":{"line":625,"column":35},"end":{"line":625,"column":91}},{"start":{"line":625,"column":94},"end":{"line":625,"column":96}}],"line":625},"124":{"loc":{"start":{"line":627,"column":11},"end":{"line":677,"column":5}},"type":"if","locations":[{"start":{"line":627,"column":11},"end":{"line":677,"column":5}},{"start":{"line":630,"column":11},"end":{"line":677,"column":5}}],"line":627},"125":{"loc":{"start":{"line":629,"column":31},"end":{"line":629,"column":96}},"type":"binary-expr","locations":[{"start":{"line":629,"column":31},"end":{"line":629,"column":37}},{"start":{"line":629,"column":41},"end":{"line":629,"column":96}}],"line":629},"126":{"loc":{"start":{"line":630,"column":11},"end":{"line":677,"column":5}},"type":"if","locations":[{"start":{"line":630,"column":11},"end":{"line":677,"column":5}},{"start":{"line":634,"column":11},"end":{"line":677,"column":5}}],"line":630},"127":{"loc":{"start":{"line":632,"column":52},"end":{"line":632,"column":89}},"type":"binary-expr","locations":[{"start":{"line":632,"column":52},"end":{"line":632,"column":83}},{"start":{"line":632,"column":87},"end":{"line":632,"column":89}}],"line":632},"128":{"loc":{"start":{"line":633,"column":120},"end":{"line":633,"column":146}},"type":"binary-expr","locations":[{"start":{"line":633,"column":120},"end":{"line":633,"column":140}},{"start":{"line":633,"column":144},"end":{"line":633,"column":146}}],"line":633},"129":{"loc":{"start":{"line":633,"column":212},"end":{"line":633,"column":257}},"type":"binary-expr","locations":[{"start":{"line":633,"column":212},"end":{"line":633,"column":238}},{"start":{"line":633,"column":242},"end":{"line":633,"column":257}}],"line":633},"130":{"loc":{"start":{"line":633,"column":276},"end":{"line":633,"column":302}},"type":"binary-expr","locations":[{"start":{"line":633,"column":276},"end":{"line":633,"column":296}},{"start":{"line":633,"column":300},"end":{"line":633,"column":302}}],"line":633},"131":{"loc":{"start":{"line":634,"column":11},"end":{"line":677,"column":5}},"type":"if","locations":[{"start":{"line":634,"column":11},"end":{"line":677,"column":5}},{"start":{"line":638,"column":11},"end":{"line":677,"column":5}}],"line":634},"132":{"loc":{"start":{"line":636,"column":52},"end":{"line":636,"column":89}},"type":"binary-expr","locations":[{"start":{"line":636,"column":52},"end":{"line":636,"column":83}},{"start":{"line":636,"column":87},"end":{"line":636,"column":89}}],"line":636},"133":{"loc":{"start":{"line":637,"column":120},"end":{"line":637,"column":146}},"type":"binary-expr","locations":[{"start":{"line":637,"column":120},"end":{"line":637,"column":140}},{"start":{"line":637,"column":144},"end":{"line":637,"column":146}}],"line":637},"134":{"loc":{"start":{"line":637,"column":203},"end":{"line":637,"column":248}},"type":"binary-expr","locations":[{"start":{"line":637,"column":203},"end":{"line":637,"column":229}},{"start":{"line":637,"column":233},"end":{"line":637,"column":248}}],"line":637},"135":{"loc":{"start":{"line":637,"column":266},"end":{"line":637,"column":290}},"type":"binary-expr","locations":[{"start":{"line":637,"column":266},"end":{"line":637,"column":285}},{"start":{"line":637,"column":289},"end":{"line":637,"column":290}}],"line":637},"136":{"loc":{"start":{"line":637,"column":321},"end":{"line":637,"column":347}},"type":"binary-expr","locations":[{"start":{"line":637,"column":321},"end":{"line":637,"column":341}},{"start":{"line":637,"column":345},"end":{"line":637,"column":347}}],"line":637},"137":{"loc":{"start":{"line":638,"column":11},"end":{"line":677,"column":5}},"type":"if","locations":[{"start":{"line":638,"column":11},"end":{"line":677,"column":5}},{"start":{"line":640,"column":11},"end":{"line":677,"column":5}}],"line":638},"138":{"loc":{"start":{"line":639,"column":38},"end":{"line":639,"column":66}},"type":"binary-expr","locations":[{"start":{"line":639,"column":38},"end":{"line":639,"column":60}},{"start":{"line":639,"column":64},"end":{"line":639,"column":66}}],"line":639},"139":{"loc":{"start":{"line":639,"column":97},"end":{"line":639,"column":130}},"type":"binary-expr","locations":[{"start":{"line":639,"column":97},"end":{"line":639,"column":116}},{"start":{"line":639,"column":120},"end":{"line":639,"column":130}}],"line":639},"140":{"loc":{"start":{"line":640,"column":11},"end":{"line":677,"column":5}},"type":"if","locations":[{"start":{"line":640,"column":11},"end":{"line":677,"column":5}},{"start":{"line":650,"column":11},"end":{"line":677,"column":5}}],"line":640},"141":{"loc":{"start":{"line":642,"column":52},"end":{"line":642,"column":89}},"type":"binary-expr","locations":[{"start":{"line":642,"column":52},"end":{"line":642,"column":83}},{"start":{"line":642,"column":87},"end":{"line":642,"column":89}}],"line":642},"142":{"loc":{"start":{"line":643,"column":25},"end":{"line":643,"column":78}},"type":"binary-expr","locations":[{"start":{"line":643,"column":25},"end":{"line":643,"column":47}},{"start":{"line":643,"column":51},"end":{"line":643,"column":78}}],"line":643},"143":{"loc":{"start":{"line":646,"column":29},"end":{"line":646,"column":81}},"type":"cond-expr","locations":[{"start":{"line":646,"column":65},"end":{"line":646,"column":76}},{"start":{"line":646,"column":79},"end":{"line":646,"column":81}}],"line":646},"144":{"loc":{"start":{"line":649,"column":120},"end":{"line":649,"column":146}},"type":"binary-expr","locations":[{"start":{"line":649,"column":120},"end":{"line":649,"column":140}},{"start":{"line":649,"column":144},"end":{"line":649,"column":146}}],"line":649},"145":{"loc":{"start":{"line":650,"column":11},"end":{"line":677,"column":5}},"type":"if","locations":[{"start":{"line":650,"column":11},"end":{"line":677,"column":5}},{"start":{"line":652,"column":11},"end":{"line":677,"column":5}}],"line":650},"146":{"loc":{"start":{"line":652,"column":11},"end":{"line":677,"column":5}},"type":"if","locations":[{"start":{"line":652,"column":11},"end":{"line":677,"column":5}},{"start":{"line":656,"column":11},"end":{"line":677,"column":5}}],"line":652},"147":{"loc":{"start":{"line":654,"column":52},"end":{"line":654,"column":89}},"type":"binary-expr","locations":[{"start":{"line":654,"column":52},"end":{"line":654,"column":83}},{"start":{"line":654,"column":87},"end":{"line":654,"column":89}}],"line":654},"148":{"loc":{"start":{"line":655,"column":177},"end":{"line":655,"column":217}},"type":"cond-expr","locations":[{"start":{"line":655,"column":202},"end":{"line":655,"column":212
[...]
runeEmptyValues","decl":{"start":{"line":91,"column":16},"end":{"line":91,"column":32}},"loc":{"start":{"line":91,"column":41},"end":{"line":106,"column":1}},"line":91},"8":{"name":"(anonymous_8)","decl":{"start":{"line":95,"column":32},"end":{"line":95,"column":33}},"loc":{"start":{"line":95,"column":39},"end":{"line":105,"column":5}},"line":95}},"branchMap":{"0":{"loc":{"start":{"line":9,"column":4},"end":{"line":11,"column":5}},"type":"if","locations":[{"start":{"line":9,"column":4},"end":{"line":11,"column":5}},{"start":{},"end":{}}],"line":9},"1":{"loc":{"start":{"line":21,"column":26},"end":{"line":21,"column":37}},"type":"default-arg","locations":[{"start":{"line":21,"column":35},"end":{"line":21,"column":37}}],"line":21},"2":{"loc":{"start":{"line":23,"column":8},"end":{"line":25,"column":9}},"type":"if","locations":[{"start":{"line":23,"column":8},"end":{"line":25,"column":9}},{"start":{},"end":{}}],"line":23},"3":{"loc":{"start":{"line":23,"column":12},"end":{"line":23,"column":49}},"type":"binary-expr","locations":[{"start":{"line":23,"column":12},"end":{"line":23,"column":19}},{"start":{"line":23,"column":23},"end":{"line":23,"column":49}}],"line":23},"4":{"loc":{"start":{"line":28,"column":12},"end":{"line":33,"column":13}},"type":"if","locations":[{"start":{"line":28,"column":12},"end":{"line":33,"column":13}},{"start":{},"end":{}}],"line":28},"5":{"loc":{"start":{"line":30,"column":20},"end":{"line":30,"column":86}},"type":"cond-expr","locations":[{"start":{"line":30,"column":64},"end":{"line":30,"column":79}},{"start":{"line":30,"column":82},"end":{"line":30,"column":86}}],"line":30},"6":{"loc":{"start":{"line":30,"column":20},"end":{"line":30,"column":61}},"type":"binary-expr","locations":[{"start":{"line":30,"column":20},"end":{"line":30,"column":44}},{"start":{"line":30,"column":48},"end":{"line":30,"column":61}}],"line":30},"7":{"loc":{"start":{"line":34,"column":12},"end":{"line":39,"column":13}},"type":"if","locations":[{"start":{"line":34,"column":12},"end":{"line":39,"column":13}},{"start":{},"end":{}}],"line":34},"8":{"loc":{"start":{"line":34,"column":16},"end":{"line":34,"column":56}},"type":"binary-expr","locations":[{"start":{"line":34,"column":16},"end":{"line":34,"column":24}},{"start":{"line":34,"column":28},"end":{"line":34,"column":56}}],"line":34},"9":{"loc":{"start":{"line":36,"column":29},"end":{"line":36,"column":82}},"type":"cond-expr","locations":[{"start":{"line":36,"column":70},"end":{"line":36,"column":77}},{"start":{"line":36,"column":80},"end":{"line":36,"column":82}}],"line":36},"10":{"loc":{"start":{"line":36,"column":29},"end":{"line":36,"column":67}},"type":"binary-expr","locations":[{"start":{"line":36,"column":29},"end":{"line":36,"column":36}},{"start":{"line":36,"column":40},"end":{"line":36,"column":67}}],"line":36},"11":{"loc":{"start":{"line":40,"column":12},"end":{"line":42,"column":13}},"type":"if","locations":[{"start":{"line":40,"column":12},"end":{"line":42,"column":13}},{"start":{},"end":{}}],"line":40},"12":{"loc":{"start":{"line":49,"column":4},"end":{"line":51,"column":5}},"type":"if","locations":[{"start":{"line":49,"column":4},"end":{"line":51,"column":5}},{"start":{},"end":{}}],"line":49},"13":{"loc":{"start":{"line":52,"column":21},"end":{"line":52,"column":73}},"type":"cond-expr","locations":[{"start":{"line":52,"column":43},"end":{"line":52,"column":47}},{"start":{"line":52,"column":50},"end":{"line":52,"column":73}}],"line":52},"14":{"loc":{"start":{"line":53,"column":46},"end":{"line":53,"column":76}},"type":"cond-expr","locations":[{"start":{"line":53,"column":52},"end":{"line":53,"column":64}},{"start":{"line":53,"column":67},"end":{"line":53,"column":76}}],"line":53},"15":{"loc":{"start":{"line":57,"column":4},"end":{"line":59,"column":5}},"type":"if","locations":[{"start":{"line":57,"column":4},"end":{"line":59,"column":5}},{"start":{},"end":{}}],"line":57},"16":{"loc":{"start":{"line":60,"column":21},"end":{"line":60,"column":73}},"type":"cond-expr","locations":[{"start":{"line":60,"column":43},"end":{"line":60,"column":47}},{"start":{"line":60,"column":50},"end":{"line":60,"column":73}}],"line":60},"17":{"loc":{"start":{"line":64,"column":8},"end":{"line":67,"column":9}},"type":"if","locations":[{"start":{"line":64,"column":8},"end":{"line":67,"column":9}},{"start":{},"end":{}}],"line":64},"18":{"loc":{"start":{"line":68,"column":8},"end":{"line":70,"column":9}},"type":"if","locations":[{"start":{"line":68,"column":8},"end":{"line":70,"column":9}},{"start":{},"end":{}}],"line":68},"19":{"loc":{"start":{"line":68,"column":12},"end":{"line":68,"column":59}},"type":"binary-expr","locations":[{"start":{"line":68,"column":12},"end":{"line":68,"column":24}},{"start":{"line":68,"column":28},"end":{"line":68,"column":59}}],"line":68},"20":{"loc":{"start":{"line":76,"column":4},"end":{"line":78,"column":5}},"type":"if","locations":[{"start":{"line":76,"column":4},"end":{"line":78,"column":5}},{"start":{},"end":{}}],"line":76},"21":{"loc":{"start":{"line":79,"column":21},"end":{"line":79,"column":73}},"type":"cond-expr","locations":[{"start":{"line":79,"column":43},"end":{"line":79,"column":47}},{"start":{"line":79,"column":50},"end":{"line":79,"column":73}}],"line":79},"22":{"loc":{"start":{"line":83,"column":8},"end":{"line":85,"column":9}},"type":"if","locations":[{"start":{"line":83,"column":8},"end":{"line":85,"column":9}},{"start":{},"end":{}}],"line":83},"23":{"loc":{"start":{"line":83,"column":12},"end":{"line":83,"column":59}},"type":"binary-expr","locations":[{"start":{"line":83,"column":12},"end":{"line":83,"column":24}},{"start":{"line":83,"column":28},"end":{"line":83,"column":59}}],"line":83},"24":{"loc":{"start":{"line":92,"column":4},"end":{"line":94,"column":5}},"type":"if","locations":[{"start":{"line":92,"column":4},"end":{"line":94,"column":5}},{"start":{},"end":{}}],"line":92},"25":{"loc":{"start":{"line":92,"column":8},"end":{"line":92,"column":45}},"type":"binary-expr","locations":[{"start":{"line":92,"column":8},"end":{"line":92,"column":15}},{"start":{"line":92,"column":19},"end":{"line":92,"column":45}}],"line":92},"26":{"loc":{"start":{"line":97,"column":8},"end":{"line":104,"column":9}},"type":"if","locations":[{"start":{"line":97,"column":8},"end":{"line":104,"column":9}},{"start":{"line":102,"column":15},"end":{"line":104,"column":9}}],"line":97},"27":{"loc":{"start":{"line":97,"column":12},"end":{"line":97,"column":46}},"type":"binary-expr","locations":[{"start":{"line":97,"column":12},"end":{"line":97,"column":17}},{"start":{"line":97,"column":21},"end":{"line":97,"column":46}}],"line":97},"28":{"loc":{"start":{"line":99,"column":12},"end":{"line":101,"column":13}},"type":"if","locations":[{"start":{"line":99,"column":12},"end":{"line":101,"column":13}},{"start":{},"end":{}}],"line":99},"29":{"loc":{"start":{"line":102,"column":15},"end":{"line":104,"column":9}},"type":"if","locations":[{"start":{"line":102,"column":15},"end":{"line":104,"column":9}},{"start":{},"end":{}}],"line":102},"30":{"loc":{"start":{"line":102,"column":19},"end":{"line":102,"column":72}},"type":"binary-expr","locations":[{"start":{"line":102,"column":19},"end":{"line":102,"column":31}},{"start":{"line":102,"column":35},"end":{"line":102,"column":49}},{"start":{"line":102,"column":53},"end":{"line":102,"column":72}}],"line":102}},"s":{"0":10,"1":0,"2":10,"3":6,"4":6,"5":0,"6":6,"7":9,"8":9,"9":0,"10":0,"11":0,"12":9,"13":3,"14":3,"15":3,"16":3,"17":6,"18":6,"19":6,"20":92,"21":0,"22":92,"23":92,"24":216,"25":0,"26":0,"27":0,"28":0,"29":0,"30":0,"31":0,"32":0,"33":0,"34":0,"35":0,"36":0,"37":0,"38":6,"39":0,"40":6,"41":6,"42":6,"43":6,"44":6,"45":6,"46":0,"47":6,"48":6,"49":0,"50":0,"51":0,"52":0,"53":0,"54":0,"55":0,"56":0,"57":0,"58":0},"f":{"0":10,"1":6,"2":0,"3":92,"4":216,"5":0,"6":6,"7":0,"8":0},"b":{"0":[0,10],"1":[0],"2":[0,6],"3":[6,6],"4":[0,9],"5":[0,0],"6":[0,0],"7":[3,6],"8":[9,9],"9":[3,0],"10":[3,3],"11":[6,0],"12":[0,92],"13":[92,0],"14":[191,25],"15":[0,0],"16":[0,0],"17":[0,0],"18":[0,0],"19":[0,0],"20":[0,6],"21":[6,0],"22":[0,6],"23":[6,6],"24":[0,0],"25":[0,0],"26":[0,0],"27":[0,0],"28":[0,0],"29":[0,0],"30":[0,0,0]},"_coverageSchema":"1a1c01bbd47fc00a2c39e90264f33305004495a9","hash":"791727fcd13872af37d68163b4a5f4004cbab76e"}
,"C:\\Users\\sannepu\\python vibe coding\\js\\utils\\strings.js": {"path":"C:\\Users\\sannepu\\python vibe coding\\js\\utils\\strings.js","statementMap":{"0":{"start":{"line":2,"column":4},"end":{"line":4,"column":5}},"1":{"start":{"line":3,"column":8},"end":{"line":3,"column":21}},"2":{"start":{"line":5,"column":4},"end":{"line":10,"column":32}}},"fnMap":{"0":{"name":"escapeHtml","decl":{"start":{"line":1,"column":16},"end":{"line":1,"column":26}},"loc":{"start":{"line":1,"column":34},"end":{"line":11,"column":1}},"line":1}},"branchMap":{"0":{"loc":{"start":{"line":2,"column":4},"end":{"line":4,"column":5}},"type":"if","locations":[{"start":{"line":2,"column":4},"end":{"line":4,"column":5}},{"start":{},"end":{}}],"line":2}},"s":{"0":4,"1":3,"2":1},"f":{"0":4},"b":{"0":[3,1]},"_coverageSchema":"1a1c01bbd47fc00a2c39e90264f33305004495a9","hash":"0ff940035661bfe02e3df856a97fbddc94e6763e"}
,"C:\\Users\\sannepu\\python vibe coding\\js\\utils\\styles.js": {"path":"C:\\Users\\sannepu\\python vibe coding\\js\\utils\\styles.js","statementMap":{"0":{"start":{"line":2,"column":4},"end":{"line":4,"column":5}},"1":{"start":{"line":3,"column":8},"end":{"line":3,"column":34}},"2":{"start":{"line":5,"column":4},"end":{"line":13,"column":5}},"3":{"start":{"line":6,"column":8},"end":{"line":12,"column":23}},"4":{"start":{"line":9,"column":32},"end":{"line":9,"column":49}},"5":{"start":{"line":10,"column":16},"end":{"line":10,"column":76}},"6":{"start":{"line":14,"column":4},"end":{"line":14,"column":17}},"7":{"start":{"line":17,"column":26},"end":{"line":24,"column":1}},"8":{"start":{"line":27,"column":4},"end":{"line":29,"column":5}},"9":{"start":{"line":28,"column":8},"end":{"line":28,"column":20}},"10":{"start":{"line":30,"column":4},"end":{"line":32,"column":5}},"11":{"start":{"line":31,"column":8},"end":{"line":31,"column":40}},"12":{"start":{"line":33,"column":4},"end":{"line":35,"column":5}},"13":{"start":{"line":34,"column":8},"end":{"line":34,"column":22}},"14":{"start":{"line":36,"column":4},"end":{"line":38,"column":5}},"15":{"start":{"line":37,"column":8},"end":{"line":37,"column":28}},"16":{"start":{"line":39,"column":20},"end":{"line":39,"column":37}},"17":{"start":{"line":40,"column":4},"end":{"line":42,"column":5}},"18":{"start":{"line":41,"column":8},"end":{"line":41,"column":30}},"19":{"start":{"line":43,"column":4},"end":{"line":43,"column":17}},"20":{"start":{"line":46,"column":27},"end":{"line":51,"column":1}},"21":{"start":{"line":54,"column":4},"end":{"line":56,"column":5}},"22":{"start":{"line":55,"column":8},"end":{"line":55,"column":20}},"23":{"start":{"line":57,"column":4},"end":{"line":59,"column":5}},"24":{"start":{"line":58,"column":8},"end":{"line":58,"column":41}},"25":{"start":{"line":60,"column":4},"end":{"line":60,"column":17}},"26":{"start":{"line":63,"column":24},"end":{"line":68,"column":1}},"27":{"start":{"line":71,"column":4},"end":{"line":73,"column":5}},"28":{"start":{"line":72,"column":8},"end":{"line":72,"column":20}},"29":{"start":{"line":74,"column":4},"end":{"line":76,"column":5}},"30":{"start":{"line":75,"column":8},"end":{"line":75,"column":38}},"31":{"start":{"line":77,"column":4},"end":{"line":77,"column":17}},"32":{"start":{"line":79,"column":28},"end":{"line":88,"column":1}},"33":{"start":{"line":90,"column":4},"end":{"line":92,"column":5}},"34":{"start":{"line":91,"column":8},"end":{"line":91,"column":20}},"35":{"start":{"line":93,"column":4},"end":{"line":95,"column":5}},"36":{"start":{"line":94,"column":8},"end":{"line":94,"column":42}},"37":{"start":{"line":96,"column":4},"end":{"line":98,"column":5}},"38":{"start":{"line":97,"column":8},"end":{"line":97,"column":28}},"39":{"start":{"line":99,"column":4},"end":{"line":99,"column":17}},"40":{"start":{"line":102,"column":24},"end":{"line":109,"column":1}},"41":{"start":{"line":112,"column":4},"end":{"line":114,"column":5}},"42":{"start":{"line":113,"column":8},"end":{"line":113,"column":20}},"43":{"start":{"line":115,"column":4},"end":{"line":117,"column":5}},"44":{"start":{"line":116,"column":8},"end":{"line":116,"column":38}},"45":{"start":{"line":118,"column":4},"end":{"line":118,"column":17}}},"fnMap":{"0":{"name":"toRem","decl":{"start":{"line":1,"column":16},"end":{"line":1,"column":21}},"loc":{"start":{"line":1,"column":29},"end":{"line":15,"column":1}},"line":1},"1":{"name":"(anonymous_1)","decl":{"start":{"line":8,"column":17},"end":{"line":8,"column":18}},"loc":{"start":{"line":8,"column":26},"end":{"line":11,"column":13}},"line":8},"2":{"name":"resolveSpacingValue","decl":{"start":{"line":26,"column":16},"end":{"line":26,"column":35}},"loc":{"start":{"line":26,"column":43},"end":{"line":44,"column":1}},"line":26},"3":{"name":"resolveLetterSpacing","decl":{"start":{"line":53,"column":16},"end":{"line":53,"column":36}},"loc":{"start":{"line":53,"column":44},"end":{"line":61,"column":1}},"line":53},"4":{"name":"resolveLineHeight","decl":{"start":{"line":70,"column":16},"end":{"line":70,"column":33}},"loc":{"start":{"line":70,"column":41},"end":{"line":78,"column":1}},"line":70},"5":{"name":"resolveTypographySize","decl":{"start":{"line":89,"column":16},"end":{"line":89,"column":37}},"loc":{"start":{"line":89,"column":45},"end":{"line":100,"column":1}},"line":89},"6":{"name":"resolveFontWeight","decl":{"start":{"line":111,"column":16},"end":{"line":111,"column":33}},"loc":{"start":{"line":111,"column":41},"end":{"line":119,"column":1}},"line":111}},"branchMap":{"0":{"loc":{"start":{"line":2,"column":4},"end":{"line":4,"column":5}},"type":"if","locations":[{"start":{"line":2,"column":4},"end":{"line":4,"column":5}},{"start":{},"end":{}}],"line":2},"1":{"loc":{"start":{"line":5,"column":4},"end":{"line":13,"column":5}},"type":"if","locations":[{"start":{"line":5,"column":4},"end":{"line":13,"column":5}},{"start":{},"end":{}}],"line":5},"2":{"loc":{"start":{"line":10,"column":23},"end":{"line":10,"column":75}},"type":"cond-expr","locations":[{"start":{"line":10,"column":47},"end":{"line":10,"column":52}},{"start":{"line":10,"column":55},"end":{"line":10,"column":75}}],"line":10},"3":{"loc":{"start":{"line":27,"column":4},"end":{"line":29,"column":5}},"type":"if","locations":[{"start":{"line":27,"column":4},"end":{"line":29,"column":5}},{"start":{},"end":{}}],"line":27},"4":{"loc":{"start":{"line":27,"column":8},"end":{"line":27,"column":61}},"type":"binary-expr","locations":[{"start":{"line":27,"column":8},"end":{"line":27,"column":27}},{"start":{"line":27,"column":31},"end":{"line":27,"column":45}},{"start":{"line":27,"column":49},"end":{"line":27,"column":61}}],"line":27},"5":{"loc":{"start":{"line":30,"column":4},"end":{"line":32,"column":5}},"type":"if","locations":[{"start":{"line":30,"column":4},"end":{"line":32,"column":5}},{"start":{},"end":{}}],"line":30},"6":{"loc":{"start":{"line":33,"column":4},"end":{"line":35,"column":5}},"type":"if","locations":[{"start":{"line":33,"column":4},"end":{"line":35,"column":5}},{"start":{},"end":{}}],"line":33},"7":{"loc":{"start":{"line":36,"column":4},"end":{"line":38,"column":5}},"type":"if","locations":[{"start":{"line":36,"column":4},"end":{"line":38,"column":5}},{"start":{},"end":{}}],"line":36},"8":{"loc":{"start":{"line":40,"column":4},"end":{"line":42,"column":5}},"type":"if","locations":[{"start":{"line":40,"column":4},"end":{"line":42,"column":5}},{"start":{},"end":{}}],"line":40},"9":{"loc":{"start":{"line":40,"column":8},"end":{"line":40,"column":71}},"type":"binary-expr","locations":[{"start":{"line":40,"column":8},"end":{"line":40,"column":30}},{"start":{"line":40,"column":34},"end":{"line":40,"column":71}}],"line":40},"10":{"loc":{"start":{"line":54,"column":4},"end":{"line":56,"column":5}},"type":"if","locations":[{"start":{"line":54,"column":4},"end":{"line":56,"column":5}},{"start":{},"end":{}}],"line":54},"11":{"loc":{"start":{"line":57,"column":4},"end":{"line":59,"column":5}},"type":"if","locations":[{"start":{"line":57,"column":4},"end":{"line":59,"column":5}},{"start":{},"end":{}}],"line":57},"12":{"loc":{"start":{"line":71,"column":4},"end":{"line":73,"column":5}},"type":"if","locations":[{"start":{"line":71,"column":4},"end":{"line":73,"column":5}},{"start":{},"end":{}}],"line":71},"13":{"loc":{"start":{"line":74,"column":4},"end":{"line":76,"column":5}},"type":"if","locations":[{"start":{"line":74,"column":4},"end":{"line":76,"column":5}},{"start":{},"end":{}}],"line":74},"14":{"loc":{"start":{"line":90,"column":4},"end":{"line":92,"column":5}},"type":"if","locations":[{"start":{"line":90,"column":4},"end":{"line":92,"column":5}},{"start":{},"end":{}}],"line":90},"15":{"loc":{"start":{"line":93,"column":4},"end":{"line":95,"column":5}},"type":"if","locations":[{"start":{"line":93,"column":4},"end":{"line":95,"column":5}},{"start":{},"end":{}}],"line":93},"16":{"loc":{"start":{"line":96,"column":4},"end":{"line":98,"column":5}},"type":"if","locations":[{"start":{"line":96,"column":4},"end":{"line":98,"column":5}},{"start":{},"end":{}}],"line":96},"17":{"loc":{"start":{"line":112,"column":4},"end":{"line":114,"column":5}},"type":"if","locations":[{"start":{"line":112,"column":4},"end":{"line":114,"column":5}},{"start":{},"end":{}}],"line":112},"18":{"loc":{"start":{"line":115,"column":4},"end":{"line":117,"column":5}},"type":"if","locations":[{"start":{"line":115,"column":4},"end":{"line":117,"column":5}},{"start":{},"end":{}}],"line":115}},"s":{"0":5,"1":3,"2":2,"3":2,"4":3,"5":3,"6":0,"7":1,"8":3,"9":0,"10":3,"11":1,"12":2,"13":1,"14":1,"15":1,"16":0,"17":0,"18":0,"19":0,"20":1,"21":2,"22":0,"23":2,"24":1,"25":1,"26":1,"27":2,"28":0,"29":2,"30":1,"31":1,"32":1,"33":2,"34":0,"35":2,"36":1,"37":1,"38":1,"39":0,"40":1,"41":2,"42":0,"43":2,"44":1,"45":1},"f":{"0":5,"1":3,"2":3,"3":2,"4":2,"5":2,"6":2},"b":{"0":[3,2],"1":[2,0],"2":[0,3],"3":[0,3],"4":[3,3,3],"5":[1,2],"6":[1,1],"7":[1,0],"8":[0,0],"9":[0,0],"10":[0,2],"11":[1,1],"12":[0,2],"13":[1,1],"14":[0,2],"15":[1,1],"16":[1,0],"17":[0,2],"18":[1,1]},"_coverageSchema":"1a1c01bbd47fc00a2c39e90264f33305004495a9","hash":"6baf1bd628106c7e1a1ed72de4d1acd71772caca"}
,"C:\\Users\\sannepu\\python vibe coding\\js\\utils\\timing.js": {"path":"C:\\Users\\sannepu\\python vibe coding\\js\\utils\\timing.js","statementMap":{"0":{"start":{"line":2,"column":20},"end":{"line":2,"column":24}},"1":{"start":{"line":3,"column":4},"end":{"line":10,"column":6}},"2":{"start":{"line":4,"column":8},"end":{"line":6,"column":9}},"3":{"start":{"line":5,"column":12},"end":{"line":5,"column":36}},"4":{"start":{"line":7,"column":8},"end":{"line":9,"column":18}},"5":{"start":{"line":8,"column":12},"end":{"line":8,"column":24}}},"fnMap":{"0":{"name":"debounce","decl":{"start":{"line":1,"column":16},"end":{"line":1,"column":24}},"loc":{"start":{"line":1,"column":43},"end":{"line":11,"column":1}},"line":1},"1":{"name":"(anonymous_1)","decl":{"start":{"line":3,"column":11},"end":{"line":3,"column":12}},"loc":{"start":{"line":3,"column":24},"end":{"line":10,"column":5}},"line":3},"2":{"name":"(anonymous_2)","decl":{"start":{"line":7,"column":31},"end":{"line":7,"column":32}},"loc":{"start":{"line":7,"column":37},"end":{"line":9,"column":9}},"line":7}},"branchMap":{"0":{"loc":{"start":{"line":1,"column":29},"end":{"line":1,"column":41}},"type":"default-arg","locations":[{"start":{"line":1,"column":37},"end":{"line":1,"column":41}}],"line":1},"1":{"loc":{"start":{"line":4,"column":8},"end":{"line":6,"column":9}},"type":"if","locations":[{"start":{"line":4,"column":8},"end":{"line":6,"column":9}},{"start":{},"end":{}}],"line":4}},"s":{"0":2,"1":2,"2":5,"3":3,"4":5,"5":2},"f":{"0":2,"1":5,"2":2},"b":{"0":[0],"1":[3,2]},"_coverageSchema":"1a1c01bbd47fc00a2c39e90264f33305004495a9","hash":"485ef30f49fe01e92e60b086290664e2b46186a9"}
}
