{"C:\\Users\\sannepu\\python vibe coding\\js\\render\\index.js": {"path":"C:\\Users\\sannepu\\python vibe coding\\js\\render\\index.js","statementMap":{"0":{"start":{"line":7,"column":26},"end":{"line":18,"column":1}},"1":{"start":{"line":8,"column":4},"end":{"line":17,"column":5}},"2":{"start":{"line":10,"column":12},"end":{"line":10,"column":35}},"3":{"start":{"line":12,"column":12},"end":{"line":12,"column":37}},"4":{"start":{"line":14,"column":12},"end":{"line":14,"column":36}},"5":{"start":{"line":16,"column":12},"end":{"line":16,"column":22}},"6":{"start":{"line":26,"column":4},"end":{"line":26,"column":28}},"7":{"start":{"line":27,"column":4},"end":{"line":43,"column":5}},"8":{"start":{"line":28,"column":8},"end":{"line":42,"column":10}},"9":{"start":{"line":44,"column":26},"end":{"line":44,"column":38}},"10":{"start":{"line":45,"column":17},"end":{"line":45,"column":58}},"11":{"start":{"line":46,"column":4},"end":{"line":48,"column":6}},"12":{"start":{"line":58,"column":15},"end":{"line":58,"column":17}},"13":{"start":{"line":60,"column":4},"end":{"line":63,"column":7}},"14":{"start":{"line":61,"column":30},"end":{"line":61,"column":50}},"15":{"start":{"line":62,"column":8},"end":{"line":62,"column":64}},"16":{"start":{"line":64,"column":4},"end":{"line":64,"column":16}},"17":{"start":{"line":74,"column":4},"end":{"line":74,"column":49}},"18":{"start":{"line":74,"column":39},"end":{"line":74,"column":49}},"19":{"start":{"line":78,"column":8},"end":{"line":78,"column":17}},"20":{"start":{"line":79,"column":4},"end":{"line":96,"column":5}},"21":{"start":{"line":81,"column":12},"end":{"line":81,"column":62}},"22":{"start":{"line":83,"column":12},"end":{"line":83,"column":60}},"23":{"start":{"line":85,"column":12},"end":{"line":85,"column":58}},"24":{"start":{"line":87,"column":12},"end":{"line":87,"column":53}},"25":{"start":{"line":89,"column":12},"end":{"line":89,"column":63}},"26":{"start":{"line":91,"column":12},"end":{"line":91,"column":62}},"27":{"start":{"line":93,"column":12},"end":{"line":93,"column":57}},"28":{"start":{"line":95,"column":12},"end":{"line":95,"column":64}},"29":{"start":{"line":109,"column":45},"end":{"line":109,"column":54}},"30":{"start":{"line":110,"column":23},"end":{"line":110,"column":33}},"31":{"start":{"line":111,"column":19},"end":{"line":111,"column":54}},"32":{"start":{"line":112,"column":23},"end":{"line":112,"column":51}},"33":{"start":{"line":113,"column":21},"end":{"line":113,"column":23}},"34":{"start":{"line":114,"column":4},"end":{"line":119,"column":5}},"35":{"start":{"line":114,"column":17},"end":{"line":114,"column":18}},"36":{"start":{"line":115,"column":32},"end":{"line":115,"column":75}},"37":{"start":{"line":116,"column":26},"end":{"line":116,"column":62}},"38":{"start":{"line":117,"column":29},"end":{"line":117,"column":83}},"39":{"start":{"line":118,"column":8},"end":{"line":118,"column":74}},"40":{"start":{"line":120,"column":24},"end":{"line":133,"column":5}},"41":{"start":{"line":130,"column":39},"end":{"line":130,"column":75}},"42":{"start":{"line":134,"column":4},"end":{"line":143,"column":5}},"43":{"start":{"line":135,"column":28},"end":{"line":135,"column":91}},"44":{"start":{"line":136,"column":8},"end":{"line":136,"column":49}},"45":{"start":{"line":137,"column":8},"end":{"line":137,"column":79}},"46":{"start":{"line":138,"column":8},"end":{"line":142,"column":24}},"47":{"start":{"line":144,"column":4},"end":{"line":144,"column":23}},"48":{"start":{"line":157,"column":49},"end":{"line":157,"column":58}},"49":{"start":{"line":158,"column":27},"end":{"line":158,"column":50}},"50":{"start":{"line":159,"column":22},"end":{"line":159,"column":76}},"51":{"start":{"line":160,"column":4},"end":{"line":172,"column":5}},"52":{"start":{"line":161,"column":28},"end":{"line":161,"column":91}},"53":{"start":{"line":162,"column":8},"end":{"line":162,"column":49}},"54":{"start":{"line":163,"column":8},"end":{"line":165,"column":9}},"55":{"start":{"line":164,"column":12},"end":{"line":164,"column":173}},"56":{"start":{"line":166,"column":23},"end":{"line":166,"column":58}},"57":{"start":{"line":167,"column":8},"end":{"line":171,"column":24}},"58":{"start":{"line":174,"column":19},"end":{"line":174,"column":54}},"59":{"start":{"line":175,"column":4},"end":{"line":175,"column":59}},"60":{"start":{"line":191,"column":8},"end":{"line":191,"column":17}},"61":{"start":{"line":192,"column":27},"end":{"line":192,"column":50}},"62":{"start":{"line":193,"column":22},"end":{"line":193,"column":76}},"63":{"start":{"line":194,"column":19},"end":{"line":194,"column":54}},"64":{"start":{"line":195,"column":4},"end":{"line":206,"column":5}},"65":{"start":{"line":196,"column":28},"end":{"line":196,"column":91}},"66":{"start":{"line":197,"column":8},"end":{"line":197,"column":49}},"67":{"start":{"line":198,"column":8},"end":{"line":200,"column":9}},"68":{"start":{"line":199,"column":12},"end":{"line":199,"column":216}},"69":{"start":{"line":201,"column":8},"end":{"line":205,"column":24}},"70":{"start":{"line":208,"column":4},"end":{"line":208,"column":84}},"71":{"start":{"line":221,"column":49},"end":{"line":221,"column":58}},"72":{"start":{"line":222,"column":16},"end":{"line":222,"column":61}},"73":{"start":{"line":223,"column":16},"end":{"line":223,"column":65}},"74":{"start":{"line":224,"column":19},"end":{"line":224,"column":73}},"75":{"start":{"line":225,"column":17},"end":{"line":225,"column":32}},"76":{"start":{"line":226,"column":19},"end":{"line":226,"column":54}},"77":{"start":{"line":227,"column":20},"end":{"line":227,"column":168}},"78":{"start":{"line":228,"column":4},"end":{"line":230,"column":5}},"79":{"start":{"line":229,"column":8},"end":{"line":229,"column":57}},"80":{"start":{"line":231,"column":31},"end":{"line":231,"column":33}},"81":{"start":{"line":232,"column":4},"end":{"line":235,"column":5}},"82":{"start":{"line":233,"column":31},"end":{"line":233,"column":54}},"83":{"start":{"line":234,"column":8},"end":{"line":234,"column":86}},"84":{"start":{"line":236,"column":24},"end":{"line":241,"column":11}},"85":{"start":{"line":242,"column":4},"end":{"line":250,"column":5}},"86":{"start":{"line":243,"column":28},"end":{"line":243,"column":91}},"87":{"start":{"line":244,"column":8},"end":{"line":244,"column":49}},"88":{"start":{"line":245,"column":8},"end":{"line":249,"column":24}},"89":{"start":{"line":251,"column":4},"end":{"line":251,"column":23}},"90":{"start":{"line":261,"column":38},"end":{"line":261,"column":47}},"91":{"start":{"line":262,"column":19},"end":{"line":262,"column":60}},"92":{"start":{"line":263,"column":26},"end":{"line":263,"column":88}},"93":{"start":{"line":264,"column":4},"end":{"line":279,"column":5}},"94":{"start":{"line":265,"column":28},"end":{"line":265,"column":91}},"95":{"start":{"line":266,"column":8},"end":{"line":266,"column":49}},"96":{"start":{"line":267,"column":8},"end":{"line":272,"column":9}},"97":{"start":{"line":268,"column":28},"end":{"line":268,"column":63}},"98":{"start":{"line":269,"column":12},"end":{"line":271,"column":13}},"99":{"start":{"line":270,"column":16},"end":{"line":270,"column":87}},"100":{"start":{"line":274,"column":8},"end":{"line":278,"column":24}},"101":{"start":{"line":280,"column":4},"end":{"line":280,"column":25}},"102":{"start":{"line":293,"column":46},"end":{"line":293,"column":55}},"103":{"start":{"line":294,"column":24},"end":{"line":294,"column":88}},"104":{"start":{"line":296,"column":22},"end":{"line":296,"column":41}},"105":{"start":{"line":298,"column":4},"end":{"line":315,"column":5}},"106":{"start":{"line":298,"column":17},"end":{"line":298,"column":18}},"107":{"start":{"line":299,"column":33},"end":{"line":299,"column":78}},"108":{"start":{"line":300,"column":27},"end":{"line":300,"column":64}},"109":{"start":{"line":302,"column":8},"end":{"line":302,"column":74}},"110":{"start":{"line":304,"column":8},"end":{"line":306,"column":9}},"111":{"start":{"line":305,"column":12},"end":{"line":305,"column":74}},"112":{"start":{"line":308,"column":8},"end":{"line":312,"column":9}},"113":{"start":{"line":309,"column":12},"end":{"line":309,"column":84}},"114":{"start":{"line":310,"column":15},"end":{"line":312,"column":9}},"115":{"start":{"line":311,"column":12},"end":{"line":311,"column":91}},"116":{"start":{"line":314,"column":8},"end":{"line":314,"column":32}},"117":{"start":{"line":317,"column":4},"end":{"line":317,"column":28}},"118":{"start":{"line":318,"column":4},"end":{"line":326,"column":5}},"119":{"start":{"line":319,"column":28},"end":{"line":319,"column":91}},"120":{"start":{"line":320,"column":8},"end":{"line":320,"column":49}},"121":{"start":{"line":321,"column":8},"end":{"line":325,"column":24}},"122":{"start":{"line":328,"column":4},"end":{"line":328,"column":23}},"123":{"start":{"line":341,"column":41},"end":{"line":341,"column":50}},"124":{"start":{"line":342,"column":18},"end":{"line":342,"column":55}},"125":{"start":{"line":344,"column":22},"end":{"line":344,"column":24}},"126":{"start":{"line":345,"column":4},"end":{"line":348,"column":5}},"127":{"start":{"line":346,"column":28},"end":{"line":346,"column":62}},"128":{"start":{"line":347,"column":8},"end":{"line":347,"column":82}},"129":{"start":{"line":349,"column":26},"end":{"line":354,"column":15}},"130":{"start":{"line":355,"column":4},"end":{"line":363,"column":5}},"131":{"start":{"line":356,"column":28},"end":{"line":356,"column":91}},"132":{"start":{"line":357,"column":8},"end":{"line":357,"column":49}},"133":{"start":{"line":358,"column":8},"end":{"line":362,"column":24}},"134":{"start":{"line":365,"column":4},"end":{"line":365,"column":25}},"135":{"start":{"line":378,"column":43},"end":{"line":378,"column":52}},"136":{"start":{"line":379,"column":19},"end":{"line":379,"column":68}},"137":{"start":{"line":381,"column":19},"end":{"line":381,"column":39}},"138":{"start":{"line":382,"column":4},"end":{"line":393,"column":7}},"139":{"start":{"line":383,"column":22},"end":{"line":383,"column":38}},"140":{"start":{"line":384,"column":25},"end":{"line":384,"column":52}},"141":{"start":{"line":385,"column":30},"end":{"line":385,"column":50}},"142":{"start":{"line":386,"column":24},"end":{"line":386,"column":58}},"143":{"start":{"line":388,"column":8},"end":{"line":388,"column":104}},"144":{"start":{"line":389,"column":8},"end":{"line":389,"column":64}},"145":{"start":{"line":391,"column":27},"end":{"line":391,"column":77}},"146":{"start":{"line":392,"column":8},"end":{"line":392,"column":74}},"147":{"start":{"line":395,"column":4},"end":{"line":395,"column":25}},"148":{"start":{"line":396,"column":4},"end":{"line":404,"column":5}},"149":{"start":{"line":397,"column":28},"end":{"line":397,"column":91}},"150":{"start":{"line":398,"column":8},"end":{"line":398,"column":49}},"151":{"start":{"line":399,"column":8},"end":{"line":403,"column":24}},"152":{"start":{"line":406,"column":4},"end":{"line":406,"column":20}},"153":{"start":{"line":418,"column":24},"end":{"line":418,"column":28}},"154":{"start":{"line":419,"column":25},"end":{"line":419,"column":36}},"155":{"start":{"line":420,"column":4},"end":{"line":424,"column":5}},"156":{"start":{"line":421,"column":22},"end":{"line":421,"column":63}},"157":{"start":{"line":422,"column":8},"end":{"line":422,"column":34}},"158":{"start":{"line":423,"column":8},"end":{"line":423,"column":119}},"159":{"start":{"line":425,"column":22},"end":{"line":425,"column":75}},"160":{"start":{"line":426,"column":30},"end":{"line":436,"column":5}},"161":{"start":{"line":427,"column":27},"end":{"line":427,"column":46}},"162":{"start":{"line":428,"column":30},"end":{"line":428,"column":53}},"163":{"start":{"line":429,"column":8},"end":{"line":431,"column":9}},"164":{"start":{"line":430,"column":12},"end":{"line":430,"column":30}},"165":{"start":{"line":432,"column":8},"end":{"line":434,"column":9}},"166":{"start":{"line":433,"column":12},"end":{"line":433,"column":33}},"167":{"start":{"line":435,"column":8},"end":{"line":435,"column":111}},"168":{"start":{"line":437,"column":4},"end":{"line":440,"column":5}},"169":{"start":{"line":438,"column":28},"end":{"line":438,"column":71}},"170":{"start":{"line":439,"column":8},"end":{"line":439,"column":93}},"171":{"start":{"line":441,"column":27},"end":{"line":441,"column":29}},"172":{"start":{"line":442,"column":4},"end":{"line":444,"column":5}},"173":{"start":{"line":443,"column":8},"end":{"line":443,"column":50}},"174":{"start":{"line":445,"column":4},"end":{"line":445,"column":50}},"175":{"start":{"line":446,"column":28},"end":{"line":446,"column":59}},"176":{"start":{"line":447,"column":24},"end":{"line":447,"column":68}},"177":{"start":{"line":448,"column":4},"end":{"line":452,"column":5}},"178":{"start":{"line":449,"column":22},"end":{"line":449,"column":87}},"179":{"start":{"line":450,"column":28},"end":{"line":450,"column":72}},"180":{"start":{"line":451,"column":12},"end":{"line":451,"column":88}},"181":{"start":{"line":454,"column":4},"end":{"line":457,"column":5}},"182":{"start":{"line":455,"column":28},"end":{"line":455,"column":74}},"183":{"start":{"line":456,"column":8},"end":{"line":456,"column":63}},"184":{"start":{"line":458,"column":4},"end":{"line":461,"column":5}},"185":{"start":{"line":459,"column":28},"end":{"line":459,"column":70}},"186":{"start":{"line":460,"column":8},"end":{"line":460,"column":63}},"187":{"start":{"line":462,"column":4},"end":{"line":465,"column":5}},"188":{"start":{"line":463,"column":28},"end":{"line":463,"column":72}},"189":{"start":{"line":464,"column":8},"end":{"line":464,"column":63}},"190":{"start":{"line":466,"column":4},"end":{"line":470,"column":5}},"191":{"start":{"line":467,"column":29},"end":{"line":467,"column":95}},"192":{"start":{"line":468,"column":25},"end":{"line":468,"column":154}},"193":{"start":{"line":469,"column":8},"end":{"line":469,"column":115}},"194":{"start":{"line":471,"column":23},"end":{"line":471,"column":38}},"195":{"start":{"line":472,"column":4},"end":{"line":529,"column":5}},"196":{"start":{"line":473,"column":8},"end":{"line":473,"column":234}},"197":{"start":{"line":474,"column":11},"end":{"line":529,"column":5}},"198":{"start":{"line":475,"column":25},"end":{"line":475,"column":80}},"199":{"start":{"line":476,"column":24},"end":{"line":476,"column":47}},"200":{"start":{"line":477,"column":25},"end":{"line":477,"column":96}},"201":{"start":{"line":478,"column":8},"end":{"line":478,"column":247}},"202":{"start":{"line":479,"column":11},"end":{"line":529,"column":5}},"203":{"start":{"line":480,"column":23},"end":{"line":480,"column":72}},"204":{"start":{"line":481,"column":8},"end":{"line":481,"column":136}},"205":{"start":{"line":482,"column":11},"end":{"line":529,"column":5}},"206":{"start":{"line":483,"column":19},"end":{"line":483,"column":88}},"207":{"start":{"line":484,"column":28},"end":{"line":484,"column":99}},"208":{"start":{"line":485,"column":8},"end":{"line":485,"column":338}},"209":{"start":{"line":486,"column":11},"end":{"line":529,"column":5}},"210":{"start":{"line":487,"column":19},"end":{"line":487,"column":88}},"211":{"start":{"line":488,"column":28},"end":{"line":488,"column":99}},"212":{"start":{"line":489,"column":8},"end":{"line":489,"column":371}},"213":{"start":{"line":490,"column":11},"end":{"line":529,"column":5}},"214":{"start":{"line":491,"column":8},"end":{"line":491,"column":146}},"215":{"start":{"line":492,"column":11},"end":{"line":529,"column":5}},"216":{"start":{"line":493,"column":19},"end":{"line":493,"column":88}},"217":{"start":{"line":494,"column":28},"end":{"line":494,"column":99}},"218":{"start":{"line":495,"column":24},"end":{"line":495,"column":90}},"219":{"start":{"line":496,"column":27},"end":{"line":500,"column":19}},"220":{"start":{"line":497,"column":26},"end":{"line":497,"column":36}},"221":{"start":{"line":498,"column":29},"end":{"line":498,"column":81}},"222":{"start":{"line":499,"column":12},"end":{"line":499,"column":90}},"223":{"start":{"line":501,"column":8},"end":{"line":501,"column":237}},"224":{"start":{"line":502,"column":11},"end":{"line":529,"column":5}},"225":{"start":{"line":503,"column":8},"end":{"line":503,"column":52}},"226":{"start":{"line":504,"column":11},"end":{"line":529,"column":5}},"227":{"start":{"line":505,"column":19},"end":{"line":505,"column":88}},"228":{"start":{"line":506,"column":28},"end":{"line":506,"column":99}},"229":{"start":{"line":507,"column":8},"end":{"line":507,"column":297}},"230":{"start":{"line":508,"column":11},"end":{"line":529,"column":5}},"231":{"start":{"line":509,"column":19},"end":{"line":509,"column":88}},"232":{"start":{"line":510,"column":28},"end":{"line":510,"column":99}},"233":{"start":{"line":511,"column":8},"end":{"line":511,"column":346}},"234":{"start":{"line":512,"column":11},"end":{"line":529,"column":5}},"235":{"start":{"line":513,"column":22},"end":{"line":513,"column":48}},"236":{"start":{"line":514,"column":23},"end":{"line":514,"column":125}},"237":{"start":{"line":515,"column":8},"end":{"line":517,"column":11}},"238":{"start":{"line":516,"column":12},"end":{"line":516,"column":122}},"239":{"start":{"line":518,"column":8},"end":{"line":518,"column":35}},"240":{"start":{"line":519,"column":8},"end":{"line":519,"column":24}},"241":{"start":{"line":520,"column":11},"end":{"line":529,"column":5}},"242":{"start":{"line":521,"column":8},"end":{"line":521,"column":145}},"243":{"start":{"line":522,"column":11},"end":{"line":529,"column":5}},"244":{"start":{"line":523,"column":8},"end":{"line":523,"column":78}},"245":{"start":{"line":524,"column":11},"end":{"line":529,"column":5}},"246":{"start":{"line":525,"column":24},"end":{"line":525,"column":107}},"247":{"start":{"line":526,"column":26},"end":{"line":526,"column":67}},"248":{"start":{"line":527,"column":32},"end":{"line":527,"column":77}},"249":{"start":{"line":528,"column":8},"end":{"line":528,"column":251}},"250":{"start":{"line":530,"column":4},"end":{"line":530,"column":109}},"251":{"start":{"line":544,"column":22},"end":{"line":544,"column":68}},"252":{"start":{"line":545,"column":27},"end":{"line":545,"column":55}},"253":{"start":{"line":546,"column":27},"end":{"line":546,"column":48}},"254":{"start":{"line":547,"column":20},"end":{"line":547,"column":66}},"255":{"start":{"line":548,"column":21},"end":{"line":548,"column":68}},"256":{"start":{"line":549,"column":22},"end":{"line":549,"column":66}},"257":{"start":{"line":550,"column":18},"end":{"line":550,"column":64}},"258":{"start":{"line":551,"column":29},"end":{"line":551,"column":60}},"259":{"start":{"line":552,"column":21},"end":{"line":552,"column":104}},"260":{"start":{"line":553,"column":22},"end":{"line":553,"column":85}},"261":{"start":{"line":554,"column":27},"end":{"line":554,"column":29}},"262":{"start":{"line":555,"column":4},"end":{"line":569,"column":5}},"263":{"start":{"line":556,"column":8},"end":{"line":558,"column":9}},"264":{"start":{"line":557,"column":12},"end":{"line":557,"column":43}},"265":{"start":{"line":559,"column":8},"end":{"line":561,"column":9}},"266":{"start":{"line":560,"column":12},"end":{"line":560,"column":42}},"267":{"start":{"line":563,"column":8},"end":{"line":565,"column":9}},"268":{"start":{"line":564,"column":12},"end":{"line":564,"column":42}},"269":{"start":{"line":566,"column":8},"end":{"line":568,"column":9}},"270":{"start":{"line":567,"column":12},"end":{"line":567,"column":43}},"271":{"start":{"line":570,"column":23},"end":{"line":570,"column":78}},"272":{"start":{"line":571,"column":25},"end":{"line":571,"column":48}},"273":{"start":{"line":572,"column":22},"end":{"line":606,"column":5}},"274":{"start":{"line":573,"column":23},"end":{"line":573,"column":40}},"275":{"start":{"line":574,"column":8},"end":{"line":576,"column":9}},"276":{"start":{"line":575,"column":12},"end":{"line":575,"column":39}},"277":{"start":{"line":577,"column":8},"end":{"line":589,"column":9}},"278":{"start":{"line":578,"column":28},"end":{"line":578,"column":41}},"279":{"start":{"line":579,"column":12},"end":{"line":581,"column":13}},"280":{"start":{"line":580,"column":16},"end":{"line":580,"column":54}},"281":{"start":{"line":582,"column":12},"end":{"line":584,"column":13}},"282":{"start":{"line":583,"column":16},"end":{"line":583,"column":31}},"283":{"start":{"line":585,"column":28},"end":{"line":585,"column":47}},"284":{"start":{"line":586,"column":12},"end":{"line":588,"column":13}},"285":{"start":{"line":587,"column":16},"end":{"line":587,"column":44}},"286":{"start":{"line":590,"column":8},"end":{"line":604,"column":9}},"287":{"start":{"line":591,"column":12},"end":{"line":593,"column":13}},"288":{"start":{"line":592,"column":16},"end":{"line":592,"column":45}},"289":{"start":{"line":594,"column":12},"end":{"line":603,"column":13}},"290":{"start":{"line":595,"column":40},"end":{"line":595,"column":55}},"291":{"start":{"line":596,"column":16},"end":{"line":598,"column":17}},"292":{"start":{"line":597,"column":20},"end":{"line":597,"column":43}},"293":{"start":{"line":599,"column":40},"end":{"line":599,"column":67}},"294":{"start":{"line":600,"column":16},"end":{"line":602,"column":17}},"295":{"start":{"line":601,"column":20},"end":{"line":601,"column":56}},"296":{"start":{"line":605,"column":8},"end":{"line":605,"column":22}},"297":{"start":{"line":607,"column":25},"end":{"line":626,"column":8}},"298":{"start":{"line":608,"column":26},"end":{"line":608,"column":69}},"299":{"start":{"line":609,"column":8},"end":{"line":611,"column":9}},"300":{"start":{"line":610,"column":12},"end":{"line":610,"column":29}},"301":{"start":{"line":612,"column":8},"end":{"line":624,"column":9}},"302":{"start":{"line":613,"column":28},"end":{"line":613,"column":44}},"303":{"start":{"line":614,"column":12},"end":{"line":619,"column":13}},"304":{"start":{"line":615,"column":33},"end":{"line":615,"column":52}},"305":{"start":{"line":616,"column":16},"end":{"line":618,"column":17}},"306":{"start":{"line":617,"column":20},"end":{"line":617,"column":41}},"307":{"start":{"line":620,"column":27},"end":{"line":620,"column":46}},"308":{"start":{"line":621,"column":12},"end":{"line":623,"column":13}},"309":{"start":{"line":622,"column":16},"end":{"line":622,"column":30}},"310":{"start":{"line":625,"column":8},"end":{"line":625,"column":18}},"311":{"start":{"line":627,"column":26},"end":{"line":627,"column":95}},"312":{"start":{"line":628,"column":25},"end":{"line":628,"column":93}},"313":{"start":{"line":629,"column":28},"end":{"line":629,"column":120}},"314":{"start":{"line":630,"column":27},"end":{"line":630,"column":120}},"315":{"start":{"line":631,"column":23},"end":{"line":631,"column":78}},"316":{"start":{"line":632,"column":22},"end":{"line":632,"column":76}},"317":{"start":{"line":633,"column":29},"end":{"line":633,"column":85}},"318":{"start":{"line":634,"column":33},"end":{"line":634,"column":119}},"319":{"start":{"line":635,"column":24},"end":{"line":640,"column":8}},"320":{"start":{"line":636,"column":8},"end":{"line":638,"column":9}},"321":{"start":{"line":637,"column":12},"end":{"line":637,"column":23}},"322":{"start":{"line":639,"column":8},"end":{"line":639,"column":70}},"323":{"start":{"line":641,"column":26},"end":{"line":641,"column":53}},"324":{"start":{"line":642,"column":23},"end":{"line":642,"column":47}},"325":{"start":{"line":643,"column":21},"end":{"line":643,"column":81}},"326":{"start":{"line":644,"column":32},"end":{"line":646,"column":12}},"327":{"start":{"line":647,"column":27},"end":{"line":647,"column":29}},"328":{"start":{"line":648,"column":4},"end":{"line":650,"column":5}},"329":{"start":{"line":649,"column":8},"end":{"line":649,"column":49}},"330":{"start":{"line":651,"column":4},"end":{"line":651,"column":60}},"331":{"start":{"line":652,"column":4},"end":{"line":652,"column":64}},"332":{"start":{"line":653,"column":4},"end":{"line":653,"column":62}},"333":{"start":{"line":654,"column":4},"end":{"line":654,"column":68}},"334":{"start":{"line":655,"column":4},"end":{"line":655,"column":66}},"335":{"start":{"line":656,"column":4},"end":{"line":656,"column":59}},"336":{"start":{"line":657,"column":4},"end":{"line":659,"column":5}},"337":{"start":{"line":658,"column":8},"end":{"line":658,"column":70}},"338":{"start":{"line":660,"column":4},"end":{"line":662,"column":5}},"339":{"start":{"line":661,"column":8},"end":{"line":661,"column":68}},"340":{"start":{"line":663,"column":20},"end":{"line":663,"column":80}},"341":{"start":{"line":664,"column":4},"end":{"line":666,"column":5}},"342":{"start":{"line":665,"column":8},"end":{"line":665,"column":69}},"343":{"start":{"line":667,"column":23},"end":{"line":667,"column":78}},"344":{"start":{"line":668,"column":4},"end":{"line":670,"column":5}},"345":{"start":{"line":669,"column":8},"end":{"line":669,"column":75}},"346":{"start":{"line":671,"column":27},"end":{"line":671,"column":51}},"347":{"start":{"line":672,"column":34},"end":{"line":681,"column":5}},"348":{"start":{"line":673,"column":8},"end":{"line":675,"column":9}},"349":{"start":{"line":674,"column":12},"end":{"line":674,"column":22}},"350":{"start":{"line":676,"column":8},"end":{"line":680,"column":20}},"351":{"start":{"line":677,"column":25},"end":{"line":677,"column":41}},"352":{"start":{"line":678,"column":26},"end":{"line":678,"column":54}},"353":{"start":{"line":679,"column":12},"end":{"line":679,"column":74}},"354":{"start":{"line":682,"column":22},"end":{"line":682,"column":50}},"355":{"start":{"line":683,"column":22},"end":{"line":686,"column":19}},"356":{"start":{"line":687,"column":24},"end":{"line":690,"column":19}},"357":{"start":{"line":691,"column":29},"end":{"line":696,"column":22}},"358":{"start":{"line":697,"column":30},"end":{"line":697,"column":63}},"359":{"start":{"line":698,"column":21},"end":{"line":700,"column":52}},"360":{"start":{"line":701,"column":26},"end":{"line":701,"column":45}},"361":{"start":{"line":703,"column":4},"end":{"line":707,"column":6}},"362":{"start":{"line":716,"column":17},"end":{"line":716,"column":19}},"363":{"start":{"line":717,"column":23},"end":{"line":717,"column":45}},"364":{"start":{"line":718,"column":28},"end":{"line":718,"column":75}},"365":{"start":{"line":719,"column":28},"end":{"line":719,"column":74}},"366":{"start":{"line":720,"column":28},"end":{"line":720,"column":74}},"367":{"start":{"line":721,"column":4},"end":{"line":727,"column":5}},"368":{"start":{"line":722,"column":8},"end":{"line":722,"column":65}},"369":{"start":{"line":723,"column":8},"end":{"line":723,"column":44}},"370":{"start":{"line":724,"column":8},"end":{"line":724,"column":49}},"371":{"start":{"line":725,"column":11},"end":{"line":727,"column":5}},"372":{"start":{"line":726,"column":8},"end":{"line":726,"column":58}},"373":{"start":{"line":728,"column":28},"end":{"line":728,"column":50}},"374":{"start":{"line":729,"column":21},"end":{"line":729,"column":82}},"375":{"start":{"line":730,"column":4},"end":{"line":732,"column":5}},"376":{"start":{"line":731,"column":8},"end":{"line":731,"column":44}},"377":{"start":{"line":733,"column":23},"end":{"line":733,"column":84}},"378":{"start":{"line":734,"column":4},"end":{"line":736,"column":5}},"379":{"start":{"line":735,"column":8},"end":{"line":735,"column":48}},"380":{"start":{"line":737,"column":22},"end":{"line":737,"column":66}},"381":{"start":{"line":738,"column":4},"end":{"line":740,"column":5}},"382":{"start":{"line":739,"column":8},"end":{"line":739,"column":46}},"383":{"start":{"line":741,"column":26},"end":{"line":741,"column":70}},"384":{"start":{"line":742,"column":4},"end":{"line":744,"column":5}},"385":{"start":{"line":743,"column":8},"end":{"line":743,"column":54}},"386":{"start":{"line":745,"column":31},"end":{"line":745,"column":105}},"387":{"start":{"line":746,"column":4},"end":{"line":748,"column":5}},"388":{"start":{"line":747,"column":8},"end":{"line":747,"column":59}},"389":{"start":{"line":749,"column":28},"end":{"line":749,"column":93}},"390":{"start":{"line":750,"column":4},"end":{"line":752,"column":5}},"391":{"start":{"line":751,"column":8},"end":{"line":751,"column":53}},"392":{"start":{"line":753,"column":22},"end":{"line":753,"column":62}},"393":{"start":{"line":754,"column":4},"end":{"line":756,"column":5}},"394":{"start":{"line":755,"column":8},"end":{"line":755,"column":46}},"395":{"start":{"line":757,"column":22},"end":{"line":757,"column":58}},"396":{"start":{"line":758,"column":4},"end":{"line":760,"column":5}},"397":{"start":{"line":759,"column":8},"end":{"line":759,"column":41}},"398":{"start":{"line":761,"column":19},"end":{"line":761,"column":37}},"399":{"start":{"line":762,"column":25},"end":{"line":762,"column":44}},"400":{"start":{"line":763,"column":24},"end":{"line":763,"column":60}},"401":{"start":{"line":764,"column":4},"end":{"line":773,"column":5}},"402":{"start":{"line":765,"column":8},"end":{"line":770,"column":9}},"403":{"start":{"line":766,"column":29},"end":{"line":766,"column":67}},"404":{"start":{"line":767,"column":12},"end":{"line":769,"column":13}},"405":{"start":{"line":768,"column":16},"end":{"line":768,"column":57}},"406":{"start":{"line":771,"column":11},"end":{"line":773,"column":5}},"407":{"start":{"line":772,"column":8},"end":{"line":772,"column":52}},"408":{"start":{"line":774,"column":25},"end":{"line":774,"column":63}},"409":{"start":{"line":775,"column":4},"end":{"line":784,"column":5}},"410":{"start":{"line":776,"column":8},"end":{"line":781,"column":9}},"411":{"start":{"line":777,"column":29},"end":{"line":777,"column":68}},"412":{"start":{"line":778,"column":12},"end":{"line":780,"column":13}},"413":{"start":{"line":779,"column":16},"end":{"line":779,"column":58}},"414":{"start":{"line":782,"column":11},"end":{"line":784,"column":5}},"415":{"start":{"line":783,"column":8},"end":{"line":783,"column":54}},"416":{"start":{"line":785,"column":24},"end":{"line":785,"column":63}},"417":{"start":{"line":786,"column":24},"end":{"line":786,"column":62}},"418":{"start":{"line":787,"column":29},"end":{"line":787,"column":67}},"419":{"start":{"line":788,"column":29},"end":{"line":788,"column":67}},"420":{"start":{"line":789,"column":4},"end":{"line":795,"column":5}},"421":{"start":{"line":790,"column":27},"end":{"line":790,"column":100}},"422":{"start":{"line":791,"column":27},"end":{"line":791,"column":54}},"423":{"start":{"line":792,"column":8},"end":{"line":794,"column":9}},"424":{"start":{"line":793,"column":12},"end":{"line":793,"column":94}},"425":{"start":{"line":796,"column":25},"end":{"line":796,"column":65}},"426":{"start":{"line":797,"column":4},"end":{"line":800,"column":5}},"427":{"start":{"line":798,"column":28},"end":{"line":798,"column":104}},"428":{"start":{"line":799,"column":8},"end":{"line":799,"column":51}},"429":{"start":{"line":801,"column":21},"end":{"line":801,"column":36}},"430":{"start":{"line":802,"column":4},"end":{"line":804,"column":5}},"431":{"start":{"line":803,"column":8},"end":{"line":803,"column":93}},"432":{"start":{"line":805,"column":18},"end":{"line":805,"column":45}},"433":{"start":{"line":806,"column":4},"end":{"line":808,"column":5}},"434":{"start":{"line":807,"column":8},"end":{"line":807,"column":80}},"435":{"start":{"line":809,"column":4},"end":{"line":809,"column":18}},"436":{"start":{"line":819,"column":4},"end":{"line":819,"column":54}},"437":{"start":{"line":826,"column":18},"end":{"line":826,"column":55}},"438":{"start":{"line":827,"column":4},"end":{"line":836,"column":7}},"439":{"start":{"line":828,"column":24},"end":{"line":828,"column":57}},"440":{"start":{"line":829,"column":8},"end":{"line":835,"column":9}},"441":{"start":{"line":830,"column":12},"end":{"line":834,"column":13}},"442":{"start":{"line":831,"column":16},"end":{"line":831,"column":78}},"443":{"start":{"line":833,"column":16},"end":{"line":833,"column":83}},"444":{"start":{"line":844,"column":4},"end":{"line":844,"column":50}}},"fnMap":{"0":{"name":"(anonymous_0)","decl":{"start":{"line":7,"column":26},"end":{"line":7,"column":27}},"loc":{"start":{"line":7,"column":41},"end":{"line":18,"column":1}},"line":7},"1":{"name":"renderYamlStructure","decl":{"start":{"line":25,"column":16},"end":{"line":25,"column":35}},"loc":{"start":{"line":25,"column":65},"end":{"line":49,"column":1}},"line":25},"2":{"name":"renderComponentsList","decl":{"start":{"line":57,"column":16},"end":{"line":57,"column":36}},"loc":{"start":{"line":57,"column":65},"end":{"line":65,"column":1}},"line":57},"3":{"name":"(anonymous_3)","decl":{"start":{"line":60,"column":23},"end":{"line":60,"column":24}},"loc":{"start":{"line":60,"column":45},"end":{"line":63,"column":5}},"line":60},"4":{"name":"renderComponent","decl":{"start":{"line":73,"column":16},"end":{"line":73,"column":31}},"loc":{"start":{"line":73,"column":55},"end":{"line":97,"column":1}},"line":73},"5":{"name":"renderCarousel","decl":{"start":{"line":108,"column":9},"end":{"line":108,"column":23}},"loc":{"start":{"line":108,"column":47},"end":{"line":145,"column":1}},"line":108},"6":{"name":"(anonymous_6)","decl":{"start":{"line":130,"column":29},"end":{"line":130,"column":30}},"loc":{"start":{"line":130,"column":39},"end":{"line":130,"column":75}},"line":130},"7":{"name":"renderFormComponent","decl":{"start":{"line":156,"column":9},"end":{"line":156,"column":28}},"loc":{"start":{"line":156,"column":52},"end":{"line":176,"column":1}},"line":156},"8":{"name":"renderPageComponent","decl":{"start":{"line":187,"column":9},"end":{"line":187,"column":28}},"loc":{"start":{"line":187,"column":52},"end":{"line":209,"column":1}},"line":187},"9":{"name":"renderImageComponent","decl":{"start":{"line":220,"column":9},"end":{"line":220,"column":29}},"loc":{"start":{"line":220,"column":53},"end":{"line":252,"column":1}},"line":220},"10":{"name":"renderSimpleComponent","decl":{"start":{"line":260,"column":16},"end":{"line":260,"column":37}},"loc":{"start":{"line":260,"column":61},"end":{"line":281,"column":1}},"line":260},"11":{"name":"renderColumnsGrid","decl":{"start":{"line":292,"column":9},"end":{"line":292,"column":26}},"loc":{"start":{"line":292,"column":50},"end":{"line":329,"column":1}},"line":292},"12":{"name":"renderAccordion","decl":{"start":{"line":340,"column":9},"end":{"line":340,"column":24}},"loc":{"start":{"line":340,"column":48},"end":{"line":366,"column":1}},"line":340},"13":{"name":"renderTabs","decl":{"start":{"line":377,"column":9},"end":{"line":377,"column":19}},"loc":{"start":{"line":377,"column":43},"end":{"line":407,"column":1}},"line":377},"14":{"name":"(anonymous_14)","decl":{"start":{"line":382,"column":17},"end":{"line":382,"column":18}},"loc":{"start":{"line":382,"column":29},"end":{"line":393,"column":5}},"line":382},"15":{"name":"generateComponentInnerHTML","decl":{"start":{"line":417,"column":16},"end":{"line":417,"column":42}},"loc":{"start":{"line":417,"column":82},"end":{"line":531,"column":1}},"line":417},"16":{"name":"(anonymous_16)","decl":{"start":{"line":426,"column":30},"end":{"line":426,"column":31}},"loc":{"start":{"line":426,"column":50},"end":{"line":436,"column":5}},"line":426},"17":{"name":"(anonymous_17)","decl":{"start":{"line":496,"column":39},"end":{"line":496,"column":40}},"loc":{"start":{"line":496,"column":46},"end":{"line":500,"column":9}},"line":496},"18":{"name":"(anonymous_18)","decl":{"start":{"line":515,"column":22},"end":{"line":515,"column":23}},"loc":{"start":{"line":515,"column":30},"end":{"line":517,"column":9}},"line":515},"19":{"name":"generateTitlebarHTML","decl":{"start":{"line":543,"column":9},"end":{"line":543,"column":29}},"loc":{"start":{"line":543,"column":63},"end":{"line":708,"column":1}},"line":543},"20":{"name":"(anonymous_20)","decl":{"start":{"line":572,"column":22},"end":{"line":572,"column":23}},"loc":{"start":{"line":572,"column":43},"end":{"line":606,"column":5}},"line":572},"21":{"name":"(anonymous_21)","decl":{"start":{"line":607,"column":26},"end":{"line":607,"column":27}},"loc":{"start":{"line":607,"column":32},"end":{"line":626,"column":5}},"line":607},"22":{"name":"(anonymous_22)","decl":{"start":{"line":635,"column":25},"end":{"line":635,"column":26}},"loc":{"start":{"line":635,"column":31},"end":{"line":640,"column":5}},"line":635},"23":{"name":"(anonymous_23)","decl":{"start":{"line":672,"column":34},"end":{"line":672,"column":35}},"loc":{"start":{"line":672,"column":45},"end":{"line":681,"column":5}},"line":672},"24":{"name":"(anonymous_24)","decl":{"start":{"line":676,"column":25},"end":{"line":676,"column":26}},"loc":{"start":{"line":676,"column":33},"end":{"line":680,"column":9}},"line":676},"25":{"name":"generateRemainingStyles","decl":{"start":{"line":715,"column":9},"end":{"line":715,"column":32}},"loc":{"start":{"line":715,"column":60},"end":{"line":810,"column":1}},"line":715},"26":{"name":"registerComponentForInitialization","decl":{"start":{"line":818,"column":16},"end":{"line":818,"column":50}},"loc":{"start":{"line":818,"column":73},"end":{"line":820,"column":1}},"line":818},"27":{"name":"initializeAllComponents","decl":{"start":{"line":825,"column":16},"end":{"line":825,"column":39}},"loc":{"start":{"line":825,"column":63},"end":{"line":837,"column":1}},"line":825},"28":{"name":"(anonymous_28)","decl":{"start":{"line":827,"column":18},"end":{"line":827,"column":19}},"loc":{"start":{"line":827,"column":27},"end":{"line":836,"column":5}},"line":827},"29":{"name":"computeInlineStylesFromProperties","decl":{"start":{"line":843,"column":16},"end":{"line":843,"column":49}},"loc":{"start":{"line":843,"column":62},"end":{"line":845,"column":1}},"line":843}},"branchMap":{"0":{"loc":{"start":{"line":8,"column":4},"end":{"line":17,"column":5}},"type":"switch","locations":[{"start":{"line":9,"column":8},"end":{"line":10,"column":35}},{"start":{"line":11,"column":8},"end":{"line":12,"column":37}},{"start":{"line":13,"column":8},"end":{"line":14,"column":36}},{"start":{"line":15,"column":8},"end":{"line":16,"column":22}}],"line":8},"1":{"loc":{"start":{"line":25,"column":47},"end":{"line":25,"column":63}},"type":"default-arg","locations":[{"start":{"line":25,"column":54},"end":{"line":25,"column":63}}],"line":25},"2":{"loc":{"start":{"line":27,"column":4},"end":{"line":43,"column":5}},"type":"if","locations":[{"start":{"line":27,"column":4},"end":{"line":43,"column":5}},{"start":{},"end":{}}],"line":27},"3":{"loc":{"start":{"line":27,"column":8},"end":{"line":27,"column":105}},"type":"binary-expr","locations":[{"start":{"line":27,"column":8},"end":{"line":27,"column":18}},{"start":{"line":27,"column":22},"end":{"line":27,"column":47}},{"start":{"line":27,"column":51},"end":{"line":27,"column":73}},{"start":{"line":27,"column":77},"end":{"line":27,"column":105}}],"line":27},"4":{"loc":{"start":{"line":74,"column":4},"end":{"line":74,"column":49}},"type":"if","locations":[{"start":{"line":74,"column":4},"end":{"line":74,"column":49}},{"start":{},"end":{}}],"line":74},"5":{"loc":{"start":{"line":74,"column":8},"end":{"line":74,"column":37}},"type":"binary-expr","locations":[{"start":{"line":74,"column":8},"end":{"line":74,"column":18}},{"start":{"line":74,"column":22},"end":{"line":74,"column":37}}],"line":74},"6":{"loc":{"start":{"line":77,"column":8},"end":{"line":77,"column":23}},"type":"default-arg","locations":[{"start":{"line":77,"column":21},"end":{"line":77,"column":23}}],"line":77},"7":{"loc":{"start":{"line":79,"column":4},"end":{"line":96,"column":5}},"type":"switch","locations":[{"start":{"line":80,"column":8},"end":{"line":81,"column":62}},{"start":{"line":82,"column":8},"end":{"line":83,"column":60}},{"start":{"line":84,"column":8},"end":{"line":85,"column":58}},{"start":{"line":86,"column":8},"end":{"line":87,"column":53}},{"start":{"line":88,"column":8},"end":{"line":89,"column":63}},{"start":{"line":90,"column":8},"end":{"line":91,"column":62}},{"start":{"line":92,"column":8},"end":{"line":93,"column":57}},{"start":{"line":94,"column":8},"end":{"line":95,"column":64}}],"line":79},"8":{"loc":{"start":{"line":109,"column":12},"end":{"line":109,"column":27}},"type":"default-arg","locations":[{"start":{"line":109,"column":25},"end":{"line":109,"column":27}}],"line":109},"9":{"loc":{"start":{"line":109,"column":29},"end":{"line":109,"column":40}},"type":"default-arg","locations":[{"start":{"line":109,"column":38},"end":{"line":109,"column":40}}],"line":109},"10":{"loc":{"start":{"line":115,"column":32},"end":{"line":115,"column":75}},"type":"cond-expr","locations":[{"start":{"line":115,"column":44},"end":{"line":115,"column":70}},{"start":{"line":115,"column":73},"end":{"line":115,"column":75}}],"line":115},"11":{"loc":{"start":{"line":115,"column":44},"end":{"line":115,"column":70}},"type":"binary-expr","locations":[{"start":{"line":115,"column":44},"end":{"line":115,"column":64}},{"start":{"line":115,"column":68},"end":{"line":115,"column":70}}],"line":115},"12":{"loc":{"start":{"line":134,"column":4},"end":{"line":143,"column":5}},"type":"if","locations":[{"start":{"line":134,"column":4},"end":{"line":143,"column":5}},{"start":{},"end":{}}],"line":134},"13":{"loc":{"start":{"line":157,"column":12},"end":{"line":157,"column":27}},"type":"default-arg","locations":[{"start":{"line":157,"column":25},"end":{"line":157,"column":27}}],"line":157},"14":{"loc":{"start":{"line":157,"column":29},"end":{"line":157,"column":44}},"type":"default-arg","locations":[{"start":{"line":157,"column":42},"end":{"line":157,"column":44}}],"line":157},"15":{"loc":{"start":{"line":160,"column":4},"end":{"line":172,"column":5}},"type":"if","locations":[{"start":{"line":160,"column":4},"end":{"line":172,"column":5}},{"start":{},"end":{}}],"line":160},"16":{"loc":{"start":{"line":163,"column":8},"end":{"line":165,"column":9}},"type":"if","locations":[{"start":{"line":163,"column":8},"end":{"line":165,"column":9}},{"start":{},"end":{}}],"line":163},"17":{"loc":{"start":{"line":189,"column":8},"end":{"line":189,"column":23}},"type":"default-arg","locations":[{"start":{"line":189,"column":21},"end":{"line":189,"column":23}}],"line":189},"18":{"loc":{"start":{"line":190,"column":8},"end":{"line":190,"column":23}},"type":"default-arg","locations":[{"start":{"line":190,"column":21},"end":{"line":190,"column":23}}],"line":190},"19":{"loc":{"start":{"line":195,"column":4},"end":{"line":206,"column":5}},"type":"if","locations":[{"start":{"line":195,"column":4},"end":{"line":206,"column":5}},{"start":{},"end":{}}],"line":195},"20":{"loc":{"start":{"line":198,"column":8},"end":{"line":200,"column":9}},"type":"if","locations":[{"start":{"line":198,"column":8},"end":{"line":200,"column":9}},{"start":{},"end":{}}],"line":198},"21":{"loc":{"start":{"line":221,"column":12},"end":{"line":221,"column":27}},"type":"default-arg","locations":[{"start":{"line":221,"column":25},"end":{"line":221,"column":27}}],"line":221},"22":{"loc":{"start":{"line":221,"column":29},"end":{"line":221,"column":44}},"type":"default-arg","locations":[{"start":{"line":221,"column":42},"end":{"line":221,"column":44}}],"line":221},"23":{"loc":{"start":{"line":227,"column":33},"end":{"line":227,"column":69}},"type":"binary-expr","locations":[{"start":{"line":227,"column":33},"end":{"line":227,"column":36}},{"start":{"line":227,"column":40},"end":{"line":227,"column":69}}],"line":227},"24":{"loc":{"start":{"line":227,"column":79},"end":{"line":227,"column":88}},"type":"binary-expr","locations":[{"start":{"line":227,"column":79},"end":{"line":227,"column":82}},{"start":{"line":227,"column":86},"end":{"line":227,"column":88}}],"line":227},"25":{"loc":{"start":{"line":227,"column":121},"end":{"line":227,"column":144}},"type":"binary-expr","locations":[{"start":{"line":227,"column":121},"end":{"line":227,"column":134}},{"start":{"line":227,"column":138},"end":{"line":227,"column":144}}],"line":227},"26":{"loc":{"start":{"line":228,"column":4},"end":{"line":230,"column":5}},"type":"if","locations":[{"start":{"line":228,"column":4},"end":{"line":230,"column":5}},{"start":{},"end":{}}],"line":228},"27":{"loc":{"start":{"line":232,"column":4},"end":{"line":235,"column":5}},"type":"if","locations":[{"start":{"line":232,"column":4},"end":{"line":235,"column":5}},{"start":{},"end":{}}],"line":232},"28":{"loc":{"start":{"line":242,"column":4},"end":{"line":250,"column":5}},"type":"if","locations":[{"start":{"line":242,"column":4},"end":{"line":250,"column":5}},{"start":{},"end":{}}],"line":242},"29":{"loc":{"start":{"line":261,"column":18},"end":{"line":261,"column":33}},"type":"default-arg","locations":[{"start":{"line":261,"column":31},"end":{"line":261,"column":33}}],"line":261},"30":{"loc":{"start":{"line":264,"column":4},"end":{"line":279,"column":5}},"type":"if","locations":[{"start":{"line":264,"column":4},"end":{"line":279,"column":5}},{"start":{},"end":{}}],"line":264},"31":{"loc":{"start":{"line":267,"column":8},"end":{"line":272,"column":9}},"type":"if","locations":[{"start":{"line":267,"column":8},"end":{"line":272,"column":9}},{"start":{},"end":{}}],"line":267},"32":{"loc":{"start":{"line":269,"column":12},"end":{"line":271,"column":13}},"type":"if","locations":[{"start":{"line":269,"column":12},"end":{"line":271,"column":13}},{"start":{},"end":{}}],"line":269},"33":{"loc":{"start":{"line":269,"column":16},"end":{"line":269,"column":37}},"type":"binary-expr","locations":[{"start":{"line":269,"column":16},"end":{"line":269,"column":23}},{"start":{"line":269,"column":27},"end":{"line":269,"column":37}}],"line":269},"34":{"loc":{"start":{"line":293,"column":12},"end":{"line":293,"column":27}},"type":"default-arg","locations":[{"start":{"line":293,"column":25},"end":{"line":293,"column":27}}],"line":293},"35":{"loc":{"start":{"line":293,"column":29},"end":{"line":293,"column":41}},"type":"default-arg","locations":[{"start":{"line":293,"column":39},"end":{"line":293,"column":41}}],"line":293},"36":{"loc":{"start":{"line":294,"column":24},"end":{"line":294,"column":88}},"type":"binary-expr","locations":[{"start":{"line":294,"column":24},"end":{"line":294,"column":83}},{"start":{"line":294,"column":87},"end":{"line":294,"column":88}}],"line":294},"37":{"loc":{"start":{"line":299,"column":33},"end":{"line":299,"column":78}},"type":"cond-expr","locations":[{"start":{"line":299,"column":46},"end":{"line":299,"column":73}},{"start":{"line":299,"column":76},"end":{"line":299,"column":78}}],"line":299},"38":{"loc":{"start":{"line":299,"column":46},"end":{"line":299,"column":73}},"type":"binary-expr","locations":[{"start":{"line":299,"column":46},"end":{"line":299,"column":67}},{"start":{"line":299,"column":71},"end":{"line":299,"column":73}}],"line":299},"39":{"loc":{"start":{"line":304,"column":8},"end":{"line":306,"column":9}},"type":"if","locations":[{"start":{"line":304,"column":8},"end":{"line":306,"column":9}},{"start":{},"end":{}}],"line":304},"40":{"loc":{"start":{"line":308,"column":8},"end":{"line":312,"column":9}},"type":"if","locations":[{"start":{"line":308,"column":8},"end":{"line":312,"column":9}},{"start":{"line":310,"column":15},"end":{"line":312,"column":9}}],"line":308},"41":{"loc":{"start":{"line":310,"column":15},"end":{"line":312,"column":9}},"type":"if","locations":[{"start":{"line":310,"column":15},"end":{"line":312,"column":9}},{"start":{},"end":{}}],"line":310},"42":{"loc":{"start":{"line":318,"column":4},"end":{"line":326,"column":5}},"type":"if","locations":[{"start":{"line":318,"column":4},"end":{"line":326,"column":5}},{"start":{},"end":{}}],"line":318},"43":{"loc":{"start":{"line":341,"column":12},"end":{"line":341,"column":27}},"type":"default-arg","locations":[{"start":{"line":341,"column":25},"end":{"line":341,"column":27}}],"line":341},"44":{"loc":{"start":{"line":342,"column":18},"end":{"line":342,"column":55}},"type":"binary-expr","locations":[{"start":{"line":342,"column":18},"end":{"line":342,"column":34}},{"start":{"line":342,"column":38},"end":{"line":342,"column":55}}],"line":342},"45":{"loc":{"start":{"line":345,"column":4},"end":{"line":348,"column":5}},"type":"if","locations":[{"start":{"line":345,"column":4},"end":{"line":348,"column":5}},{"start":{},"end":{}}],"line":345},"46":{"loc":{"start":{"line":345,"column":8},"end":{"line":345,"column":37}},"type":"binary-expr","locations":[{"start":{"line":345,"column":8},"end":{"line":345,"column":15}},{"start":{"line":345,"column":19},"end":{"line":345,"column":37}}],"line":345},"47":{"loc":{"start":{"line":355,"column":4},"end":{"line":363,"column":5}},"type":"if","locations":[{"start":{"line":355,"column":4},"end":{"line":363,"column":5}},{"start":{},"end":{}}],"line":355},"48":{"loc":{"start":{"line":378,"column":12},"end":{"line":378,"column":27}},"type":"default-arg","locations":[{"start":{"line":378,"column":25},"end":{"line":378,"column":27}}],"line":378},"49":{"loc":{"start":{"line":378,"column":29},"end":{"line":378,"column":38}},"type":"default-arg","locations":[{"start":{"line":378,"column":36},"end":{"line":378,"column":38}}],"line":378},"50":{"loc":{"start":{"line":384,"column":25},"end":{"line":384,"column":52}},"type":"binary-expr","locations":[{"start":{"line":384,"column":25},"end":{"line":384,"column":34}},{"start":{"line":384,"column":38},"end":{"line":384,"column":52}}],"line":384},"51":{"loc":{"start":{"line":385,"column":30},"end":{"line":385,"column":50}},"type":"binary-expr","locations":[{"start":{"line":385,"column":30},"end":{"line":385,"column":44}},{"start":{"line":385,"column":48},"end":{"line":385,"column":50}}],"line":385},"52":{"loc":{"start":{"line":388,"column":74},"end":{"line":388,"column":98}},"type":"cond-expr","locations":[{"start":{"line":388,"column":84},"end":{"line":388,"column":93}},{"start":{"line":388,"column":96},"end":{"line":388,"column":98}}],"line":388},"53":{"loc":{"start":{"line":396,"column":4},"end":{"line":404,"column":5}},"type":"if","locations":[{"start":{"line":396,"column":4},"end":{"line":404,"column":5}},{"start":{},"end":{}}],"line":396},"54":{"loc":{"start":{"line":419,"column":25},"end":{"line":419,"column":36}},"type":"binary-expr","locations":[{"start":{"line":419,"column":25},"end":{"line":419,"column":30}},{"start":{"line":419,"column":34},"end":{"line":419,"column":36}}],"line":419},"55":{"loc":{"start":{"line":420,"column":4},"end":{"line":424,"column":5}},"type":"if","locations":[{"start":{"line":420,"column":4},"end":{"line":424,"column":5}},{"start":{},"end":{}}],"line":420},"56":{"loc":{"start":{"line":420,"column":8},"end":{"line":420,"column":82}},"type":"binary-expr","locations":[{"start":{"line":420,"column":8},"end":{"line":420,"column":30}},{"start":{"line":420,"column":34},"end":{"line":420,"column":56}},{"start":{"line":420,"column":60},"end":{"line":420,"column":82}}],"line":420},"57":{"loc":{"start":{"line":421,"column":22},"end":{"line":421,"column":63}},"type":"binary-expr","locations":[{"start":{"line":421,"column":22},"end":{"line":421,"column":58}},{"start":{"line":421,"column":62},"end":{"line":421,"column":63}}],"line":421},"58":{"loc":{"start":{"line":423,"column":70},"end":{"line":423,"column":115}},"type":"binary-expr","locations":[{"start":{"line":423,"column":70},"end":{"line":423,"column":89}},{"start":{"line":423,"column":93},"end":{"line":423,"column":115}}],"line":423},"59":{"loc":{"start":{"line":425,"column":22},"end":{"line":425,"column":75}},"type":"cond-expr","locations":[{"start":{"line":425,"column":54},"end":{"line":425,"column":70}},{"start":{"line":425,"column":73},"end":{"line":425,"column":75}}],"line":425},"60":{"loc":{"start":{"line":427,"column":28},"end":{"line":427,"column":38}},"type":"binary-expr","locations":[{"start":{"line":427,"column":28},"end":{"line":427,"column":32}},{"start":{"line":427,"column":36},"end":{"line":427,"column":38}}],"line":427},"61":{"loc":{"start":{"line":428,"column":31},"end":{"line":428,"column":45}},"type":"binary-expr","locations":[{"start":{"line":428,"column":31},"end":{"line":428,"column":39}},{"start":{"line":428,"column":43},"end":{"line":428,"column":45}}],"line":428},"62":{"loc":{"start":{"line":429,"column":8},"end":{"line":431,"column":9}},"type":"if","locations":[{"start":{"line":429,"column":8},"end":{"line":431,"column":9}},{"start":{},"end":{}}],"line":429},"63":{"loc":{"start":{"line":432,"column":8},"end":{"line":434,"column":9}},"type":"if","locations":[{"start":{"line":432,"column":8},"end":{"line":434,"column":9}},{"start":{},"end":{}}],"line":432},"64":{"loc":{"start":{"line":435,"column":15},"end":{"line":435,"column":110}},"type":"cond-expr","locations":[{"start":{"line":435,"column":42},"end":{"line":435,"column":74}},{"start":{"line":435,"column":77},"end":{"line":435,"column":110}}],"line":435},"65":{"loc":{"start":{"line":437,"column":4},"end":{"line":440,"column":5}},"type":"if","locations":[{"start":{"line":437,"column":4},"end":{"line":440,"column":5}},{"start":{},"end":{}}],"line":437},"66":{"loc":{"start":{"line":438,"column":28},"end":{"line":438,"column":71}},"type":"binary-expr","locations":[{"start":{"line":438,"column":28},"end":{"line":438,"column":58}},{"start":{"line":438,"column":62},"end":{"line":438,"column":71}}],"line":438},"67":{"loc":{"start":{"line":442,"column":4},"end":{"line":444,"column":5}},"type":"if","locations":[{"start":{"line":442,"column":4},"end":{"line":444,"column":5}},{"start":{},"end":{}}],"line":442},"68":{"loc":{"start":{"line":447,"column":24},"end":{"line":447,"column":68}},"type":"cond-expr","locations":[{"start":{"line":447,"column":42},"end":{"line":447,"column":63}},{"start":{"line":447,"column":66},"end":{"line":447,"column":68}}],"line":447},"69":{"loc":{"start":{"line":448,"column":4},"end":{"line":452,"column":5}},"type":"if","locations":[{"start":{"line":448,"column":4},"end":{"line":452,"column":5}},{"start":{},"end":{}}],"line":448},"70":{"loc":{"start":{"line":449,"column":46},"end":{"line":449,"column":85}},"type":"binary-expr","locations":[{"start":{"line":449,"column":46},"end":{"line":449,"column":80}},{"start":{"line":449,"column":84},"end":{"line":449,"column":85}}],"line":449},"71":{"loc":{"start":{"line":450,"column":39},"end":{"line":450,"column":71}},"type":"binary-expr","locations":[{"start":{"line":450,"column":39},"end":{"line":450,"column":58}},{"start":{"line":450,"column":62},"end":{"line":450,"column":71}}],"line":450},"72":{"loc":{"start":{"line":454,"column":4},"end":{"line":457,"column":5}},"type":"if","locations":[{"start":{"line":454,"column":4},"end":{"line":457,"column":5}},{"start":{},"end":{}}],"line":454},"73":{"loc":{"start":{"line":455,"column":39},"end":{"line":455,"column":73}},"type":"binary-expr","locations":[{"start":{"line":455,"column":39},"end":{"line":455,"column":58}},{"start":{"line":455,"column":62},"end":{"line":455,"column":73}}],"line":455},"74":{"loc":{"start":{"line":458,"column":4},"end":{"line":461,"column":5}},"type":"if","locations":[{"start":{"line":458,"column":4},"end":{"line":461,"column":5}},{"start":{},"end":{}}],"line":458},"75":{"loc":{"start":{"line":459,"column":39},"end":{"line":459,"column":69}},"type":"binary-expr","locations":[{"start":{"line":459,"column":39},"end":{"line":459,"column":58}},{"start":{"line":459,"column":62},"end":{"line":459,"column":69}}],"line":459},"76":{"loc":{"start":{"line":462,"column":4},"end":{"line":465,"column":5}},"type":"if","locations":[{"start":{"line":462,"column":4},"end":{"line":465,"column":5}},{"start":{},"end":{}}],"line":462},"77":{"loc":{"start":{"line":463,"column":39},"end":{"line":463,"column":71}},"type":"binary-expr","locations":[{"start":{"line":463,"column":39},"end":{"line":463,"column":58}},{"start":{"line":463,"column":62},"end":{"line":463,"column":71}}],"line":463},"78":{"loc":{"start":{"line":466,"column":4},"end":{"line":470,"column":5}},"type":"if","locations":[{"start":{"line":466,"column":4},"end":{"line":470,"column":5}},{"start":{},"end":{}}],"line":466},"79":{"loc":{"start":{"line":467,"column":40},"end":{"line":467,"column":94}},"type":"binary-expr","locations":[{"start":{"line":467,"column":40},"end":{"line":467,"column":60}},{"start":{"line":467,"column":64},"end":{"line":467,"column":83}},{"start":{"line":467,"column":87},"end":{"line":467,"column":94}}],"line":467},"80":{"loc":{"start":{"line":468,"column":25},"end":{"line":468,"column":154}},"type":"cond-expr","locations":[{"start":{"line":468,"column":47},"end":{"line":468,"column":149}},{"start":{"line":468,"column":152},"end":{"line":468,"column":154}}],"line":468},"81":{"loc":{"start":{"line":472,"column":4},"end":{"line":529,"column":5}},"type":"if","locations":[{"start":{"line":472,"column":4},"end":{"line":529,"column":5}},{"start":{"line":474,"column":11},"end":{"line":529,"column":5}}],"line":472},"82":{"loc":{"start":{"line":473,"column":31},"end":{"line":473,"column":86}},"type":"binary-expr","locations":[{"start":{"line":473,"column":31},"end":{"line":473,"column":49}},{"start":{"line":473,"column":53},"end":{"line":473,"column":86}}],"line":473},"83":{"loc":{"start":{"line":473,"column":103},"end":{"line":473,"column":127}},"type":"binary-expr","locations":[{"start":{"line":473,"column":103},"end":{"line":473,"column":121}},{"start":{"line":473,"column":125},"end":{"line":473,"column":127}}],"line":473},"84":{"loc":{"start":{"line":473,"column":167},"end":{"line":473,"column":205}},"type":"binary-expr","locations":[{"start":{"line":473,"column":167},"end":{"line":473,"column":195}},{"start":{"line":473,"column":199},"end":{"line":473,"column":205}}],"line":473},"85":{"loc":{"start":{"line":474,"column":11},"end":{"line":529,"column":5}},"type":"if","locations":[{"start":{"line":474,"column":11},"end":{"line":529,"column":5}},{"start":{"line":479,"column":11},"end":{"line":529,"column":5}}],"line":474},"86":{"loc":{"start":{"line":475,"column":25},"end":{"line":475,"column":80}},"type":"binary-expr","locations":[{"start":{"line":475,"column":25},"end":{"line":475,"column":74}},{"start":{"line":475,"column":78},"end":{"line":475,"column":80}}],"line":475},"87":{"loc":{"start":{"line":477,"column":25},"end":{"line":477,"column":96}},"type":"cond-expr","locations":[{"start":{"line":477,"column":35},"end":{"line":477,"column":91}},{"start":{"line":477,"column":94},"end":{"line":477,"column":96}}],"line":477},"88":{"loc":{"start":{"line":479,"column":11},"end":{"line":529,"column":5}},"type":"if","locations":[{"start":{"line":479,"column":11},"end":{"line":529,"column":5}},{"start":{"line":482,"column":11},"end":{"line":529,"column":5}}],"line":479},"89":{"loc":{"start":{"line":481,"column":31},"end":{"line":481,"column":96}},"type":"binary-expr","locations":[{"start":{"line":481,"column":31},"end":{"line":481,"column":37}},{"start":{"line":481,"column":41},"end":{"line":481,"column":96}}],"line":481},"90":{"loc":{"start":{"line":482,"column":11},"end":{"line":529,"column":5}},"type":"if","locations":[{"start":{"line":482,"column":11},"end":{"line":529,"column":5}},{"start":{"line":486,"column":11},"end":{"line":529,"column":5}}],"line":482},"91":{"loc":{"start":{"line":484,"column":52},"end":{"line":484,"column":89}},"type":"binary-expr","locations":[{"start":{"line":484,"column":52},"end":{"line":484,"column":83}},{"start":{"line":484,"column":87},"end":{"line":484,"column":89}}],"line":484},"92":{"loc":{"start":{"line":485,"column":120},"end":{"line":485,"column":146}},"type":"binary-expr","locations":[{"start":{"line":485,"column":120},"end":{"line":485,"column":140}},{"start":{"line":485,"column":144},"end":{"line":485,"column":146}}],"line":485},"93":{"loc":{"start":{"line":485,"column":212},"end":{"line":485,"column":257}},"type":"binary-expr","locations":[{"start":{"line":485,"column":212},"end":{"line":485,"column":238}},{"start":{"line":485,"column":242},"end":{"line":485,"column":257}}],"line":485},"94":{"loc":{"start":{"line":485,"column":276},"end":{"line":485,"column":302}},"type":"binary-expr","locations":[{"start":{"line":485,"column":276},"end":{"line":485,"column":296}},{"start":{"line":485,"column":300},"end":{"line":485,"column":302}}],"line":485},"95":{"loc":{"start":{"line":486,"column":11},"end":{"line":529,"column":5}},"type":"if","locations":[{"start":{"line":486,"column":11},"end":{"line":529,"column":5}},{"start":{"line":490,"column":11},"end":{"line":529,"column":5}}],"line":486},"96":{"loc":{"start":{"line":488,"column":52},"end":{"line":488,"column":89}},"type":"binary-expr","locations":[{"start":{"line":488,"column":52},"end":{"line":488,"column":83}},{"start":{"line":488,"column":87},"end":{"line":488,"column":89}}],"line":488},"97":{"loc":{"start":{"line":489,"column":120},"end":{"line":489,"column":146}},"type":"binary-expr","locations":[{"start":{"line":489,"column":120},"end":{"line":489,"column":140}},{"start":{"line":489,"column":144},"end":{"line":489,"column":146}}],"line":489},"98":{"loc":{"start":{"line":489,"column":203},"end":{"line":489,"column":248}},"type":"binary-expr","locations":[{"start":{"line":489,"column":203},"end":{"line":489,"column":229}},{"start":{"line":489,"column":233},"end":{"line":489,"column":248}}],"line":489},"99":{"loc":{"start":{"line":489,"column":266},"end":{"line":489,"column":290}},"type":"binary-expr","locations":[{"start":{"line":489,"column":266},"end":{"line":489,"column":285}},{"start":{"line":489,"column":289},"end":{"line":489,"column":290}}],"line":489},"100":{"loc":{"start":{"line":489,"column":321},"end":{"line":489,"column":347}},"type":"binary-expr","locations":[{"start":{"line":489,"column":321},"end":{"line":489,"column":341}},{"start":{"line":489,"column":345},"end":{"line":489,"column":347}}],"line":489},"101":{"loc":{"start":{"line":490,"column":11},"end":{"line":529,"column":5}},"type":"if","locations":[{"start":{"line":490,"column":11},"end":{"line":529,"column":5}},{"start":{"line":492,"column":11},"end":{"line":529,"column":5}}],"line":490},"102":{"loc":{"start":{"line":491,"column":38},"end":{"line":491,"column":66}},"type":"binary-expr","locations":[{"start":{"line":491,"column":38},"end":{"line":491,"column":60}},{"start":{"line":491,"column":64},"end":{"line":491,"column":66}}],"line":491},"103":{"loc":{"start":{"line":491,"column":97},"end":{"line":491,"column":130}},"type":"binary-expr","locations":[{"start":{"line":491,"column":97},"end":{"line":491,"column":116}},{"start":{"line":491,"column":120},"end":{"line":491,"column":130}}],"line":491},"104":{"loc":{"start":{"line":492,"column":11},"end":{"line":529,"column":5}},"type":"if","locations":[{"start":{"line":492,"column":11},"end":{"line":529,"column":5}},{"start":{"line":502,"column":11},"end":{"line":529,"column":5}}],"line":492},"105":{"loc":{"start":{"line":494,"column":52},"end":{"line":494,"column":89}},"type":"binary-expr","locations":[{"start":{"line":494,"column":52},"end":{"line":494,"column":83}},{"start":{"line":494,"column":87},"end":{"line":494,"column":89}}],"line":494},"106":{"loc":{"start":{"line":495,"column":25},"end":{"line":495,"column":78}},"type":"binary-expr","locations":[{"start":{"line":495,"column":25},"end":{"line":495,"column":47}},{"start":{"line":495,"column":51},"end":{"line":495,"column":78}}],"line":495},"107":{"loc":{"start":{"line":498,"column":29},"end":{"line":498,"column":81}},"type":"cond-expr","locations":[{"start":{"line":498,"column":65},"end":{"line":498,"column":76}},{"start":{"line":498,"column":79},"end":{"line":498,"column":81}}],"line":498},"108":{"loc":{"start":{"line":501,"column":120},"end":{"line":501,"column":146}},"type":"binary-expr","locations":[{"start":{"line":501,"column":120},"end":{"line":501,"column":140}},{"start":{"line":501,"column":144},"end":{"line":501,"column":146}}],"line":501},"109":{"loc":{"start":{"line":502,"column":11},"end":{"line":529,"column":5}},"type":"if","locations":[{"start":{"line":502,"column":11},"end":{"line":529,"column":5}},{"start":{"line":504,"column":11},"end":{"line":529,"column":5}}],"line":502},"110":{"loc":{"start":{"line":504,"column":11},"end":{"line":529,"column":5}},"type":"if","locations":[{"start":{"line":504,"column":11},"end":{"line":529,"column":5}},{"start":{"line":508,"column":11},"end":{"line":529,"column":5}}],"line":504},"111":{"loc":{"start":{"line":506,"column":52},"end":{"line":506,"column":89}},"type":"binary-expr","locations":[{"start":{"line":506,"column":52},"end":{"line":506,"column":83}},{"start":{"line":506,"column":87},"end":{"line":506,"column":89}}],"line":506},"112":{"loc":{"start":{"line":507,"column":177},"end":{"line":507,"column":217}},"type":"cond-expr","locations":[{"start":{"line":507,"column":202},"end":{"line":507,"column":212}},{"start":{"line":507,"column":215},"end":{"line":507,"column":217}}],"line":507},"113":{"loc":{"start":{"line":507,"column":236},"end":{"line":507,"column":269}},"type":"binary-expr","locations":[{"start":{"line":507,"column":236},"end":{"line":507,"column":255}},{"start":{"line":507,"column":259},"end":{"line":507,"column":269}}],"line":507},"114":{"loc":{"start":{"line":508,"column":11},"end":{"line":529,"column":5}},"type":"if","locations":[{"start":{"line":508,"column":11},"end":{"line":529,"column":5}},{"start":{"line":512,"column":11},"end":{"line":529,"column":5}}],"line":508},"115":{"loc":{"start":{"line":510,"column":52},"end":{"line":510,"column":89}},"type":"binary-expr","locations":[{"start":{"line":510,"column":52},"end":{"line":510,"column":83}},{"start":{"line":510,"column":87},"end":{"line":510,"column":89}}],"line":510},"116":{"loc":{"start":{"line":511,"column":181},"end":{"line":511,"column":212}},"type":"binary-expr","locations":[{"start":{"line":511,"column":181},"end":{"line":511,"column":200}},{"start":{"line":511,"column":204},"end":{"line":511,"column":212}}],"line":511},"117":{"loc":{"start":{"line":511,"column":231},"end":{"line":511,"column":264}},"type":"binary-expr","locations":[{"start":{"line":511,"column":231},"end":{"line":511,"column":251}},{"start":{"line":511,"column":255},"end":{"line":511,"column":264}}],"line":511},"118":{"loc":{"start":{"line":511,"column":284},"end":{"line":511,"column":318}},"type":"binary-expr","locations":[{"start":{"line":511,"column":284},"end":{"line":511,"column":303}},{"start":{"line":511,"column":307},"end":{"line":511,"column":318}}],"line":511},"119":{"loc":{"start":{"line":512,"column":11},"end":{"line":529,"column":5}},"type":"if","locations":[{"start":{"line":512,"column":11},"end":{"line":529,"column":5}},{"start":{"line":520,"column":11},"end":{"line":529,"column":5}}],"line":512},"120":{"loc":{"start":{"line":513,"column":22},"end":{"line":513,"column":48}},"type":"binary-expr","locations":[{"start":{"line":513,"column":22},"end":{"line":513,"column":42}},{"start":{"line":513,"column":46},"end":{"line":513,"column":48}}],"line":513},"121":{"loc":{"start":{"line":516,"column":39},"end":{"line":516,"column":55}},"type":"binary-expr","locations":[{"start":{"line":516,"column":39},"end":{"line":516,"column":48}},{"start":{"line":516,"column":52},"end":{"line":516,"column":55}}],"line":516},"122":{"loc":{"start":{"line":516,"column":95},"end":{"line":516,"column":111}},"type":"binary-expr","locations":[{"start":{"line":516,"column":95},"end":{"line":516,"column":105}},{"start":{"line":516,"column":109},"end":{"line":516,"column":111}}],"line":516},"123":{"loc":{"start":{"line":520,"column":11},"end":{"line":529,"column":5}},"type":"if","locations":[{"start":{"line":520,"column":11},"end":{"line":529,"column":5}},{"start":{"line":522,"column":11},"end":{"line":529,"column":5}}],"line":520},"124":{"loc":{"start":{"line":521,"column":15},"end":{"line":521,"column":144}},"type":"cond-expr","locations":[{"start":{"line":521,"column":36},"end":{"line":521,"column":135}},{"start":{"line":521,"column":138},"end":{"line":521,"column":144}}],"line":521},"125":{"loc":{"start":{"line":522,"column":11},"end":{"line":529,"column":5}},"type":"if","locations":[{"start":{"line":522,"column":11},"end":{"line":529,"column":5}},{"start":{"line":524,"column":11},"end":{"line":529,"column":5}}],"line":522},"126":{"loc":{"start":{"line":524,"column":11},"end":{"line":529,"column":5}},"type":"if","locations":[{"start":{"line":524,"column":11},"end":{"line":529,"column":5}},{"start":{},"end":{}}],"line":524},"127":{"loc":{"start":{"line":525,"column":24},"end":{"line":525,"column":107}},"type":"cond-expr","locations":[{"start":{"line":525,"column":51},"end":{"line":525,"column":80}},{"start":{"line":525,"column":83},"end":{"line":525,"column":107}}],"line":525},"128":{"loc":{"start":{"line":526,"column":26},"end":{"line":526,"column":67}},"type":"cond-expr","locations":[{"start":{"line":526,"column":53},"end":{"line":526,"column":62}},{"start":{"line":526,"column":65},"end":{"line":526,"column":67}}],"line":526},"129":{"loc":{"start":{"line":528,"column":45},"end":{"line":528,"column":79}},"type":"binary-expr","locations":[{"start":{"line":528,"column":45},"end":{"line":528,"column":69}},{"start":{"line":528,"column":73},"end":{"line":528,"column":79}}],"line":528},"130":{"loc":{"start":{"line":528,"column":101},"end":{"line":528,"column":127}},"type":"binary-expr","locations":[{"start":{"line":528,"column":101},"end":{"line":528,"column":120}},{"start":{"line":528,"column":124},"end":{"line":528,"column":127}}],"line":528},"131":{"loc":{"start":{"line":528,"column":189},"end":{"line":528,"column":222}},"type":"binary-expr","locations":[{"start":{"line":528,"column":189},"end":{"line":528,"column":208}},{"start":{"line":528,"column":212},"end":{"line":528,"column":222}}],"line":528},"132":{"loc":{"start":{"line":551,"column":29},"end":{"line":551,"column":60}},"type":"binary-expr","locations":[{"start":{"line":551,"column":29},"end":{"line":551,"column":47}},{"start":{"line":551,"column":51},"end":{"line":551,"column":60}}],"line":551},"133":{"loc":{"start":{"line":552,"column":21},"end":{"line":552,"column":104}},"type":"cond-expr","locations":[{"start":{"line":552,"column":40},"end":{"line":552,"column":99}},{"start":{"line":552,"column":102},"end":{"line":552,"column":104}}],"line":552},"134":{"loc":{"start":{"line":553,"column":22},"end":{"line":553,"column":85}},"type":"cond-expr","locations":[{"start":{"line":553,"column":34},"end":{"line":553,"column":80}},{"start":{"line":553,"column":83},"end":{"line":553,"column":85}}],"line":553},"135":{"loc":{"start":{"line":555,"column":4},"end":{"line":569,"column":5}},"type":"if","locations":[{"start":{"line":555,"column":4},"end":{"line":569,"column":5}},{"start":{"line":562,"column":11},"end":{"line":569,"column":5}}],"line":555},"136":{"loc":{"start":{"line":556,"column":8},"end":{"line":558,"column":9}},"type":"if","locations":[{"start":{"line":556,"column":8},"end":{"line":558,"column":9}},{"start":{},"end":{}}],"line":556},"137":{"loc":{"start":{"line":559,"column":8},"end":{"line":561,"column":9}},"type":"if","locations":[{"start":{"line":559,"column":8},"end":{"line":561,"column":9}},{"start":{},"end":{}}],"line":559},"138":{"loc":{"start":{"line":563,"column":8},"end":{"line":565,"column":9}},"type":"if","locations":[{"start":{"line":563,"column":8},"end":{"line":565,"column":9}},{"start":{},"end":{}}],"line":563},"139":{"loc":{"start":{"line":566,"column":8},"end":{"line":568,"column":9}},"type":"if","locations":[{"start":{"line":566,"column":8},"end":{"line":568,"column":9}},{"start":{},"end":{}}],"line":566},"140":{"loc":{"start":{"line":570,"column":40},"end":{"line":570,"column":76}},"type":"cond-expr","locations":[{"start":{"line":570,"column":57},"end":{"line":570,"column":71}},{"start":{"line":570,"column":74},"end":{"line":570,"column":76}}],"line":570},"141":{"loc":{"start":{"line":573,"column":23},"end":{"line":573,"column":40}},"type":"binary-expr","locations":[{"start":{"line":573,"column":23},"end":{"line":573,"column":28}},{"start":{"line":573,"column":32},"end":{"line":573,"column":40}}],"line":573},"142":{"loc":{"start":{"line":574,"column":8},"end":{"line":576,"column":9}},"type":"if","locations":[{"start":{"line":574,"column":8},"end":{"line":576,"column":9}},{"start":{},"end":{}}],"line":574},"143":{"loc":{"start":{"line":574,"column":12},"end":{"line":574,"column":63}},"type":"binary-expr","locations":[{"start":{"line":574,"column":12},"end":{"line":574,"column":38}},{"start":{"line":574,"column":42},"end":{"line":574,"column":63}}],"line":574},"144":{"loc":{"start":{"line":577,"column":8},"end":{"line":589,"column":9}},"type":"if","locations":[{"start":{"line":577,"column":8},"end":{"line":589,"column":9}},{"start":{},"end":{}}],"line":577},"145":{"loc":{"start":{"line":579,"column":12},"end":{"line":581,"column":13}},"type":"if","locations":[{"start":{"line":579,"column":12},"end":{"line":581,"column":13}},{"start":{},"end":{}}],"line":579},"146":{"loc":{"start":{"line":582,"column":12},"end":{"line":584,"column":13}},"type":"if","locations":[{"start":{"line":582,"column":12},"end":{"line":584,"column":13}},{"start":{},"end":{}}],"line":582},"147":{"loc":{"start":{"line":586,"column":12},"end":{"line":588,"column":13}},"type":"if","locations":[{"start":{"line":586,"column":12},"end":{"line":588,"column":13}},{"start":{},"end":{}}],"line":586},"148":{"loc":{"start":{"line":590,"column":8},"end":{"line":604,"column":9}},"type":"if","locations":[{"start":{"line":590,"column":8},"end":{"line":604,"column":9}},{"start":{},"end":{}}],"line":590},"149":{"loc":{"start":{"line":590,"column":12},"end":{"line":590,"column":56}},"type":"binary-expr","locations":[{"start":{"line":590,"column":12},"end":{"line":590,"column":34}},{"start":{"line":590,"column":38},"end":{"line":590,"column":56}}],"line":590},"150":{"loc":{"start":{"line":591,"column":12},"end":{"line":593,"column":13}},"type":"if","locations":[{"start":{"line":591,"column":12},"end":{"line":593,"column":13}},{"start":{},"end":{}}],"line":591},"151":{"loc":{"start":{"line":591,"column":16},"end":{"line":591,"column":71}},"type":"binary-expr","locations":[{"start":{"line":591,"column":16},"end":{"line":591,"column":44}},{"start":{"line":591,"column":48},"end":{"line":591,"column":71}}],"line":591},"152":{"loc":{"start":{"line":594,"column":12},"end":{"line":603,"column":13}},"type":"if","locations":[{"start":{"line":594,"column":12},"end":{"line":603,"column":13}},{"start":{},"end":{}}],"line":594},"153":{"loc":{"start":{"line":596,"column":16},"end":{"line":598,"column":17}},"type":"if","locations":[{"start":{"line":596,"column":16},"end":{"line":598,"column":17}},{"start":{},"end":{}}],"line":596},"154":{"loc":{"start":{"line":600,"column":16},"end":{"line":602,"column":17}},"type":"if","locations":[{"start":{"line":600,"column":16},"end":{"line":602,"column":17}},{"start":{},"end":{}}],"line":600},"155":{"loc":{"start":{"line":609,"column":8},"end":{"line":611,"column":9}},"type":"if","locations":[{"start":{"line":609,"column":8},"end":{"line":611,"column":9}},{"start":{},"end":{}}],"line":609},"156":{"loc":{"start":{"line":609,"column":12},"end":{"line":609,"column":69}},"type":"binary-expr","locations":[{"start":{"line":609,"column":12},"end":{"line":609,"column":41}},{"start":{"line":609,"column":45},"end":{"line":609,"column":69}}],"line":609},"157":{"loc":{"start":{"line":612,"column":8},"end":{"line":624,"column":9}},"type":"if","locations":[{"start":{"line":612,"column":8},"end":{"line":624,"column":9}},{"start":{},"end":{}}],"line":612},"158":{"loc":{"start":{"line":614,"column":12},"end":{"line":619,"column":13}},"type":"if","locations":[{"start":{"line":614,"column":12},"end":{"line":619,"column":13}},{"start":{},"end":{}}],"line":614},"159":{"loc":{"start":{"line":616,"column":16},"end":{"line":618,"column":17}},"type":"if","locations":[{"start":{"line":616,"column":16},"end":{"line":618,"column":17}},{"start":{},"end":{}}],"line":616},"160":{"loc":{"start":{"line":621,"column":12},"end":{"line":623,"column":13}},"type":"if","locations":[{"start":{"line":621,"column":12},"end":{"line":623,"column":13}},{"start":{},"end":{}}],"line":621},"161":{"loc":{"start":{"line":629,"column":28},"end":{"line":629,"column":120}},"type":"binary-expr","locations":[{"start":{"line":629,"column":28},"end":{"line":629,"column":113}},{"start":{"line":629,"column":117},"end":{"line":629,"column":120}}],"line":629},"162":{"loc":{"start":{"line":629,"column":46},"end":{"line":629,"column":112}},"type":"binary-expr","locations":[{"start":{"line":629,"column":46},"end":{"line":629,"column":102}},{"start":{"line":629,"column":106},"end":{"line":629,"column":112}}],"line":629},"163":{"loc":{"start":{"line":630,"column":27},"end":{"line":630,"column":120}},"type":"binary-expr","locations":[{"start":{"line":630,"column":27},"end":{"line":630,"column":113}},{"start":{"line":630,"column":117},"end":{"line":630,"column":120}}],"line":630},"164":{"loc":{"start":{"line":630,"column":45},"end":{"line":630,"column":112}},"type":"binary-expr","locations":[{"start":{"line":630,"column":45},"end":{"line":630,"column":100}},{"start":{"line":630,"column":104},"end":{"line":630,"column":112}}],"line":630},"165":{"loc":{"start":{"line":633,"column":29},"end":{"line":633,"column":85}},"type":"binary-expr","locations":[{"start":{"line":633,"column":29},"end":{"line":633,"column":79}},{"start":{"line":633,"column":83},"end":{"line":633,"column":85}}],"line":633},"166":{"loc":{"start":{"line":634,"column":33},"end":{"line":634,"column":119}},"type":"cond-expr","locations":[{"start":{"line":634,"column":72},"end":{"line":634,"column":88}},{"start":{"line":634,"column":91},"end":{"line":634,"column":119}}],"line":634},"167":{"loc":{"start":{"line":636,"column":8},"end":{"line":638,"column":9}},"type":"if","locations":[{"start":{"line":636,"column":8},"end":{"line":638,"column":9}},{"start":{},"end":{}}],"line":636},"168":{"loc":{"start":{"line":643,"column":21},"end":{"line":643,"column":81}},"type":"binary-expr","locations":[{"start":{"line":643,"column":21},"end":{"line":643,"column":50}},{"start":{"line":643,"column":54},"end":{"line":643,"column":81}}],"line":643},"169":{"loc":{"start":{"line":644,"column":32},"end":{"line":646,"column":12}},"type":"cond-expr","locations":[{"start":{"line":645,"column":11},"end":{"line":645,"column":85}},{"start":{"line":646,"column":10},"end":{"line":646,"column":12}}],"line":644},"170":{"loc":{"start":{"line":645,"column":11},"end":{"line":645,"column":85}},"type":"cond-expr","locations":[{"start":{"line":645,"column":44},"end":{"line":645,"column":60}},{"start":{"line":645,"column":63},"end":{"line":645,"column":85}}],"line":645},"171":{"loc":{"start":{"line":648,"column":4},"end":{"line":650,"column":5}},"type":"if","locations":[{"start":{"line":648,"column":4},"end":{"line":650,"column":5}},{"start":{},"end":{}}],"line":648},"172":{"loc":{"start":{"line":657,"column":4},"end":{"line":659,"column":5}},"type":"if","locations":[{"start":{"line":657,"column":4},"end":{"line":659,"column":5}},{"start":{},"end":{}}],"line":657},"173":{"loc":{"start":{"line":660,"column":4},"end":{"line":662,"column":5}},"type":"if","locations":[{"start":{"line":660,"column":4},"end":{"line":662,"column":5}},{"start":{},"end":{}}],"line":660},"174":{"loc":{"start":{"line":664,"column":4},"end":{"line":666,"column":5}},"type":"if","locations":[{"start":{"line":664,"column":4},"end":{"line":666,"column":5}},{"start":{},"end":{}}],"line":664},"175":{"loc":{"start":{"line":668,"column":4},"end":{"line":670,"column":5}},"type":"if","locations":[{"start":{"line":668,"column":4},"end":{"line":670,"column":5}},{"start":{},"end":{}}],"line":668},"176":{"loc":{"start":{"line":673,"column":8},"end":{"line":675,"column":9}},"type":"if","locations":[{"start":{"line":673,"column":8},"end":{"line":675,"column":9}},{"start":{},"end":{}}],"line":673},"177":{"loc":{"start":{"line":673,"column":12},"end":{"line":673,"column":43}},"type":"binary-expr","locations":[{"start":{"line":673,"column":12},"end":{"line":673,"column":18}},{"start":{"line":673,"column":22},"end":{"line":673,"column":43}}],"line":673},"178":{"loc":{"start":{"line":677,"column":25},"end":{"line":677,"column":41}},"type":"binary-expr","locations":[{"start":{"line":677,"column":25},"end":{"line":677,"column":34}},{"start":{"line":677,"column":38},"end":{"line":677,"column":41}}],"line":677},"179":{"loc":{"start":{"line":678,"column":37},"end":{"line":678,"column
[...]
5},"7":{"name":"pruneEmptyValues","decl":{"start":{"line":91,"column":16},"end":{"line":91,"column":32}},"loc":{"start":{"line":91,"column":41},"end":{"line":106,"column":1}},"line":91},"8":{"name":"(anonymous_8)","decl":{"start":{"line":95,"column":32},"end":{"line":95,"column":33}},"loc":{"start":{"line":95,"column":39},"end":{"line":105,"column":5}},"line":95}},"branchMap":{"0":{"loc":{"start":{"line":9,"column":4},"end":{"line":11,"column":5}},"type":"if","locations":[{"start":{"line":9,"column":4},"end":{"line":11,"column":5}},{"start":{},"end":{}}],"line":9},"1":{"loc":{"start":{"line":21,"column":26},"end":{"line":21,"column":37}},"type":"default-arg","locations":[{"start":{"line":21,"column":35},"end":{"line":21,"column":37}}],"line":21},"2":{"loc":{"start":{"line":23,"column":8},"end":{"line":25,"column":9}},"type":"if","locations":[{"start":{"line":23,"column":8},"end":{"line":25,"column":9}},{"start":{},"end":{}}],"line":23},"3":{"loc":{"start":{"line":23,"column":12},"end":{"line":23,"column":49}},"type":"binary-expr","locations":[{"start":{"line":23,"column":12},"end":{"line":23,"column":19}},{"start":{"line":23,"column":23},"end":{"line":23,"column":49}}],"line":23},"4":{"loc":{"start":{"line":28,"column":12},"end":{"line":33,"column":13}},"type":"if","locations":[{"start":{"line":28,"column":12},"end":{"line":33,"column":13}},{"start":{},"end":{}}],"line":28},"5":{"loc":{"start":{"line":30,"column":20},"end":{"line":30,"column":86}},"type":"cond-expr","locations":[{"start":{"line":30,"column":64},"end":{"line":30,"column":79}},{"start":{"line":30,"column":82},"end":{"line":30,"column":86}}],"line":30},"6":{"loc":{"start":{"line":30,"column":20},"end":{"line":30,"column":61}},"type":"binary-expr","locations":[{"start":{"line":30,"column":20},"end":{"line":30,"column":44}},{"start":{"line":30,"column":48},"end":{"line":30,"column":61}}],"line":30},"7":{"loc":{"start":{"line":34,"column":12},"end":{"line":39,"column":13}},"type":"if","locations":[{"start":{"line":34,"column":12},"end":{"line":39,"column":13}},{"start":{},"end":{}}],"line":34},"8":{"loc":{"start":{"line":34,"column":16},"end":{"line":34,"column":56}},"type":"binary-expr","locations":[{"start":{"line":34,"column":16},"end":{"line":34,"column":24}},{"start":{"line":34,"column":28},"end":{"line":34,"column":56}}],"line":34},"9":{"loc":{"start":{"line":36,"column":29},"end":{"line":36,"column":82}},"type":"cond-expr","locations":[{"start":{"line":36,"column":70},"end":{"line":36,"column":77}},{"start":{"line":36,"column":80},"end":{"line":36,"column":82}}],"line":36},"10":{"loc":{"start":{"line":36,"column":29},"end":{"line":36,"column":67}},"type":"binary-expr","locations":[{"start":{"line":36,"column":29},"end":{"line":36,"column":36}},{"start":{"line":36,"column":40},"end":{"line":36,"column":67}}],"line":36},"11":{"loc":{"start":{"line":40,"column":12},"end":{"line":42,"column":13}},"type":"if","locations":[{"start":{"line":40,"column":12},"end":{"line":42,"column":13}},{"start":{},"end":{}}],"line":40},"12":{"loc":{"start":{"line":49,"column":4},"end":{"line":51,"column":5}},"type":"if","locations":[{"start":{"line":49,"column":4},"end":{"line":51,"column":5}},{"start":{},"end":{}}],"line":49},"13":{"loc":{"start":{"line":52,"column":21},"end":{"line":52,"column":73}},"type":"cond-expr","locations":[{"start":{"line":52,"column":43},"end":{"line":52,"column":47}},{"start":{"line":52,"column":50},"end":{"line":52,"column":73}}],"line":52},"14":{"loc":{"start":{"line":53,"column":46},"end":{"line":53,"column":76}},"type":"cond-expr","locations":[{"start":{"line":53,"column":52},"end":{"line":53,"column":64}},{"start":{"line":53,"column":67},"end":{"line":53,"column":76}}],"line":53},"15":{"loc":{"start":{"line":57,"column":4},"end":{"line":59,"column":5}},"type":"if","locations":[{"start":{"line":57,"column":4},"end":{"line":59,"column":5}},{"start":{},"end":{}}],"line":57},"16":{"loc":{"start":{"line":60,"column":21},"end":{"line":60,"column":73}},"type":"cond-expr","locations":[{"start":{"line":60,"column":43},"end":{"line":60,"column":47}},{"start":{"line":60,"column":50},"end":{"line":60,"column":73}}],"line":60},"17":{"loc":{"start":{"line":64,"column":8},"end":{"line":67,"column":9}},"type":"if","locations":[{"start":{"line":64,"column":8},"end":{"line":67,"column":9}},{"start":{},"end":{}}],"line":64},"18":{"loc":{"start":{"line":68,"column":8},"end":{"line":70,"column":9}},"type":"if","locations":[{"start":{"line":68,"column":8},"end":{"line":70,"column":9}},{"start":{},"end":{}}],"line":68},"19":{"loc":{"start":{"line":68,"column":12},"end":{"line":68,"column":59}},"type":"binary-expr","locations":[{"start":{"line":68,"column":12},"end":{"line":68,"column":24}},{"start":{"line":68,"column":28},"end":{"line":68,"column":59}}],"line":68},"20":{"loc":{"start":{"line":76,"column":4},"end":{"line":78,"column":5}},"type":"if","locations":[{"start":{"line":76,"column":4},"end":{"line":78,"column":5}},{"start":{},"end":{}}],"line":76},"21":{"loc":{"start":{"line":79,"column":21},"end":{"line":79,"column":73}},"type":"cond-expr","locations":[{"start":{"line":79,"column":43},"end":{"line":79,"column":47}},{"start":{"line":79,"column":50},"end":{"line":79,"column":73}}],"line":79},"22":{"loc":{"start":{"line":83,"column":8},"end":{"line":85,"column":9}},"type":"if","locations":[{"start":{"line":83,"column":8},"end":{"line":85,"column":9}},{"start":{},"end":{}}],"line":83},"23":{"loc":{"start":{"line":83,"column":12},"end":{"line":83,"column":59}},"type":"binary-expr","locations":[{"start":{"line":83,"column":12},"end":{"line":83,"column":24}},{"start":{"line":83,"column":28},"end":{"line":83,"column":59}}],"line":83},"24":{"loc":{"start":{"line":92,"column":4},"end":{"line":94,"column":5}},"type":"if","locations":[{"start":{"line":92,"column":4},"end":{"line":94,"column":5}},{"start":{},"end":{}}],"line":92},"25":{"loc":{"start":{"line":92,"column":8},"end":{"line":92,"column":45}},"type":"binary-expr","locations":[{"start":{"line":92,"column":8},"end":{"line":92,"column":15}},{"start":{"line":92,"column":19},"end":{"line":92,"column":45}}],"line":92},"26":{"loc":{"start":{"line":97,"column":8},"end":{"line":104,"column":9}},"type":"if","locations":[{"start":{"line":97,"column":8},"end":{"line":104,"column":9}},{"start":{"line":102,"column":15},"end":{"line":104,"column":9}}],"line":97},"27":{"loc":{"start":{"line":97,"column":12},"end":{"line":97,"column":46}},"type":"binary-expr","locations":[{"start":{"line":97,"column":12},"end":{"line":97,"column":17}},{"start":{"line":97,"column":21},"end":{"line":97,"column":46}}],"line":97},"28":{"loc":{"start":{"line":99,"column":12},"end":{"line":101,"column":13}},"type":"if","locations":[{"start":{"line":99,"column":12},"end":{"line":101,"column":13}},{"start":{},"end":{}}],"line":99},"29":{"loc":{"start":{"line":102,"column":15},"end":{"line":104,"column":9}},"type":"if","locations":[{"start":{"line":102,"column":15},"end":{"line":104,"column":9}},{"start":{},"end":{}}],"line":102},"30":{"loc":{"start":{"line":102,"column":19},"end":{"line":102,"column":72}},"type":"binary-expr","locations":[{"start":{"line":102,"column":19},"end":{"line":102,"column":31}},{"start":{"line":102,"column":35},"end":{"line":102,"column":49}},{"start":{"line":102,"column":53},"end":{"line":102,"column":72}}],"line":102}},"s":{"0":1,"1":0,"2":1,"3":2,"4":2,"5":0,"6":2,"7":3,"8":3,"9":0,"10":0,"11":0,"12":3,"13":1,"14":1,"15":1,"16":1,"17":2,"18":2,"19":2,"20":0,"21":0,"22":0,"23":0,"24":0,"25":0,"26":0,"27":0,"28":0,"29":0,"30":0,"31":0,"32":0,"33":0,"34":0,"35":0,"36":0,"37":0,"38":0,"39":0,"40":0,"41":0,"42":0,"43":0,"44":0,"45":0,"46":0,"47":0,"48":0,"49":0,"50":0,"51":0,"52":0,"53":0,"54":0,"55":0,"56":0,"57":0,"58":0},"f":{"0":1,"1":2,"2":0,"3":0,"4":0,"5":0,"6":0,"7":0,"8":0},"b":{"0":[0,1],"1":[0],"2":[0,2],"3":[2,2],"4":[0,3],"5":[0,0],"6":[0,0],"7":[1,2],"8":[3,3],"9":[1,0],"10":[1,1],"11":[2,0],"12":[0,0],"13":[0,0],"14":[0,0],"15":[0,0],"16":[0,0],"17":[0,0],"18":[0,0],"19":[0,0],"20":[0,0],"21":[0,0],"22":[0,0],"23":[0,0],"24":[0,0],"25":[0,0],"26":[0,0],"27":[0,0],"28":[0,0],"29":[0,0],"30":[0,0,0]},"_coverageSchema":"1a1c01bbd47fc00a2c39e90264f33305004495a9","hash":"791727fcd13872af37d68163b4a5f4004cbab76e"}
,"C:\\Users\\sannepu\\python vibe coding\\js\\utils\\strings.js": {"path":"C:\\Users\\sannepu\\python vibe coding\\js\\utils\\strings.js","statementMap":{"0":{"start":{"line":2,"column":4},"end":{"line":4,"column":5}},"1":{"start":{"line":3,"column":8},"end":{"line":3,"column":21}},"2":{"start":{"line":5,"column":4},"end":{"line":10,"column":32}}},"fnMap":{"0":{"name":"escapeHtml","decl":{"start":{"line":1,"column":16},"end":{"line":1,"column":26}},"loc":{"start":{"line":1,"column":34},"end":{"line":11,"column":1}},"line":1}},"branchMap":{"0":{"loc":{"start":{"line":2,"column":4},"end":{"line":4,"column":5}},"type":"if","locations":[{"start":{"line":2,"column":4},"end":{"line":4,"column":5}},{"start":{},"end":{}}],"line":2}},"s":{"0":4,"1":3,"2":1},"f":{"0":4},"b":{"0":[3,1]},"_coverageSchema":"1a1c01bbd47fc00a2c39e90264f33305004495a9","hash":"0ff940035661bfe02e3df856a97fbddc94e6763e"}
,"C:\\Users\\sannepu\\python vibe coding\\js\\utils\\styles.js": {"path":"C:\\Users\\sannepu\\python vibe coding\\js\\utils\\styles.js","statementMap":{"0":{"start":{"line":2,"column":4},"end":{"line":4,"column":5}},"1":{"start":{"line":3,"column":8},"end":{"line":3,"column":34}},"2":{"start":{"line":5,"column":4},"end":{"line":13,"column":5}},"3":{"start":{"line":6,"column":8},"end":{"line":12,"column":23}},"4":{"start":{"line":9,"column":32},"end":{"line":9,"column":49}},"5":{"start":{"line":10,"column":16},"end":{"line":10,"column":76}},"6":{"start":{"line":14,"column":4},"end":{"line":14,"column":17}},"7":{"start":{"line":17,"column":26},"end":{"line":24,"column":1}},"8":{"start":{"line":27,"column":4},"end":{"line":29,"column":5}},"9":{"start":{"line":28,"column":8},"end":{"line":28,"column":20}},"10":{"start":{"line":30,"column":4},"end":{"line":32,"column":5}},"11":{"start":{"line":31,"column":8},"end":{"line":31,"column":40}},"12":{"start":{"line":33,"column":4},"end":{"line":35,"column":5}},"13":{"start":{"line":34,"column":8},"end":{"line":34,"column":22}},"14":{"start":{"line":36,"column":4},"end":{"line":38,"column":5}},"15":{"start":{"line":37,"column":8},"end":{"line":37,"column":28}},"16":{"start":{"line":39,"column":20},"end":{"line":39,"column":37}},"17":{"start":{"line":40,"column":4},"end":{"line":42,"column":5}},"18":{"start":{"line":41,"column":8},"end":{"line":41,"column":30}},"19":{"start":{"line":43,"column":4},"end":{"line":43,"column":17}},"20":{"start":{"line":46,"column":27},"end":{"line":51,"column":1}},"21":{"start":{"line":54,"column":4},"end":{"line":56,"column":5}},"22":{"start":{"line":55,"column":8},"end":{"line":55,"column":20}},"23":{"start":{"line":57,"column":4},"end":{"line":59,"column":5}},"24":{"start":{"line":58,"column":8},"end":{"line":58,"column":41}},"25":{"start":{"line":60,"column":4},"end":{"line":60,"column":17}},"26":{"start":{"line":63,"column":24},"end":{"line":68,"column":1}},"27":{"start":{"line":71,"column":4},"end":{"line":73,"column":5}},"28":{"start":{"line":72,"column":8},"end":{"line":72,"column":20}},"29":{"start":{"line":74,"column":4},"end":{"line":76,"column":5}},"30":{"start":{"line":75,"column":8},"end":{"line":75,"column":38}},"31":{"start":{"line":77,"column":4},"end":{"line":77,"column":17}},"32":{"start":{"line":79,"column":28},"end":{"line":88,"column":1}},"33":{"start":{"line":90,"column":4},"end":{"line":92,"column":5}},"34":{"start":{"line":91,"column":8},"end":{"line":91,"column":20}},"35":{"start":{"line":93,"column":4},"end":{"line":95,"column":5}},"36":{"start":{"line":94,"column":8},"end":{"line":94,"column":42}},"37":{"start":{"line":96,"column":4},"end":{"line":98,"column":5}},"38":{"start":{"line":97,"column":8},"end":{"line":97,"column":28}},"39":{"start":{"line":99,"column":4},"end":{"line":99,"column":17}},"40":{"start":{"line":102,"column":24},"end":{"line":109,"column":1}},"41":{"start":{"line":112,"column":4},"end":{"line":114,"column":5}},"42":{"start":{"line":113,"column":8},"end":{"line":113,"column":20}},"43":{"start":{"line":115,"column":4},"end":{"line":117,"column":5}},"44":{"start":{"line":116,"column":8},"end":{"line":116,"column":38}},"45":{"start":{"line":118,"column":4},"end":{"line":118,"column":17}}},"fnMap":{"0":{"name":"toRem","decl":{"start":{"line":1,"column":16},"end":{"line":1,"column":21}},"loc":{"start":{"line":1,"column":29},"end":{"line":15,"column":1}},"line":1},"1":{"name":"(anonymous_1)","decl":{"start":{"line":8,"column":17},"end":{"line":8,"column":18}},"loc":{"start":{"line":8,"column":26},"end":{"line":11,"column":13}},"line":8},"2":{"name":"resolveSpacingValue","decl":{"start":{"line":26,"column":16},"end":{"line":26,"column":35}},"loc":{"start":{"line":26,"column":43},"end":{"line":44,"column":1}},"line":26},"3":{"name":"resolveLetterSpacing","decl":{"start":{"line":53,"column":16},"end":{"line":53,"column":36}},"loc":{"start":{"line":53,"column":44},"end":{"line":61,"column":1}},"line":53},"4":{"name":"resolveLineHeight","decl":{"start":{"line":70,"column":16},"end":{"line":70,"column":33}},"loc":{"start":{"line":70,"column":41},"end":{"line":78,"column":1}},"line":70},"5":{"name":"resolveTypographySize","decl":{"start":{"line":89,"column":16},"end":{"line":89,"column":37}},"loc":{"start":{"line":89,"column":45},"end":{"line":100,"column":1}},"line":89},"6":{"name":"resolveFontWeight","decl":{"start":{"line":111,"column":16},"end":{"line":111,"column":33}},"loc":{"start":{"line":111,"column":41},"end":{"line":119,"column":1}},"line":111}},"branchMap":{"0":{"loc":{"start":{"line":2,"column":4},"end":{"line":4,"column":5}},"type":"if","locations":[{"start":{"line":2,"column":4},"end":{"line":4,"column":5}},{"start":{},"end":{}}],"line":2},"1":{"loc":{"start":{"line":5,"column":4},"end":{"line":13,"column":5}},"type":"if","locations":[{"start":{"line":5,"column":4},"end":{"line":13,"column":5}},{"start":{},"end":{}}],"line":5},"2":{"loc":{"start":{"line":10,"column":23},"end":{"line":10,"column":75}},"type":"cond-expr","locations":[{"start":{"line":10,"column":47},"end":{"line":10,"column":52}},{"start":{"line":10,"column":55},"end":{"line":10,"column":75}}],"line":10},"3":{"loc":{"start":{"line":27,"column":4},"end":{"line":29,"column":5}},"type":"if","locations":[{"start":{"line":27,"column":4},"end":{"line":29,"column":5}},{"start":{},"end":{}}],"line":27},"4":{"loc":{"start":{"line":27,"column":8},"end":{"line":27,"column":61}},"type":"binary-expr","locations":[{"start":{"line":27,"column":8},"end":{"line":27,"column":27}},{"start":{"line":27,"column":31},"end":{"line":27,"column":45}},{"start":{"line":27,"column":49},"end":{"line":27,"column":61}}],"line":27},"5":{"loc":{"start":{"line":30,"column":4},"end":{"line":32,"column":5}},"type":"if","locations":[{"start":{"line":30,"column":4},"end":{"line":32,"column":5}},{"start":{},"end":{}}],"line":30},"6":{"loc":{"start":{"line":33,"column":4},"end":{"line":35,"column":5}},"type":"if","locations":[{"start":{"line":33,"column":4},"end":{"line":35,"column":5}},{"start":{},"end":{}}],"line":33},"7":{"loc":{"start":{"line":36,"column":4},"end":{"line":38,"column":5}},"type":"if","locations":[{"start":{"line":36,"column":4},"end":{"line":38,"column":5}},{"start":{},"end":{}}],"line":36},"8":{"loc":{"start":{"line":40,"column":4},"end":{"line":42,"column":5}},"type":"if","locations":[{"start":{"line":40,"column":4},"end":{"line":42,"column":5}},{"start":{},"end":{}}],"line":40},"9":{"loc":{"start":{"line":40,"column":8},"end":{"line":40,"column":71}},"type":"binary-expr","locations":[{"start":{"line":40,"column":8},"end":{"line":40,"column":30}},{"start":{"line":40,"column":34},"end":{"line":40,"column":71}}],"line":40},"10":{"loc":{"start":{"line":54,"column":4},"end":{"line":56,"column":5}},"type":"if","locations":[{"start":{"line":54,"column":4},"end":{"line":56,"column":5}},{"start":{},"end":{}}],"line":54},"11":{"loc":{"start":{"line":57,"column":4},"end":{"line":59,"column":5}},"type":"if","locations":[{"start":{"line":57,"column":4},"end":{"line":59,"column":5}},{"start":{},"end":{}}],"line":57},"12":{"loc":{"start":{"line":71,"column":4},"end":{"line":73,"column":5}},"type":"if","locations":[{"start":{"line":71,"column":4},"end":{"line":73,"column":5}},{"start":{},"end":{}}],"line":71},"13":{"loc":{"start":{"line":74,"column":4},"end":{"line":76,"column":5}},"type":"if","locations":[{"start":{"line":74,"column":4},"end":{"line":76,"column":5}},{"start":{},"end":{}}],"line":74},"14":{"loc":{"start":{"line":90,"column":4},"end":{"line":92,"column":5}},"type":"if","locations":[{"start":{"line":90,"column":4},"end":{"line":92,"column":5}},{"start":{},"end":{}}],"line":90},"15":{"loc":{"start":{"line":93,"column":4},"end":{"line":95,"column":5}},"type":"if","locations":[{"start":{"line":93,"column":4},"end":{"line":95,"column":5}},{"start":{},"end":{}}],"line":93},"16":{"loc":{"start":{"line":96,"column":4},"end":{"line":98,"column":5}},"type":"if","locations":[{"start":{"line":96,"column":4},"end":{"line":98,"column":5}},{"start":{},"end":{}}],"line":96},"17":{"loc":{"start":{"line":112,"column":4},"end":{"line":114,"column":5}},"type":"if","locations":[{"start":{"line":112,"column":4},"end":{"line":114,"column":5}},{"start":{},"end":{}}],"line":112},"18":{"loc":{"start":{"line":115,"column":4},"end":{"line":117,"column":5}},"type":"if","locations":[{"start":{"line":115,"column":4},"end":{"line":117,"column":5}},{"start":{},"end":{}}],"line":115}},"s":{"0":5,"1":3,"2":2,"3":2,"4":3,"5":3,"6":0,"7":1,"8":3,"9":0,"10":3,"11":1,"12":2,"13":1,"14":1,"15":1,"16":0,"17":0,"18":0,"19":0,"20":1,"21":2,"22":0,"23":2,"24":1,"25":1,"26":1,"27":2,"28":0,"29":2,"30":1,"31":1,"32":1,"33":2,"34":0,"35":2,"36":1,"37":1,"38":1,"39":0,"40":1,"41":2,"42":0,"43":2,"44":1,"45":1},"f":{"0":5,"1":3,"2":3,"3":2,"4":2,"5":2,"6":2},"b":{"0":[3,2],"1":[2,0],"2":[0,3],"3":[0,3],"4":[3,3,3],"5":[1,2],"6":[1,1],"7":[1,0],"8":[0,0],"9":[0,0],"10":[0,2],"11":[1,1],"12":[0,2],"13":[1,1],"14":[0,2],"15":[1,1],"16":[1,0],"17":[0,2],"18":[1,1]},"_coverageSchema":"1a1c01bbd47fc00a2c39e90264f33305004495a9","hash":"6baf1bd628106c7e1a1ed72de4d1acd71772caca"}
,"C:\\Users\\sannepu\\python vibe coding\\js\\utils\\timing.js": {"path":"C:\\Users\\sannepu\\python vibe coding\\js\\utils\\timing.js","statementMap":{"0":{"start":{"line":2,"column":20},"end":{"line":2,"column":24}},"1":{"start":{"line":3,"column":4},"end":{"line":10,"column":6}},"2":{"start":{"line":4,"column":8},"end":{"line":6,"column":9}},"3":{"start":{"line":5,"column":12},"end":{"line":5,"column":36}},"4":{"start":{"line":7,"column":8},"end":{"line":9,"column":18}},"5":{"start":{"line":8,"column":12},"end":{"line":8,"column":24}}},"fnMap":{"0":{"name":"debounce","decl":{"start":{"line":1,"column":16},"end":{"line":1,"column":24}},"loc":{"start":{"line":1,"column":43},"end":{"line":11,"column":1}},"line":1},"1":{"name":"(anonymous_1)","decl":{"start":{"line":3,"column":11},"end":{"line":3,"column":12}},"loc":{"start":{"line":3,"column":24},"end":{"line":10,"column":5}},"line":3},"2":{"name":"(anonymous_2)","decl":{"start":{"line":7,"column":31},"end":{"line":7,"column":32}},"loc":{"start":{"line":7,"column":37},"end":{"line":9,"column":9}},"line":7}},"branchMap":{"0":{"loc":{"start":{"line":1,"column":29},"end":{"line":1,"column":41}},"type":"default-arg","locations":[{"start":{"line":1,"column":37},"end":{"line":1,"column":41}}],"line":1},"1":{"loc":{"start":{"line":4,"column":8},"end":{"line":6,"column":9}},"type":"if","locations":[{"start":{"line":4,"column":8},"end":{"line":6,"column":9}},{"start":{},"end":{}}],"line":4}},"s":{"0":2,"1":2,"2":5,"3":3,"4":5,"5":2},"f":{"0":2,"1":5,"2":2},"b":{"0":[0],"1":[3,2]},"_coverageSchema":"1a1c01bbd47fc00a2c39e90264f33305004495a9","hash":"485ef30f49fe01e92e60b086290664e2b46186a9"}
}
