TN:
SF:js\render\index.js
FN:24,applyVariantProperties
FN:35,buildStyleString
FN:38,(anonymous_2)
FN:49,normalizeDimensionValue
FN:70,mapFlexAlign
FN:74,mapFlexJustify
FN:78,(anonymous_6)
FN:96,renderYamlStructure
FN:128,renderComponentsList
FN:131,(anonymous_9)
FN:144,renderComponent
FN:180,renderCarousel
FN:202,(anonymous_12)
FN:228,renderFormComponent
FN:259,renderPageComponent
FN:284,renderSectionComponent
FN:367,renderImageComponent
FN:408,renderSimpleComponent
FN:440,renderColumnsGrid
FN:488,renderAccordion
FN:525,renderTabs
FN:530,(anonymous_21)
FN:565,generateComponentInnerHTML
FN:574,(anonymous_23)
FN:644,(anonymous_24)
FN:663,(anonymous_25)
FN:691,generateTitlebarHTML
FN:720,(anonymous_27)
FN:755,(anonymous_28)
FN:783,(anonymous_29)
FN:820,(anonymous_30)
FN:824,(anonymous_31)
FN:863,generateRemainingStyles
FN:975,registerComponentForInitialization
FN:982,initializeAllComponents
FN:984,(anonymous_35)
FN:1000,computeInlineStylesFromProperties
FNF:37
FNH:21
FNDA:4,applyVariantProperties
FNDA:6,buildStyleString
FNDA:17,(anonymous_2)
FNDA:14,normalizeDimensionValue
FNDA:2,mapFlexAlign
FNDA:2,mapFlexJustify
FNDA:4,(anonymous_6)
FNDA:0,renderYamlStructure
FNDA:3,renderComponentsList
FNDA:1,(anonymous_9)
FNDA:4,renderComponent
FNDA:0,renderCarousel
FNDA:0,(anonymous_12)
FNDA:0,renderFormComponent
FNDA:0,renderPageComponent
FNDA:3,renderSectionComponent
FNDA:0,renderImageComponent
FNDA:4,renderSimpleComponent
FNDA:0,renderColumnsGrid
FNDA:0,renderAccordion
FNDA:0,renderTabs
FNDA:0,(anonymous_21)
FNDA:12,generateComponentInnerHTML
FNDA:0,(anonymous_23)
FNDA:0,(anonymous_24)
FNDA:0,(anonymous_25)
FNDA:4,generateTitlebarHTML
FNDA:12,(anonymous_27)
FNDA:4,(anonymous_28)
FNDA:4,(anonymous_29)
FNDA:4,(anonymous_30)
FNDA:5,(anonymous_31)
FNDA:8,generateRemainingStyles
FNDA:1,registerComponentForInitialization
FNDA:0,initializeAllComponents
FNDA:0,(anonymous_35)
FNDA:0,computeInlineStylesFromProperties
DA:8,1
DA:15,1
DA:25,4
DA:26,4
DA:27,4
DA:28,4
DA:29,2
DA:31,2
DA:32,2
DA:36,6
DA:39,17
DA:40,17
DA:41,0
DA:43,17
DA:50,14
DA:51,13
DA:53,1
DA:54,1
DA:56,0
DA:57,0
DA:58,0
DA:59,0
DA:61,0
DA:62,0
DA:63,0
DA:65,0
DA:67,0
DA:71,2
DA:75,2
DA:78,1
DA:79,4
DA:81,0
DA:83,2
DA:85,1
DA:87,1
DA:97,0
DA:98,0
DA:99,0
DA:115,0
DA:116,0
DA:117,0
DA:129,3
DA:131,3
DA:132,1
DA:133,1
DA:135,3
DA:145,4
DA:146,4
DA:147,4
DA:148,4
DA:149,4
DA:151,0
DA:153,3
DA:155,0
DA:157,0
DA:159,0
DA:161,0
DA:163,0
DA:165,0
DA:167,1
DA:181,0
DA:182,0
DA:183,0
DA:184,0
DA:185,0
DA:186,0
DA:187,0
DA:188,0
DA:189,0
DA:190,0
DA:192,0
DA:202,0
DA:206,0
DA:207,0
DA:208,0
DA:209,0
DA:210,0
DA:216,0
DA:229,0
DA:230,0
DA:231,0
DA:232,0
DA:233,0
DA:234,0
DA:235,0
DA:236,0
DA:238,0
DA:239,0
DA:246,0
DA:247,0
DA:263,0
DA:264,0
DA:265,0
DA:266,0
DA:267,0
DA:268,0
DA:269,0
DA:270,0
DA:271,0
DA:273,0
DA:280,0
DA:285,3
DA:286,3
DA:287,3
DA:288,3
DA:289,3
DA:290,3
DA:291,3
DA:292,3
DA:293,3
DA:294,3
DA:296,3
DA:297,3
DA:298,3
DA:299,3
DA:300,3
DA:302,3
DA:304,3
DA:305,3
DA:306,2
DA:308,3
DA:309,2
DA:311,3
DA:312,2
DA:314,3
DA:315,0
DA:318,3
DA:319,3
DA:320,1
DA:321,1
DA:322,1
DA:324,3
DA:325,3
DA:326,0
DA:328,3
DA:330,3
DA:331,3
DA:332,3
DA:333,2
DA:336,3
DA:340,3
DA:341,3
DA:345,3
DA:346,3
DA:347,3
DA:348,3
DA:355,0
DA:368,0
DA:369,0
DA:370,0
DA:371,0
DA:372,0
DA:373,0
DA:374,0
DA:375,0
DA:376,0
DA:378,0
DA:379,0
DA:380,0
DA:381,0
DA:383,0
DA:389,0
DA:390,0
DA:391,0
DA:392,0
DA:398,0
DA:409,4
DA:410,4
DA:411,4
DA:412,4
DA:413,3
DA:414,3
DA:415,3
DA:416,1
DA:417,1
DA:418,1
DA:422,3
DA:428,1
DA:441,0
DA:442,0
DA:444,0
DA:446,0
DA:447,0
DA:448,0
DA:450,0
DA:452,0
DA:453,0
DA:456,0
DA:457,0
DA:458,0
DA:459,0
DA:462,0
DA:465,0
DA:466,0
DA:467,0
DA:468,0
DA:469,0
DA:476,0
DA:489,0
DA:490,0
DA:492,0
DA:493,0
DA:494,0
DA:495,0
DA:497,0
DA:503,0
DA:504,0
DA:505,0
DA:506,0
DA:513,0
DA:526,0
DA:527,0
DA:529,0
DA:530,0
DA:531,0
DA:532,0
DA:533,0
DA:534,0
DA:536,0
DA:537,0
DA:539,0
DA:540,0
DA:543,0
DA:544,0
DA:545,0
DA:546,0
DA:547,0
DA:554,0
DA:566,12
DA:567,12
DA:568,12
DA:569,0
DA:570,0
DA:571,0
DA:573,12
DA:574,12
DA:575,0
DA:576,0
DA:577,0
DA:578,0
DA:580,0
DA:581,0
DA:583,0
DA:585,12
DA:586,0
DA:587,0
DA:589,12
DA:590,12
DA:591,0
DA:593,12
DA:594,12
DA:595,12
DA:596,12
DA:597,2
DA:598,2
DA:599,2
DA:602,10
DA:603,3
DA:604,3
DA:606,7
DA:607,0
DA:608,0
DA:610,7
DA:611,0
DA:612,0
DA:614,7
DA:615,0
DA:616,0
DA:617,0
DA:619,7
DA:620,7
DA:621,1
DA:622,6
DA:623,0
DA:624,0
DA:625,0
DA:626,0
DA:627,6
DA:628,0
DA:629,0
DA:630,6
DA:631,1
DA:632,1
DA:633,1
DA:634,5
DA:635,0
DA:636,0
DA:637,0
DA:638,5
DA:639,0
DA:640,5
DA:641,0
DA:642,0
DA:643,0
DA:644,0
DA:645,0
DA:646,0
DA:647,0
DA:649,0
DA:650,5
DA:651,0
DA:652,5
DA:653,0
DA:654,0
DA:655,0
DA:656,5
DA:657,0
DA:658,0
DA:659,0
DA:660,5
DA:661,0
DA:662,0
DA:663,0
DA:664,0
DA:666,0
DA:667,0
DA:668,5
DA:669,0
DA:670,5
DA:671,4
DA:672,1
DA:673,0
DA:674,0
DA:675,0
DA:676,0
DA:678,1
DA:692,4
DA:693,4
DA:694,4
DA:695,4
DA:696,4
DA:697,4
DA:698,4
DA:699,4
DA:700,4
DA:701,4
DA:702,4
DA:703,4
DA:704,1
DA:705,1
DA:707,1
DA:708,1
DA:711,3
DA:712,1
DA:714,3
DA:715,2
DA:718,4
DA:719,4
DA:720,4
DA:721,12
DA:722,12
DA:723,12
DA:725,0
DA:726,0
DA:727,0
DA:728,0
DA:730,0
DA:731,0
DA:733,0
DA:734,0
DA:735,0
DA:738,0
DA:739,0
DA:740,0
DA:742,0
DA:743,0
DA:744,0
DA:745,0
DA:747,0
DA:748,0
DA:749,0
DA:753,0
DA:755,4
DA:756,4
DA:757,4
DA:758,2
DA:760,2
DA:761,1
DA:762,1
DA:763,0
DA:764,0
DA:765,0
DA:768,1
DA:769,1
DA:770,1
DA:773,1
DA:775,4
DA:776,4
DA:777,4
DA:778,4
DA:779,4
DA:780,4
DA:781,4
DA:782,4
DA:783,4
DA:784,4
DA:785,0
DA:787,4
DA:789,4
DA:790,4
DA:791,4
DA:792,4
DA:795,4
DA:796,4
DA:797,0
DA:799,4
DA:800,4
DA:801,4
DA:802,4
DA:803,4
DA:804,4
DA:805,4
DA:806,2
DA:808,4
DA:809,2
DA:811,4
DA:812,4
DA:813,2
DA:815,4
DA:816,4
DA:817,2
DA:819,4
DA:820,4
DA:821,4
DA:822,1
DA:824,3
DA:825,5
DA:826,5
DA:827,5
DA:830,4
DA:831,4
DA:835,4
DA:839,4
DA:845,4
DA:846,4
DA:849,4
DA:851,4
DA:864,8
DA:865,8
DA:866,8
DA:867,8
DA:868,8
DA:869,8
DA:870,0
DA:871,0
DA:872,0
DA:873,8
DA:874,2
DA:876,8
DA:877,8
DA:878,8
DA:879,0
DA:881,8
DA:882,8
DA:883,0
DA:885,8
DA:886,8
DA:887,0
DA:889,8
DA:890,8
DA:891,0
DA:893,8
DA:894,8
DA:895,0
DA:897,8
DA:898,8
DA:899,0
DA:901,8
DA:902,8
DA:903,0
DA:905,8
DA:906,8
DA:907,1
DA:909,8
DA:910,8
DA:911,8
DA:912,8
DA:913,2
DA:914,8
DA:915,8
DA:916,8
DA:919,6
DA:920,0
DA:922,8
DA:923,8
DA:924,2
DA:925,8
DA:926,8
DA:927,8
DA:930,6
DA:931,0
DA:933,8
DA:934,8
DA:935,8
DA:936,8
DA:937,8
DA:938,0
DA:939,0
DA:940,0
DA:941,0
DA:944,8
DA:945,8
DA:946,1
DA:947,1
DA:949,8
DA:950,8
DA:951,1
DA:953,8
DA:954,8
DA:955,0
DA:957,8
DA:958,8
DA:959,0
DA:961,8
DA:962,8
DA:963,8
DA:964,0
DA:966,8
DA:976,1
DA:983,0
DA:984,0
DA:985,0
DA:986,0
DA:987,0
DA:988,0
DA:990,0
DA:1001,0
LF:527
LH:282
BRDA:24,0,0,0
BRDA:25,1,0,4
BRDA:25,1,1,0
BRDA:28,2,0,2
BRDA:28,2,1,2
BRDA:28,3,0,4
BRDA:28,3,1,2
BRDA:28,3,2,2
BRDA:35,4,0,0
BRDA:40,5,0,0
BRDA:40,5,1,17
BRDA:43,6,0,17
BRDA:43,6,1,0
BRDA:50,7,0,13
BRDA:50,7,1,1
BRDA:50,8,0,14
BRDA:50,8,1,1
BRDA:50,8,2,1
BRDA:53,9,0,1
BRDA:53,9,1,0
BRDA:56,10,0,0
BRDA:56,10,1,0
BRDA:58,11,0,0
BRDA:58,11,1,0
BRDA:62,12,0,0
BRDA:62,12,1,0
BRDA:62,13,0,0
BRDA:62,13,1,0
BRDA:71,14,0,2
BRDA:71,14,1,0
BRDA:75,15,0,2
BRDA:75,15,1,0
BRDA:79,16,0,0
BRDA:79,16,1,2
BRDA:79,16,2,1
BRDA:79,16,3,1
BRDA:96,17,0,0
BRDA:98,18,0,0
BRDA:98,18,1,0
BRDA:98,19,0,0
BRDA:98,19,1,0
BRDA:98,19,2,0
BRDA:98,19,3,0
BRDA:145,20,0,0
BRDA:145,20,1,4
BRDA:145,21,0,4
BRDA:145,21,1,4
BRDA:146,22,0,0
BRDA:148,23,0,0
BRDA:148,23,1,4
BRDA:149,24,0,0
BRDA:149,24,1,3
BRDA:149,24,2,0
BRDA:149,24,3,0
BRDA:149,24,4,0
BRDA:149,24,5,0
BRDA:149,24,6,0
BRDA:149,24,7,0
BRDA:149,24,8,1
BRDA:181,25,0,0
BRDA:181,26,0,0
BRDA:187,27,0,0
BRDA:187,27,1,0
BRDA:187,28,0,0
BRDA:187,28,1,0
BRDA:206,29,0,0
BRDA:206,29,1,0
BRDA:229,30,0,0
BRDA:229,31,0,0
BRDA:232,32,0,0
BRDA:232,32,1,0
BRDA:235,33,0,0
BRDA:235,33,1,0
BRDA:261,34,0,0
BRDA:262,35,0,0
BRDA:267,36,0,0
BRDA:267,36,1,0
BRDA:270,37,0,0
BRDA:270,37,1,0
BRDA:285,38,0,0
BRDA:285,39,0,0
BRDA:286,40,0,3
BRDA:286,40,1,3
BRDA:287,41,0,3
BRDA:287,41,1,0
BRDA:289,42,0,3
BRDA:289,42,1,1
BRDA:293,43,0,3
BRDA:293,43,1,1
BRDA:305,44,0,2
BRDA:305,44,1,1
BRDA:308,45,0,2
BRDA:308,45,1,1
BRDA:311,46,0,2
BRDA:311,46,1,1
BRDA:314,47,0,0
BRDA:314,47,1,3
BRDA:315,48,0,0
BRDA:315,48,1,0
BRDA:319,49,0,1
BRDA:319,49,1,2
BRDA:325,50,0,0
BRDA:325,50,1,3
BRDA:332,51,0,2
BRDA:332,51,1,1
BRDA:332,52,0,3
BRDA:332,52,1,3
BRDA:336,53,0,3
BRDA:336,53,1,0
BRDA:340,54,0,3
BRDA:340,54,1,0
BRDA:341,55,0,3
BRDA:341,55,1,0
BRDA:345,56,0,3
BRDA:345,56,1,0
BRDA:368,57,0,0
BRDA:368,58,0,0
BRDA:374,59,0,0
BRDA:374,59,1,0
BRDA:374,60,0,0
BRDA:374,60,1,0
BRDA:374,61,0,0
BRDA:374,61,1,0
BRDA:375,62,0,0
BRDA:375,62,1,0
BRDA:379,63,0,0
BRDA:379,63,1,0
BRDA:389,64,0,0
BRDA:389,64,1,0
BRDA:409,65,0,0
BRDA:412,66,0,3
BRDA:412,66,1,1
BRDA:415,67,0,1
BRDA:415,67,1,2
BRDA:417,68,0,1
BRDA:417,68,1,0
BRDA:417,69,0,1
BRDA:417,69,1,1
BRDA:441,70,0,0
BRDA:441,71,0,0
BRDA:442,72,0,0
BRDA:442,72,1,0
BRDA:447,73,0,0
BRDA:447,73,1,0
BRDA:447,74,0,0
BRDA:447,74,1,0
BRDA:452,75,0,0
BRDA:452,75,1,0
BRDA:456,76,0,0
BRDA:456,76,1,0
BRDA:458,77,0,0
BRDA:458,77,1,0
BRDA:466,78,0,0
BRDA:466,78,1,0
BRDA:489,79,0,0
BRDA:490,80,0,0
BRDA:490,80,1,0
BRDA:493,81,0,0
BRDA:493,81,1,0
BRDA:493,82,0,0
BRDA:493,82,1,0
BRDA:503,83,0,0
BRDA:503,83,1,0
BRDA:526,84,0,0
BRDA:526,85,0,0
BRDA:532,86,0,0
BRDA:532,86,1,0
BRDA:533,87,0,0
BRDA:533,87,1,0
BRDA:536,88,0,0
BRDA:536,88,1,0
BRDA:544,89,0,0
BRDA:544,89,1,0
BRDA:567,90,0,12
BRDA:567,90,1,0
BRDA:568,91,0,0
BRDA:568,91,1,12
BRDA:568,92,0,12
BRDA:568,92,1,12
BRDA:568,92,2,12
BRDA:569,93,0,0
BRDA:569,93,1,0
BRDA:571,94,0,0
BRDA:571,94,1,0
BRDA:573,95,0,12
BRDA:573,95,1,0
BRDA:575,96,0,0
BRDA:575,96,1,0
BRDA:576,97,0,0
BRDA:576,97,1,0
BRDA:577,98,0,0
BRDA:577,98,1,0
BRDA:580,99,0,0
BRDA:580,99,1,0
BRDA:583,100,0,0
BRDA:583,100,1,0
BRDA:585,101,0,0
BRDA:585,101,1,12
BRDA:586,102,0,0
BRDA:586,102,1,0
BRDA:590,103,0,0
BRDA:590,103,1,12
BRDA:595,104,0,12
BRDA:595,104,1,0
BRDA:596,105,0,2
BRDA:596,105,1,10
BRDA:597,106,0,2
BRDA:597,106,1,1
BRDA:598,107,0,2
BRDA:598,107,1,0
BRDA:602,108,0,3
BRDA:602,108,1,7
BRDA:603,109,0,3
BRDA:603,109,1,0
BRDA:606,110,0,0
BRDA:606,110,1,7
BRDA:607,111,0,0
BRDA:607,111,1,0
BRDA:610,112,0,0
BRDA:610,112,1,7
BRDA:611,113,0,0
BRDA:611,113,1,0
BRDA:614,114,0,0
BRDA:614,114,1,7
BRDA:615,115,0,0
BRDA:615,115,1,0
BRDA:615,115,2,0
BRDA:616,116,0,0
BRDA:616,116,1,0
BRDA:620,117,0,1
BRDA:620,117,1,6
BRDA:621,118,0,1
BRDA:621,118,1,0
BRDA:621,119,0,1
BRDA:621,119,1,0
BRDA:621,120,0,1
BRDA:621,120,1,1
BRDA:622,121,0,0
BRDA:622,121,1,6
BRDA:623,122,0,0
BRDA:623,122,1,0
BRDA:625,123,0,0
BRDA:625,123,1,0
BRDA:627,124,0,0
BRDA:627,124,1,6
BRDA:629,125,0,0
BRDA:629,125,1,0
BRDA:630,126,0,1
BRDA:630,126,1,5
BRDA:632,127,0,1
BRDA:632,127,1,1
BRDA:633,128,0,1
BRDA:633,128,1,0
BRDA:633,129,0,1
BRDA:633,129,1,0
BRDA:633,130,0,1
BRDA:633,130,1,1
BRDA:634,131,0,0
BRDA:634,131,1,5
BRDA:636,132,0,0
BRDA:636,132,1,0
BRDA:637,133,0,0
BRDA:637,133,1,0
BRDA:637,134,0,0
BRDA:637,134,1,0
BRDA:637,135,0,0
BRDA:637,135,1,0
BRDA:637,136,0,0
BRDA:637,136,1,0
BRDA:638,137,0,0
BRDA:638,137,1,5
BRDA:639,138,0,0
BRDA:639,138,1,0
BRDA:639,139,0,0
BRDA:639,139,1,0
BRDA:640,140,0,0
BRDA:640,140,1,5
BRDA:642,141,0,0
BRDA:642,141,1,0
BRDA:643,142,0,0
BRDA:643,142,1,0
BRDA:646,143,0,0
BRDA:646,143,1,0
BRDA:649,144,0,0
BRDA:649,144,1,0
BRDA:650,145,0,0
BRDA:650,145,1,5
BRDA:652,146,0,0
BRDA:652,146,1,5
BRDA:654,147,0,0
BRDA:654,147,1,0
BRDA:655,148,0,0
BRDA:655,148,1,0
BRDA:655,149,0,0
BRDA:655,149,1,0
BRDA:656,150,0,0
BRDA:656,150,1,5
BRDA:658,151,0,0
BRDA:658,151,1,0
BRDA:659,152,0,0
BRDA:659,152,1,0
BRDA:659,153,0,0
BRDA:659,153,1,0
BRDA:659,154,0,0
BRDA:659,154,1,0
BRDA:660,155,0,0
BRDA:660,155,1,5
BRDA:661,156,0,0
BRDA:661,156,1,0
BRDA:664,157,0,0
BRDA:664,157,1,0
BRDA:664,158,0,0
BRDA:664,158,1,0
BRDA:668,159,0,0
BRDA:668,159,1,5
BRDA:669,160,0,0
BRDA:669,160,1,0
BRDA:670,161,0,4
BRDA:670,161,1,1
BRDA:672,162,0,0
BRDA:672,162,1,1
BRDA:673,163,0,0
BRDA:673,163,1,0
BRDA:674,164,0,0
BRDA:674,164,1,0
BRDA:676,165,0,0
BRDA:676,165,1,0
BRDA:676,166,0,0
BRDA:676,166,1,0
BRDA:676,167,0,0
BRDA:676,167,1,0
BRDA:699,168,0,4
BRDA:699,168,1,3
BRDA:700,169,0,2
BRDA:700,169,1,2
BRDA:701,170,0,3
BRDA:701,170,1,1
BRDA:703,171,0,1
BRDA:703,171,1,3
BRDA:704,172,0,1
BRDA:704,172,1,0
BRDA:707,173,0,1
BRDA:707,173,1,0
BRDA:711,174,0,1
BRDA:711,174,1,2
BRDA:714,175,0,2
BRDA:714,175,1,1
BRDA:718,176,0,1
BRDA:718,176,1,3
BRDA:721,177,0,12
BRDA:721,177,1,2
BRDA:722,178,0,12
BRDA:722,178,1,0
BRDA:722,179,0,12
BRDA:722,179,1,12
BRDA:725,180,0,0
BRDA:725,180,1,0
BRDA:727,181,0,0
BRDA:727,181,1,0
BRDA:730,182,0,0
BRDA:730,182,1,0
BRDA:734,183,0,0
BRDA:734,183,1,0
BRDA:738,184,0,0
BRDA:738,184,1,0
BRDA:738,185,0,0
BRDA:738,185,1,0
BRDA:739,186,0,0
BRDA:739,186,1,0
BRDA:739,187,0,0
BRDA:739,187,1,0
BRDA:742,188,0,0
BRDA:742,188,1,0
BRDA:744,189,0,0
BRDA:744,189,1,0
BRDA:748,190,0,0
BRDA:748,190,1,0
BRDA:757,191,0,2
BRDA:757,191,1,2
BRDA:757,192,0,4
BRDA:757,192,1,2
BRDA:760,193,0,1
BRDA:760,193,1,1
BRDA:762,194,0,0
BRDA:762,194,1,1
BRDA:764,195,0,0
BRDA:764,195,1,0
BRDA:769,196,0,1
BRDA:769,196,1,0
BRDA:777,197,0,4
BRDA:777,197,1,0
BRDA:777,198,0,4
BRDA:777,198,1,2
BRDA:778,199,0,4
BRDA:778,199,1,0
BRDA:778,200,0,4
BRDA:778,200,1,2
BRDA:781,201,0,4
BRDA:781,201,1,4
BRDA:782,202,0,4
BRDA:782,202,1,0
BRDA:784,203,0,0
BRDA:784,203,1,4
BRDA:791,204,0,4
BRDA:791,204,1,4
BRDA:792,205,0,0
BRDA:792,205,1,4
BRDA:793,206,0,0
BRDA:793,206,1,0
BRDA:796,207,0,0
BRDA:796,207,1,4
BRDA:805,208,0,2
BRDA:805,208,1,2
BRDA:808,209,0,2
BRDA:808,209,1,2
BRDA:812,210,0,2
BRDA:812,210,1,2
BRDA:816,211,0,2
BRDA:816,211,1,2
BRDA:821,212,0,1
BRDA:821,212,1,3
BRDA:821,213,0,4
BRDA:821,213,1,3
BRDA:825,214,0,5
BRDA:825,214,1,0
BRDA:826,215,0,5
BRDA:826,215,1,0
BRDA:845,216,0,1
BRDA:845,216,1,3
BRDA:846,217,0,1
BRDA:846,217,1,3
BRDA:863,218,0,0
BRDA:865,219,0,8
BRDA:865,219,1,7
BRDA:866,220,0,8
BRDA:866,220,1,6
BRDA:866,220,2,6
BRDA:867,221,0,8
BRDA:867,221,1,8
BRDA:868,222,0,8
BRDA:868,222,1,6
BRDA:869,223,0,0
BRDA:869,223,1,8
BRDA:873,224,0,2
BRDA:873,224,1,6
BRDA:876,225,0,8
BRDA:876,225,1,7
BRDA:877,226,0,8
BRDA:877,226,1,8
BRDA:878,227,0,0
BRDA:878,227,1,8
BRDA:881,228,0,8
BRDA:881,228,1,8
BRDA:882,229,0,0
BRDA:882,229,1,8
BRDA:885,230,0,8
BRDA:885,230,1,8
BRDA:886,231,0,0
BRDA:886,231,1,8
BRDA:889,232,0,8
BRDA:889,232,1,8
BRDA:890,233,0,0
BRDA:890,233,1,8
BRDA:893,234,0,8
BRDA:893,234,1,8
BRDA:894,235,0,0
BRDA:894,235,1,8
BRDA:897,236,0,8
BRDA:897,236,1,8
BRDA:898,237,0,0
BRDA:898,237,1,8
BRDA:901,238,0,8
BRDA:901,238,1,8
BRDA:902,239,0,0
BRDA:902,239,1,8
BRDA:905,240,0,8
BRDA:905,240,1,7
BRDA:906,241,0,1
BRDA:906,241,1,7
BRDA:909,242,0,8
BRDA:909,242,1,5
BRDA:910,243,0,8
BRDA:910,243,1,6
BRDA:911,244,0,8
BRDA:911,244,1,6
BRDA:912,245,0,2
BRDA:912,245,1,6
BRDA:912,246,0,8
BRDA:912,246,1,2
BRDA:915,247,0,8
BRDA:915,247,1,0
BRDA:919,248,0,0
BRDA:919,248,1,6
BRDA:922,249,0,8
BRDA:922,249,1,6
BRDA:923,250,0,2
BRDA:923,250,1,6
BRDA:923,251,0,8
BRDA:923,251,1,2
BRDA:926,252,0,8
BRDA:926,252,1,0
BRDA:930,253,0,0
BRDA:930,253,1,6
BRDA:933,254,0,8
BRDA:933,254,1,7
BRDA:933,254,2,7
BRDA:934,255,0,8
BRDA:934,255,1,8
BRDA:935,256,0,8
BRDA:935,256,1,8
BRDA:936,257,0,8
BRDA:936,257,1,8
BRDA:937,258,0,0
BRDA:937,258,1,8
BRDA:937,259,0,8
BRDA:937,259,1,0
BRDA:938,260,0,0
BRDA:938,260,1,0
BRDA:939,261,0,0
BRDA:939,261,1,0
BRDA:940,262,0,0
BRDA:940,262,1,0
BRDA:940,263,0,0
BRDA:940,263,1,0
BRDA:941,264,0,0
BRDA:941,264,1,0
BRDA:944,265,0,8
BRDA:944,265,1,7
BRDA:945,266,0,1
BRDA:945,266,1,7
BRDA:946,267,0,0
BRDA:946,267,1,1
BRDA:949,268,0,8
BRDA:949,268,1,7
BRDA:950,269,0,1
BRDA:950,269,1,7
BRDA:954,270,0,0
BRDA:954,270,1,8
BRDA:954,271,0,8
BRDA:954,271,1,0
BRDA:955,272,0,0
BRDA:955,272,1,0
BRDA:957,273,0,8
BRDA:957,273,1,8
BRDA:958,274,0,0
BRDA:958,274,1,8
BRDA:959,275,0,0
BRDA:959,275,1,0
BRDA:961,276,0,8
BRDA:961,276,1,8
BRDA:963,277,0,0
BRDA:963,277,1,8
BRDA:975,278,0,0
BRDA:986,279,0,0
BRDA:986,279,1,0
BRDA:986,280,0,0
BRDA:986,280,1,0
BRDA:986,280,2,0
BRDA:988,281,0,0
BRDA:988,281,1,0
BRDA:1000,282,0,0
BRF:561
BRH:252
end_of_record
TN:
SF:js\utils\object.js
FN:8,deepClone
FN:21,deepMerge
FN:29,(anonymous_2)
FN:48,getNestedValue
FN:53,(anonymous_4)
FN:56,setNestedValue
FN:75,deleteNestedValue
FN:91,pruneEmptyValues
FN:95,(anonymous_8)
FNF:9
FNH:5
FNDA:10,deepClone
FNDA:6,deepMerge
FNDA:0,(anonymous_2)
FNDA:92,getNestedValue
FNDA:216,(anonymous_4)
FNDA:0,setNestedValue
FNDA:6,deleteNestedValue
FNDA:0,pruneEmptyValues
FNDA:0,(anonymous_8)
DA:9,10
DA:10,0
DA:12,10
DA:22,6
DA:23,6
DA:24,0
DA:26,6
DA:27,9
DA:28,9
DA:29,0
DA:30,0
DA:32,0
DA:34,9
DA:35,3
DA:36,3
DA:37,3
DA:38,3
DA:40,6
DA:41,6
DA:45,6
DA:49,92
DA:50,0
DA:52,92
DA:53,216
DA:57,0
DA:58,0
DA:60,0
DA:61,0
DA:62,0
DA:63,0
DA:64,0
DA:65,0
DA:66,0
DA:68,0
DA:69,0
DA:71,0
DA:76,6
DA:77,0
DA:79,6
DA:80,6
DA:81,6
DA:82,6
DA:83,6
DA:84,0
DA:86,6
DA:88,6
DA:92,0
DA:93,0
DA:95,0
DA:96,0
DA:97,0
DA:98,0
DA:99,0
DA:100,0
DA:102,0
DA:103,0
LF:56
LH:26
BRDA:9,0,0,0
BRDA:9,0,1,10
BRDA:21,1,0,0
BRDA:23,2,0,0
BRDA:23,2,1,6
BRDA:23,3,0,6
BRDA:23,3,1,6
BRDA:28,4,0,0
BRDA:28,4,1,9
BRDA:30,5,0,0
BRDA:30,5,1,0
BRDA:30,6,0,0
BRDA:30,6,1,0
BRDA:34,7,0,3
BRDA:34,7,1,6
BRDA:34,8,0,9
BRDA:34,8,1,9
BRDA:36,9,0,3
BRDA:36,9,1,0
BRDA:36,10,0,3
BRDA:36,10,1,3
BRDA:40,11,0,6
BRDA:40,11,1,0
BRDA:49,12,0,0
BRDA:49,12,1,92
BRDA:52,13,0,92
BRDA:52,13,1,0
BRDA:53,14,0,191
BRDA:53,14,1,25
BRDA:57,15,0,0
BRDA:57,15,1,0
BRDA:60,16,0,0
BRDA:60,16,1,0
BRDA:64,17,0,0
BRDA:64,17,1,0
BRDA:68,18,0,0
BRDA:68,18,1,0
BRDA:68,19,0,0
BRDA:68,19,1,0
BRDA:76,20,0,0
BRDA:76,20,1,6
BRDA:79,21,0,6
BRDA:79,21,1,0
BRDA:83,22,0,0
BRDA:83,22,1,6
BRDA:83,23,0,6
BRDA:83,23,1,6
BRDA:92,24,0,0
BRDA:92,24,1,0
BRDA:92,25,0,0
BRDA:92,25,1,0
BRDA:97,26,0,0
BRDA:97,26,1,0
BRDA:97,27,0,0
BRDA:97,27,1,0
BRDA:99,28,0,0
BRDA:99,28,1,0
BRDA:102,29,0,0
BRDA:102,29,1,0
BRDA:102,30,0,0
BRDA:102,30,1,0
BRDA:102,30,2,0
BRF:62
BRH:22
end_of_record
TN:
SF:js\utils\strings.js
FN:1,escapeHtml
FNF:1
FNH:1
FNDA:4,escapeHtml
DA:2,4
DA:3,3
DA:5,1
LF:3
LH:3
BRDA:2,0,0,3
BRDA:2,0,1,1
BRF:2
BRH:2
end_of_record
TN:
SF:js\utils\styles.js
FN:1,toRem
FN:8,(anonymous_1)
FN:26,resolveSpacingValue
FN:53,resolveLetterSpacing
FN:70,resolveLineHeight
FN:89,resolveTypographySize
FN:111,resolveFontWeight
FNF:7
FNH:7
FNDA:5,toRem
FNDA:3,(anonymous_1)
FNDA:3,resolveSpacingValue
FNDA:2,resolveLetterSpacing
FNDA:2,resolveLineHeight
FNDA:2,resolveTypographySize
FNDA:2,resolveFontWeight
DA:2,5
DA:3,3
DA:5,2
DA:6,2
DA:9,3
DA:10,3
DA:14,0
DA:17,1
DA:27,3
DA:28,0
DA:30,3
DA:31,1
DA:33,2
DA:34,1
DA:36,1
DA:37,1
DA:39,0
DA:40,0
DA:41,0
DA:43,0
DA:46,1
DA:54,2
DA:55,0
DA:57,2
DA:58,1
DA:60,1
DA:63,1
DA:71,2
DA:72,0
DA:74,2
DA:75,1
DA:77,1
DA:79,1
DA:90,2
DA:91,0
DA:93,2
DA:94,1
DA:96,1
DA:97,1
DA:99,0
DA:102,1
DA:112,2
DA:113,0
DA:115,2
DA:116,1
DA:118,1
LF:46
LH:35
BRDA:2,0,0,3
BRDA:2,0,1,2
BRDA:5,1,0,2
BRDA:5,1,1,0
BRDA:10,2,0,0
BRDA:10,2,1,3
BRDA:27,3,0,0
BRDA:27,3,1,3
BRDA:27,4,0,3
BRDA:27,4,1,3
BRDA:27,4,2,3
BRDA:30,5,0,1
BRDA:30,5,1,2
BRDA:33,6,0,1
BRDA:33,6,1,1
BRDA:36,7,0,1
BRDA:36,7,1,0
BRDA:40,8,0,0
BRDA:40,8,1,0
BRDA:40,9,0,0
BRDA:40,9,1,0
BRDA:54,10,0,0
BRDA:54,10,1,2
BRDA:57,11,0,1
BRDA:57,11,1,1
BRDA:71,12,0,0
BRDA:71,12,1,2
BRDA:74,13,0,1
BRDA:74,13,1,1
BRDA:90,14,0,0
BRDA:90,14,1,2
BRDA:93,15,0,1
BRDA:93,15,1,1
BRDA:96,16,0,1
BRDA:96,16,1,0
BRDA:112,17,0,0
BRDA:112,17,1,2
BRDA:115,18,0,1
BRDA:115,18,1,1
BRF:39
BRH:26
end_of_record
TN:
SF:js\utils\timing.js
FN:1,debounce
FN:3,(anonymous_1)
FN:7,(anonymous_2)
FNF:3
FNH:3
FNDA:2,debounce
FNDA:5,(anonymous_1)
FNDA:2,(anonymous_2)
DA:2,2
DA:3,2
DA:4,5
DA:5,3
DA:7,5
DA:8,2
LF:6
LH:6
BRDA:1,0,0,0
BRDA:4,1,0,3
BRDA:4,1,1,2
BRF:3
BRH:2
end_of_record
