TN:
SF:js\render\index.js
FN:7,(anonymous_0)
FN:25,renderYamlStructure
FN:57,renderComponentsList
FN:60,(anonymous_3)
FN:73,renderComponent
FN:108,renderCarousel
FN:130,(anonymous_6)
FN:156,renderFormComponent
FN:187,renderPageComponent
FN:220,renderImageComponent
FN:260,renderSimpleComponent
FN:292,renderColumnsGrid
FN:340,renderAccordion
FN:377,renderTabs
FN:382,(anonymous_14)
FN:417,generateComponentInnerHTML
FN:426,(anonymous_16)
FN:496,(anonymous_17)
FN:515,(anonymous_18)
FN:543,generateTitlebarHTML
FN:572,(anonymous_20)
FN:607,(anonymous_21)
FN:635,(anonymous_22)
FN:672,(anonymous_23)
FN:676,(anonymous_24)
FN:715,generateRemainingStyles
FN:818,registerComponentForInitialization
FN:825,initializeAllComponents
FN:827,(anonymous_28)
FN:843,computeInlineStylesFromProperties
FNF:30
FNH:11
FNDA:4,(anonymous_0)
FNDA:0,renderYamlStructure
FNDA:0,renderComponentsList
FNDA:0,(anonymous_3)
FNDA:0,renderComponent
FNDA:0,renderCarousel
FNDA:0,(anonymous_6)
FNDA:0,renderFormComponent
FNDA:0,renderPageComponent
FNDA:0,renderImageComponent
FNDA:3,renderSimpleComponent
FNDA:0,renderColumnsGrid
FNDA:0,renderAccordion
FNDA:0,renderTabs
FNDA:0,(anonymous_14)
FNDA:11,generateComponentInnerHTML
FNDA:0,(anonymous_16)
FNDA:0,(anonymous_17)
FNDA:0,(anonymous_18)
FNDA:4,generateTitlebarHTML
FNDA:12,(anonymous_20)
FNDA:4,(anonymous_21)
FNDA:4,(anonymous_22)
FNDA:4,(anonymous_23)
FNDA:5,(anonymous_24)
FNDA:4,generateRemainingStyles
FNDA:1,registerComponentForInitialization
FNDA:0,initializeAllComponents
FNDA:0,(anonymous_28)
FNDA:0,computeInlineStylesFromProperties
DA:7,1
DA:8,4
DA:10,0
DA:12,2
DA:14,1
DA:16,1
DA:26,0
DA:27,0
DA:28,0
DA:44,0
DA:45,0
DA:46,0
DA:58,0
DA:60,0
DA:61,0
DA:62,0
DA:64,0
DA:74,0
DA:78,0
DA:79,0
DA:81,0
DA:83,0
DA:85,0
DA:87,0
DA:89,0
DA:91,0
DA:93,0
DA:95,0
DA:109,0
DA:110,0
DA:111,0
DA:112,0
DA:113,0
DA:114,0
DA:115,0
DA:116,0
DA:117,0
DA:118,0
DA:120,0
DA:130,0
DA:134,0
DA:135,0
DA:136,0
DA:137,0
DA:138,0
DA:144,0
DA:157,0
DA:158,0
DA:159,0
DA:160,0
DA:161,0
DA:162,0
DA:163,0
DA:164,0
DA:166,0
DA:167,0
DA:174,0
DA:175,0
DA:191,0
DA:192,0
DA:193,0
DA:194,0
DA:195,0
DA:196,0
DA:197,0
DA:198,0
DA:199,0
DA:201,0
DA:208,0
DA:221,0
DA:222,0
DA:223,0
DA:224,0
DA:225,0
DA:226,0
DA:227,0
DA:228,0
DA:229,0
DA:231,0
DA:232,0
DA:233,0
DA:234,0
DA:236,0
DA:242,0
DA:243,0
DA:244,0
DA:245,0
DA:251,0
DA:261,3
DA:262,3
DA:263,3
DA:264,3
DA:265,2
DA:266,2
DA:267,2
DA:268,1
DA:269,1
DA:270,1
DA:274,2
DA:280,1
DA:293,0
DA:294,0
DA:296,0
DA:298,0
DA:299,0
DA:300,0
DA:302,0
DA:304,0
DA:305,0
DA:308,0
DA:309,0
DA:310,0
DA:311,0
DA:314,0
DA:317,0
DA:318,0
DA:319,0
DA:320,0
DA:321,0
DA:328,0
DA:341,0
DA:342,0
DA:344,0
DA:345,0
DA:346,0
DA:347,0
DA:349,0
DA:355,0
DA:356,0
DA:357,0
DA:358,0
DA:365,0
DA:378,0
DA:379,0
DA:381,0
DA:382,0
DA:383,0
DA:384,0
DA:385,0
DA:386,0
DA:388,0
DA:389,0
DA:391,0
DA:392,0
DA:395,0
DA:396,0
DA:397,0
DA:398,0
DA:399,0
DA:406,0
DA:418,11
DA:419,11
DA:420,11
DA:421,0
DA:422,0
DA:423,0
DA:425,11
DA:426,11
DA:427,0
DA:428,0
DA:429,0
DA:430,0
DA:432,0
DA:433,0
DA:435,0
DA:437,11
DA:438,0
DA:439,0
DA:441,11
DA:442,11
DA:443,0
DA:445,11
DA:446,11
DA:447,11
DA:448,11
DA:449,1
DA:450,1
DA:451,1
DA:454,10
DA:455,3
DA:456,3
DA:458,7
DA:459,0
DA:460,0
DA:462,7
DA:463,0
DA:464,0
DA:466,7
DA:467,0
DA:468,0
DA:469,0
DA:471,7
DA:472,7
DA:473,1
DA:474,6
DA:475,0
DA:476,0
DA:477,0
DA:478,0
DA:479,6
DA:480,0
DA:481,0
DA:482,6
DA:483,1
DA:484,1
DA:485,1
DA:486,5
DA:487,0
DA:488,0
DA:489,0
DA:490,5
DA:491,0
DA:492,5
DA:493,0
DA:494,0
DA:495,0
DA:496,0
DA:497,0
DA:498,0
DA:499,0
DA:501,0
DA:502,5
DA:503,0
DA:504,5
DA:505,0
DA:506,0
DA:507,0
DA:508,5
DA:509,0
DA:510,0
DA:511,0
DA:512,5
DA:513,0
DA:514,0
DA:515,0
DA:516,0
DA:518,0
DA:519,0
DA:520,5
DA:521,0
DA:522,5
DA:523,4
DA:524,1
DA:525,0
DA:526,0
DA:527,0
DA:528,0
DA:530,1
DA:544,4
DA:545,4
DA:546,4
DA:547,4
DA:548,4
DA:549,4
DA:550,4
DA:551,4
DA:552,4
DA:553,4
DA:554,4
DA:555,4
DA:556,1
DA:557,1
DA:559,1
DA:560,1
DA:563,3
DA:564,1
DA:566,3
DA:567,2
DA:570,4
DA:571,4
DA:572,4
DA:573,12
DA:574,12
DA:575,12
DA:577,0
DA:578,0
DA:579,0
DA:580,0
DA:582,0
DA:583,0
DA:585,0
DA:586,0
DA:587,0
DA:590,0
DA:591,0
DA:592,0
DA:594,0
DA:595,0
DA:596,0
DA:597,0
DA:599,0
DA:600,0
DA:601,0
DA:605,0
DA:607,4
DA:608,4
DA:609,4
DA:610,2
DA:612,2
DA:613,1
DA:614,1
DA:615,0
DA:616,0
DA:617,0
DA:620,1
DA:621,1
DA:622,1
DA:625,1
DA:627,4
DA:628,4
DA:629,4
DA:630,4
DA:631,4
DA:632,4
DA:633,4
DA:634,4
DA:635,4
DA:636,4
DA:637,0
DA:639,4
DA:641,4
DA:642,4
DA:643,4
DA:644,4
DA:647,4
DA:648,4
DA:649,0
DA:651,4
DA:652,4
DA:653,4
DA:654,4
DA:655,4
DA:656,4
DA:657,4
DA:658,2
DA:660,4
DA:661,2
DA:663,4
DA:664,4
DA:665,2
DA:667,4
DA:668,4
DA:669,2
DA:671,4
DA:672,4
DA:673,4
DA:674,1
DA:676,3
DA:677,5
DA:678,5
DA:679,5
DA:682,4
DA:683,4
DA:687,4
DA:691,4
DA:697,4
DA:698,4
DA:701,4
DA:703,4
DA:716,4
DA:717,4
DA:718,4
DA:719,4
DA:720,4
DA:721,4
DA:722,0
DA:723,0
DA:724,0
DA:725,4
DA:726,0
DA:728,4
DA:729,4
DA:730,4
DA:731,0
DA:733,4
DA:734,4
DA:735,0
DA:737,4
DA:738,4
DA:739,0
DA:741,4
DA:742,4
DA:743,0
DA:745,4
DA:746,4
DA:747,0
DA:749,4
DA:750,4
DA:751,0
DA:753,4
DA:754,4
DA:755,0
DA:757,4
DA:758,4
DA:759,0
DA:761,4
DA:762,4
DA:763,4
DA:764,4
DA:765,0
DA:766,0
DA:767,0
DA:768,0
DA:771,4
DA:772,0
DA:774,4
DA:775,4
DA:776,0
DA:777,0
DA:778,0
DA:779,0
DA:782,4
DA:783,0
DA:785,4
DA:786,4
DA:787,4
DA:788,4
DA:789,4
DA:790,0
DA:791,0
DA:792,0
DA:793,0
DA:796,4
DA:797,4
DA:798,0
DA:799,0
DA:801,4
DA:802,4
DA:803,0
DA:805,4
DA:806,4
DA:807,0
DA:809,4
DA:819,1
DA:826,0
DA:827,0
DA:828,0
DA:829,0
DA:830,0
DA:831,0
DA:833,0
DA:844,0
LF:442
LH:190
BRDA:8,0,0,0
BRDA:8,0,1,2
BRDA:8,0,2,1
BRDA:8,0,3,1
BRDA:25,1,0,0
BRDA:27,2,0,0
BRDA:27,2,1,0
BRDA:27,3,0,0
BRDA:27,3,1,0
BRDA:27,3,2,0
BRDA:27,3,3,0
BRDA:74,4,0,0
BRDA:74,4,1,0
BRDA:74,5,0,0
BRDA:74,5,1,0
BRDA:77,6,0,0
BRDA:79,7,0,0
BRDA:79,7,1,0
BRDA:79,7,2,0
BRDA:79,7,3,0
BRDA:79,7,4,0
BRDA:79,7,5,0
BRDA:79,7,6,0
BRDA:79,7,7,0
BRDA:109,8,0,0
BRDA:109,9,0,0
BRDA:115,10,0,0
BRDA:115,10,1,0
BRDA:115,11,0,0
BRDA:115,11,1,0
BRDA:134,12,0,0
BRDA:134,12,1,0
BRDA:157,13,0,0
BRDA:157,14,0,0
BRDA:160,15,0,0
BRDA:160,15,1,0
BRDA:163,16,0,0
BRDA:163,16,1,0
BRDA:189,17,0,0
BRDA:190,18,0,0
BRDA:195,19,0,0
BRDA:195,19,1,0
BRDA:198,20,0,0
BRDA:198,20,1,0
BRDA:221,21,0,0
BRDA:221,22,0,0
BRDA:227,23,0,0
BRDA:227,23,1,0
BRDA:227,24,0,0
BRDA:227,24,1,0
BRDA:227,25,0,0
BRDA:227,25,1,0
BRDA:228,26,0,0
BRDA:228,26,1,0
BRDA:232,27,0,0
BRDA:232,27,1,0
BRDA:242,28,0,0
BRDA:242,28,1,0
BRDA:261,29,0,0
BRDA:264,30,0,2
BRDA:264,30,1,1
BRDA:267,31,0,1
BRDA:267,31,1,1
BRDA:269,32,0,1
BRDA:269,32,1,0
BRDA:269,33,0,1
BRDA:269,33,1,1
BRDA:293,34,0,0
BRDA:293,35,0,0
BRDA:294,36,0,0
BRDA:294,36,1,0
BRDA:299,37,0,0
BRDA:299,37,1,0
BRDA:299,38,0,0
BRDA:299,38,1,0
BRDA:304,39,0,0
BRDA:304,39,1,0
BRDA:308,40,0,0
BRDA:308,40,1,0
BRDA:310,41,0,0
BRDA:310,41,1,0
BRDA:318,42,0,0
BRDA:318,42,1,0
BRDA:341,43,0,0
BRDA:342,44,0,0
BRDA:342,44,1,0
BRDA:345,45,0,0
BRDA:345,45,1,0
BRDA:345,46,0,0
BRDA:345,46,1,0
BRDA:355,47,0,0
BRDA:355,47,1,0
BRDA:378,48,0,0
BRDA:378,49,0,0
BRDA:384,50,0,0
BRDA:384,50,1,0
BRDA:385,51,0,0
BRDA:385,51,1,0
BRDA:388,52,0,0
BRDA:388,52,1,0
BRDA:396,53,0,0
BRDA:396,53,1,0
BRDA:419,54,0,11
BRDA:419,54,1,0
BRDA:420,55,0,0
BRDA:420,55,1,11
BRDA:420,56,0,11
BRDA:420,56,1,11
BRDA:420,56,2,11
BRDA:421,57,0,0
BRDA:421,57,1,0
BRDA:423,58,0,0
BRDA:423,58,1,0
BRDA:425,59,0,11
BRDA:425,59,1,0
BRDA:427,60,0,0
BRDA:427,60,1,0
BRDA:428,61,0,0
BRDA:428,61,1,0
BRDA:429,62,0,0
BRDA:429,62,1,0
BRDA:432,63,0,0
BRDA:432,63,1,0
BRDA:435,64,0,0
BRDA:435,64,1,0
BRDA:437,65,0,0
BRDA:437,65,1,11
BRDA:438,66,0,0
BRDA:438,66,1,0
BRDA:442,67,0,0
BRDA:442,67,1,11
BRDA:447,68,0,11
BRDA:447,68,1,0
BRDA:448,69,0,1
BRDA:448,69,1,10
BRDA:449,70,0,1
BRDA:449,70,1,0
BRDA:450,71,0,1
BRDA:450,71,1,0
BRDA:454,72,0,3
BRDA:454,72,1,7
BRDA:455,73,0,3
BRDA:455,73,1,0
BRDA:458,74,0,0
BRDA:458,74,1,7
BRDA:459,75,0,0
BRDA:459,75,1,0
BRDA:462,76,0,0
BRDA:462,76,1,7
BRDA:463,77,0,0
BRDA:463,77,1,0
BRDA:466,78,0,0
BRDA:466,78,1,7
BRDA:467,79,0,0
BRDA:467,79,1,0
BRDA:467,79,2,0
BRDA:468,80,0,0
BRDA:468,80,1,0
BRDA:472,81,0,1
BRDA:472,81,1,6
BRDA:473,82,0,1
BRDA:473,82,1,0
BRDA:473,83,0,1
BRDA:473,83,1,0
BRDA:473,84,0,1
BRDA:473,84,1,1
BRDA:474,85,0,0
BRDA:474,85,1,6
BRDA:475,86,0,0
BRDA:475,86,1,0
BRDA:477,87,0,0
BRDA:477,87,1,0
BRDA:479,88,0,0
BRDA:479,88,1,6
BRDA:481,89,0,0
BRDA:481,89,1,0
BRDA:482,90,0,1
BRDA:482,90,1,5
BRDA:484,91,0,1
BRDA:484,91,1,1
BRDA:485,92,0,1
BRDA:485,92,1,0
BRDA:485,93,0,1
BRDA:485,93,1,0
BRDA:485,94,0,1
BRDA:485,94,1,1
BRDA:486,95,0,0
BRDA:486,95,1,5
BRDA:488,96,0,0
BRDA:488,96,1,0
BRDA:489,97,0,0
BRDA:489,97,1,0
BRDA:489,98,0,0
BRDA:489,98,1,0
BRDA:489,99,0,0
BRDA:489,99,1,0
BRDA:489,100,0,0
BRDA:489,100,1,0
BRDA:490,101,0,0
BRDA:490,101,1,5
BRDA:491,102,0,0
BRDA:491,102,1,0
BRDA:491,103,0,0
BRDA:491,103,1,0
BRDA:492,104,0,0
BRDA:492,104,1,5
BRDA:494,105,0,0
BRDA:494,105,1,0
BRDA:495,106,0,0
BRDA:495,106,1,0
BRDA:498,107,0,0
BRDA:498,107,1,0
BRDA:501,108,0,0
BRDA:501,108,1,0
BRDA:502,109,0,0
BRDA:502,109,1,5
BRDA:504,110,0,0
BRDA:504,110,1,5
BRDA:506,111,0,0
BRDA:506,111,1,0
BRDA:507,112,0,0
BRDA:507,112,1,0
BRDA:507,113,0,0
BRDA:507,113,1,0
BRDA:508,114,0,0
BRDA:508,114,1,5
BRDA:510,115,0,0
BRDA:510,115,1,0
BRDA:511,116,0,0
BRDA:511,116,1,0
BRDA:511,117,0,0
BRDA:511,117,1,0
BRDA:511,118,0,0
BRDA:511,118,1,0
BRDA:512,119,0,0
BRDA:512,119,1,5
BRDA:513,120,0,0
BRDA:513,120,1,0
BRDA:516,121,0,0
BRDA:516,121,1,0
BRDA:516,122,0,0
BRDA:516,122,1,0
BRDA:520,123,0,0
BRDA:520,123,1,5
BRDA:521,124,0,0
BRDA:521,124,1,0
BRDA:522,125,0,4
BRDA:522,125,1,1
BRDA:524,126,0,0
BRDA:524,126,1,1
BRDA:525,127,0,0
BRDA:525,127,1,0
BRDA:526,128,0,0
BRDA:526,128,1,0
BRDA:528,129,0,0
BRDA:528,129,1,0
BRDA:528,130,0,0
BRDA:528,130,1,0
BRDA:528,131,0,0
BRDA:528,131,1,0
BRDA:551,132,0,4
BRDA:551,132,1,3
BRDA:552,133,0,2
BRDA:552,133,1,2
BRDA:553,134,0,3
BRDA:553,134,1,1
BRDA:555,135,0,1
BRDA:555,135,1,3
BRDA:556,136,0,1
BRDA:556,136,1,0
BRDA:559,137,0,1
BRDA:559,137,1,0
BRDA:563,138,0,1
BRDA:563,138,1,2
BRDA:566,139,0,2
BRDA:566,139,1,1
BRDA:570,140,0,1
BRDA:570,140,1,3
BRDA:573,141,0,12
BRDA:573,141,1,2
BRDA:574,142,0,12
BRDA:574,142,1,0
BRDA:574,143,0,12
BRDA:574,143,1,12
BRDA:577,144,0,0
BRDA:577,144,1,0
BRDA:579,145,0,0
BRDA:579,145,1,0
BRDA:582,146,0,0
BRDA:582,146,1,0
BRDA:586,147,0,0
BRDA:586,147,1,0
BRDA:590,148,0,0
BRDA:590,148,1,0
BRDA:590,149,0,0
BRDA:590,149,1,0
BRDA:591,150,0,0
BRDA:591,150,1,0
BRDA:591,151,0,0
BRDA:591,151,1,0
BRDA:594,152,0,0
BRDA:594,152,1,0
BRDA:596,153,0,0
BRDA:596,153,1,0
BRDA:600,154,0,0
BRDA:600,154,1,0
BRDA:609,155,0,2
BRDA:609,155,1,2
BRDA:609,156,0,4
BRDA:609,156,1,2
BRDA:612,157,0,1
BRDA:612,157,1,1
BRDA:614,158,0,0
BRDA:614,158,1,1
BRDA:616,159,0,0
BRDA:616,159,1,0
BRDA:621,160,0,1
BRDA:621,160,1,0
BRDA:629,161,0,4
BRDA:629,161,1,0
BRDA:629,162,0,4
BRDA:629,162,1,2
BRDA:630,163,0,4
BRDA:630,163,1,0
BRDA:630,164,0,4
BRDA:630,164,1,2
BRDA:633,165,0,4
BRDA:633,165,1,4
BRDA:634,166,0,4
BRDA:634,166,1,0
BRDA:636,167,0,0
BRDA:636,167,1,4
BRDA:643,168,0,4
BRDA:643,168,1,4
BRDA:644,169,0,0
BRDA:644,169,1,4
BRDA:645,170,0,0
BRDA:645,170,1,0
BRDA:648,171,0,0
BRDA:648,171,1,4
BRDA:657,172,0,2
BRDA:657,172,1,2
BRDA:660,173,0,2
BRDA:660,173,1,2
BRDA:664,174,0,2
BRDA:664,174,1,2
BRDA:668,175,0,2
BRDA:668,175,1,2
BRDA:673,176,0,1
BRDA:673,176,1,3
BRDA:673,177,0,4
BRDA:673,177,1,3
BRDA:677,178,0,5
BRDA:677,178,1,0
BRDA:678,179,0,5
BRDA:678,179,1,0
BRDA:697,180,0,1
BRDA:697,180,1,3
BRDA:698,181,0,1
BRDA:698,181,1,3
BRDA:715,182,0,0
BRDA:717,183,0,4
BRDA:717,183,1,4
BRDA:718,184,0,4
BRDA:718,184,1,4
BRDA:718,184,2,4
BRDA:719,185,0,4
BRDA:719,185,1,4
BRDA:720,186,0,4
BRDA:720,186,1,4
BRDA:721,187,0,0
BRDA:721,187,1,4
BRDA:725,188,0,0
BRDA:725,188,1,4
BRDA:728,189,0,4
BRDA:728,189,1,4
BRDA:729,190,0,4
BRDA:729,190,1,4
BRDA:730,191,0,0
BRDA:730,191,1,4
BRDA:733,192,0,4
BRDA:733,192,1,4
BRDA:734,193,0,0
BRDA:734,193,1,4
BRDA:737,194,0,4
BRDA:737,194,1,4
BRDA:738,195,0,0
BRDA:738,195,1,4
BRDA:741,196,0,4
BRDA:741,196,1,4
BRDA:742,197,0,0
BRDA:742,197,1,4
BRDA:745,198,0,4
BRDA:745,198,1,4
BRDA:746,199,0,0
BRDA:746,199,1,4
BRDA:749,200,0,4
BRDA:749,200,1,4
BRDA:750,201,0,0
BRDA:750,201,1,4
BRDA:753,202,0,4
BRDA:753,202,1,4
BRDA:754,203,0,0
BRDA:754,203,1,4
BRDA:757,204,0,4
BRDA:757,204,1,4
BRDA:758,205,0,0
BRDA:758,205,1,4
BRDA:761,206,0,4
BRDA:761,206,1,4
BRDA:762,207,0,4
BRDA:762,207,1,4
BRDA:763,208,0,4
BRDA:763,208,1,4
BRDA:764,209,0,0
BRDA:764,209,1,4
BRDA:764,210,0,4
BRDA:764,210,1,0
BRDA:767,211,0,0
BRDA:767,211,1,0
BRDA:771,212,0,0
BRDA:771,212,1,4
BRDA:774,213,0,4
BRDA:774,213,1,4
BRDA:775,214,0,0
BRDA:775,214,1,4
BRDA:775,215,0,4
BRDA:775,215,1,0
BRDA:778,216,0,0
BRDA:778,216,1,0
BRDA:782,217,0,0
BRDA:782,217,1,4
BRDA:785,218,0,4
BRDA:785,218,1,4
BRDA:785,218,2,4
BRDA:786,219,0,4
BRDA:786,219,1,4
BRDA:787,220,0,4
BRDA:787,220,1,4
BRDA:788,221,0,4
BRDA:788,221,1,4
BRDA:789,222,0,0
BRDA:789,222,1,4
BRDA:789,223,0,4
BRDA:789,223,1,0
BRDA:790,224,0,0
BRDA:790,224,1,0
BRDA:791,225,0,0
BRDA:791,225,1,0
BRDA:792,226,0,0
BRDA:792,226,1,0
BRDA:792,227,0,0
BRDA:792,227,1,0
BRDA:793,228,0,0
BRDA:793,228,1,0
BRDA:796,229,0,4
BRDA:796,229,1,4
BRDA:797,230,0,0
BRDA:797,230,1,4
BRDA:798,231,0,0
BRDA:798,231,1,0
BRDA:802,232,0,0
BRDA:802,232,1,4
BRDA:802,233,0,4
BRDA:802,233,1,0
BRDA:803,234,0,0
BRDA:803,234,1,0
BRDA:805,235,0,4
BRDA:805,235,1,4
BRDA:806,236,0,0
BRDA:806,236,1,4
BRDA:807,237,0,0
BRDA:807,237,1,0
BRDA:818,238,0,0
BRDA:829,239,0,0
BRDA:829,239,1,0
BRDA:829,240,0,0
BRDA:829,240,1,0
BRDA:829,240,2,0
BRDA:831,241,0,0
BRDA:831,241,1,0
BRDA:843,242,0,0
BRF:482
BRH:187
end_of_record
TN:
SF:js\utils\object.js
FN:8,deepClone
FN:21,deepMerge
FN:29,(anonymous_2)
FN:48,getNestedValue
FN:53,(anonymous_4)
FN:56,setNestedValue
FN:75,deleteNestedValue
FN:91,pruneEmptyValues
FN:95,(anonymous_8)
FNF:9
FNH:2
FNDA:1,deepClone
FNDA:2,deepMerge
FNDA:0,(anonymous_2)
FNDA:0,getNestedValue
FNDA:0,(anonymous_4)
FNDA:0,setNestedValue
FNDA:0,deleteNestedValue
FNDA:0,pruneEmptyValues
FNDA:0,(anonymous_8)
DA:9,1
DA:10,0
DA:12,1
DA:22,2
DA:23,2
DA:24,0
DA:26,2
DA:27,3
DA:28,3
DA:29,0
DA:30,0
DA:32,0
DA:34,3
DA:35,1
DA:36,1
DA:37,1
DA:38,1
DA:40,2
DA:41,2
DA:45,2
DA:49,0
DA:50,0
DA:52,0
DA:53,0
DA:57,0
DA:58,0
DA:60,0
DA:61,0
DA:62,0
DA:63,0
DA:64,0
DA:65,0
DA:66,0
DA:68,0
DA:69,0
DA:71,0
DA:76,0
DA:77,0
DA:79,0
DA:80,0
DA:81,0
DA:82,0
DA:83,0
DA:84,0
DA:86,0
DA:88,0
DA:92,0
DA:93,0
DA:95,0
DA:96,0
DA:97,0
DA:98,0
DA:99,0
DA:100,0
DA:102,0
DA:103,0
LF:56
LH:15
BRDA:9,0,0,0
BRDA:9,0,1,1
BRDA:21,1,0,0
BRDA:23,2,0,0
BRDA:23,2,1,2
BRDA:23,3,0,2
BRDA:23,3,1,2
BRDA:28,4,0,0
BRDA:28,4,1,3
BRDA:30,5,0,0
BRDA:30,5,1,0
BRDA:30,6,0,0
BRDA:30,6,1,0
BRDA:34,7,0,1
BRDA:34,7,1,2
BRDA:34,8,0,3
BRDA:34,8,1,3
BRDA:36,9,0,1
BRDA:36,9,1,0
BRDA:36,10,0,1
BRDA:36,10,1,1
BRDA:40,11,0,2
BRDA:40,11,1,0
BRDA:49,12,0,0
BRDA:49,12,1,0
BRDA:52,13,0,0
BRDA:52,13,1,0
BRDA:53,14,0,0
BRDA:53,14,1,0
BRDA:57,15,0,0
BRDA:57,15,1,0
BRDA:60,16,0,0
BRDA:60,16,1,0
BRDA:64,17,0,0
BRDA:64,17,1,0
BRDA:68,18,0,0
BRDA:68,18,1,0
BRDA:68,19,0,0
BRDA:68,19,1,0
BRDA:76,20,0,0
BRDA:76,20,1,0
BRDA:79,21,0,0
BRDA:79,21,1,0
BRDA:83,22,0,0
BRDA:83,22,1,0
BRDA:83,23,0,0
BRDA:83,23,1,0
BRDA:92,24,0,0
BRDA:92,24,1,0
BRDA:92,25,0,0
BRDA:92,25,1,0
BRDA:97,26,0,0
BRDA:97,26,1,0
BRDA:97,27,0,0
BRDA:97,27,1,0
BRDA:99,28,0,0
BRDA:99,28,1,0
BRDA:102,29,0,0
BRDA:102,29,1,0
BRDA:102,30,0,0
BRDA:102,30,1,0
BRDA:102,30,2,0
BRF:62
BRH:13
end_of_record
TN:
SF:js\utils\strings.js
FN:1,escapeHtml
FNF:1
FNH:1
FNDA:4,escapeHtml
DA:2,4
DA:3,3
DA:5,1
LF:3
LH:3
BRDA:2,0,0,3
BRDA:2,0,1,1
BRF:2
BRH:2
end_of_record
TN:
SF:js\utils\styles.js
FN:1,toRem
FN:8,(anonymous_1)
FN:26,resolveSpacingValue
FN:53,resolveLetterSpacing
FN:70,resolveLineHeight
FN:89,resolveTypographySize
FN:111,resolveFontWeight
FNF:7
FNH:7
FNDA:5,toRem
FNDA:3,(anonymous_1)
FNDA:3,resolveSpacingValue
FNDA:2,resolveLetterSpacing
FNDA:2,resolveLineHeight
FNDA:2,resolveTypographySize
FNDA:2,resolveFontWeight
DA:2,5
DA:3,3
DA:5,2
DA:6,2
DA:9,3
DA:10,3
DA:14,0
DA:17,1
DA:27,3
DA:28,0
DA:30,3
DA:31,1
DA:33,2
DA:34,1
DA:36,1
DA:37,1
DA:39,0
DA:40,0
DA:41,0
DA:43,0
DA:46,1
DA:54,2
DA:55,0
DA:57,2
DA:58,1
DA:60,1
DA:63,1
DA:71,2
DA:72,0
DA:74,2
DA:75,1
DA:77,1
DA:79,1
DA:90,2
DA:91,0
DA:93,2
DA:94,1
DA:96,1
DA:97,1
DA:99,0
DA:102,1
DA:112,2
DA:113,0
DA:115,2
DA:116,1
DA:118,1
LF:46
LH:35
BRDA:2,0,0,3
BRDA:2,0,1,2
BRDA:5,1,0,2
BRDA:5,1,1,0
BRDA:10,2,0,0
BRDA:10,2,1,3
BRDA:27,3,0,0
BRDA:27,3,1,3
BRDA:27,4,0,3
BRDA:27,4,1,3
BRDA:27,4,2,3
BRDA:30,5,0,1
BRDA:30,5,1,2
BRDA:33,6,0,1
BRDA:33,6,1,1
BRDA:36,7,0,1
BRDA:36,7,1,0
BRDA:40,8,0,0
BRDA:40,8,1,0
BRDA:40,9,0,0
BRDA:40,9,1,0
BRDA:54,10,0,0
BRDA:54,10,1,2
BRDA:57,11,0,1
BRDA:57,11,1,1
BRDA:71,12,0,0
BRDA:71,12,1,2
BRDA:74,13,0,1
BRDA:74,13,1,1
BRDA:90,14,0,0
BRDA:90,14,1,2
BRDA:93,15,0,1
BRDA:93,15,1,1
BRDA:96,16,0,1
BRDA:96,16,1,0
BRDA:112,17,0,0
BRDA:112,17,1,2
BRDA:115,18,0,1
BRDA:115,18,1,1
BRF:39
BRH:26
end_of_record
TN:
SF:js\utils\timing.js
FN:1,debounce
FN:3,(anonymous_1)
FN:7,(anonymous_2)
FNF:3
FNH:3
FNDA:2,debounce
FNDA:5,(anonymous_1)
FNDA:2,(anonymous_2)
DA:2,2
DA:3,2
DA:4,5
DA:5,3
DA:7,5
DA:8,2
LF:6
LH:6
BRDA:1,0,0,0
BRDA:4,1,0,3
BRDA:4,1,1,2
BRF:3
BRH:2
end_of_record
